2024-11-16 02:35:13.353 [info] Extension host with pid 19825 started
2024-11-16 02:35:13.354 [info] Skipping acquiring lock for /home/spaced/.config/Windsurf/User/workspaceStorage/cdf517695c62a7f89a66f5f8a756cdfb.
2024-11-16 02:35:13.407 [info] ExtensionService#_doActivateExtension vscode.git-base, startup: false, activationEvent: 'onView:windsurf.chatPanelView', root cause: codeium.windsurf
2024-11-16 02:35:13.410 [info] ExtensionService#_doActivateExtension vscode.emmet, startup: false, activationEvent: 'onLanguage'
2024-11-16 02:35:13.471 [info] ExtensionService#_doActivateExtension vscode.git, startup: false, activationEvent: 'onView:windsurf.chatPanelView', root cause: codeium.windsurf
2024-11-16 02:35:13.569 [info] ExtensionService#_doActivateExtension codeium.windsurf, startup: false, activationEvent: 'onView:windsurf.chatPanelView'
2024-11-16 02:35:13.870 [warning] [Decorations] CAPPING events from decorations provider vscode.git 1266
2024-11-16 02:35:14.403 [info] ExtensionService#_doActivateExtension vscode.github, startup: true, activationEvent: '*'
2024-11-16 02:35:14.445 [info] Eager extensions activated
2024-11-16 02:35:14.455 [info] ExtensionService#_doActivateExtension vscode.debug-auto-launch, startup: false, activationEvent: 'onStartupFinished'
2024-11-16 02:35:14.456 [info] ExtensionService#_doActivateExtension vscode.merge-conflict, startup: false, activationEvent: 'onStartupFinished'
2024-11-16 02:35:14.470 [info] ExtensionService#_doActivateExtension Codeium.windsurf-dev-containers, startup: false, activationEvent: 'onStartupFinished'
2024-11-16 02:35:14.512 [warning] [Decorations] CAPPING events from decorations provider vscode.git 1266
2024-11-16 02:35:14.911 [info] ExtensionService#_doActivateExtension vscode.configuration-editing, startup: false, activationEvent: 'onLanguage:jsonc'
2024-11-16 02:35:14.934 [info] ExtensionService#_doActivateExtension vscode.json-language-features, startup: false, activationEvent: 'onLanguage:jsonc'
2024-11-16 02:35:14.980 [info] ExtensionService#_doActivateExtension vscode.typescript-language-features, startup: false, activationEvent: 'onLanguage:jsonc'
2024-11-16 02:35:15.475 [error] ConnectError: [invalid_argument] validation error:
 - metadata.api_key: value length must be at least 1 characters [string.min_len]: validation error:
 - metadata.api_key: value length must be at least 1 characters [string.min_len]
	at c (/home/spaced/Windsurf/resources/app/extensions/windsurf/dist/extension.js:2:2648634)
	at u (/home/spaced/Windsurf/resources/app/extensions/windsurf/dist/extension.js:2:2649030)
	at next (/home/spaced/Windsurf/resources/app/extensions/windsurf/dist/extension.js:2:2655252)
	at process.processTicksAndRejections (node:internal/process/task_queues:95:5)
	at async Object.unary (/home/spaced/Windsurf/resources/app/extensions/windsurf/dist/extension.js:2:2654220)
	at async Object.refreshContextForIdeAction (/home/spaced/Windsurf/resources/app/extensions/windsurf/dist/extension.js:2:2641868)
	at async /home/spaced/Windsurf/resources/app/extensions/windsurf/dist/extension.js:2:1744395
2024-11-16 02:35:17.204 [warning] [Decorations] CAPPING events from decorations provider vscode.git 1269
2024-11-16 02:35:22.232 [warning] [Decorations] CAPPING events from decorations provider vscode.git 1269
2024-11-16 02:35:27.256 [warning] [Decorations] CAPPING events from decorations provider vscode.git 1269
2024-11-16 02:35:48.243 [warning] [Decorations] CAPPING events from decorations provider vscode.git 1269
2024-11-16 02:35:53.272 [warning] [Decorations] CAPPING events from decorations provider vscode.git 1269
2024-11-16 02:35:55.880 [info] Extension host terminating: renderer closed the MessagePort
2024-11-16 02:35:55.897 [error] Canceled: Canceled
	at new PA (file:///home/spaced/Windsurf/resources/app/out/vs/workbench/api/node/extensionHostProcess.js:31:110365)
	at ay.U (file:///home/spaced/Windsurf/resources/app/out/vs/workbench/api/node/extensionHostProcess.js:31:114977)
	at s.<computed>.n.charCodeAt.s.<computed> (file:///home/spaced/Windsurf/resources/app/out/vs/workbench/api/node/extensionHostProcess.js:31:112471)
	at R0.g (file:///home/spaced/Windsurf/resources/app/out/vs/workbench/api/node/extensionHostProcess.js:114:32325)
	at R0.executeCommand (file:///home/spaced/Windsurf/resources/app/out/vs/workbench/api/node/extensionHostProcess.js:114:31826)
	at r.registerCommand.description (file:///home/spaced/Windsurf/resources/app/out/vs/workbench/api/node/extensionHostProcess.js:114:31156)
	at R0.h (file:///home/spaced/Windsurf/resources/app/out/vs/workbench/api/node/extensionHostProcess.js:114:32845)
	at R0.g (file:///home/spaced/Windsurf/resources/app/out/vs/workbench/api/node/extensionHostProcess.js:114:31919)
	at R0.executeCommand (file:///home/spaced/Windsurf/resources/app/out/vs/workbench/api/node/extensionHostProcess.js:114:31826)
	at Object.executeCommand (file:///home/spaced/Windsurf/resources/app/out/vs/workbench/api/node/extensionHostProcess.js:156:44553)
	at gh.O [as value] (/home/spaced/Windsurf/resources/app/extensions/git/dist/main.js:2:953034)
	at T.B (file:///home/spaced/Windsurf/resources/app/out/vs/workbench/api/node/extensionHostProcess.js:29:732)
	at T.C (file:///home/spaced/Windsurf/resources/app/out/vs/workbench/api/node/extensionHostProcess.js:29:802)
	at T.fire (file:///home/spaced/Windsurf/resources/app/out/vs/workbench/api/node/extensionHostProcess.js:29:1019)
	at Object.p [as dispose] (/home/spaced/Windsurf/resources/app/extensions/git/dist/main.js:2:973612)
	at /home/spaced/Windsurf/resources/app/extensions/git/dist/main.js:2:979734
	at Array.forEach (<anonymous>)
	at f.dispose (/home/spaced/Windsurf/resources/app/extensions/git/dist/main.js:2:979720)
	at A1.<anonymous> (file:///home/spaced/Windsurf/resources/app/out/vs/workbench/api/node/extensionHostProcess.js:108:19996)
	at A1.dispose (file:///home/spaced/Windsurf/resources/app/out/vs/workbench/api/node/extensionHostProcess.js:108:20092)
	at A1.<anonymous> (/home/spaced/Windsurf/resources/app/extensions/git/dist/main.js:2:955332)
	at A1.dispose (file:///home/spaced/Windsurf/resources/app/out/vs/workbench/api/node/extensionHostProcess.js:108:20092)
	at $i (file:///home/spaced/Windsurf/resources/app/out/vs/workbench/api/node/extensionHostProcess.js:24:701)
	at file:///home/spaced/Windsurf/resources/app/out/vs/workbench/api/node/extensionHostProcess.js:118:15143
	at file:///home/spaced/Windsurf/resources/app/out/vs/workbench/api/node/extensionHostProcess.js:24:1011
	at Object.dispose (file:///home/spaced/Windsurf/resources/app/out/vs/workbench/api/node/extensionHostProcess.js:7:2146)
	at QB.eb (file:///home/spaced/Windsurf/resources/app/out/vs/workbench/api/node/extensionHostProcess.js:118:12070)
	at file:///home/spaced/Windsurf/resources/app/out/vs/workbench/api/node/extensionHostProcess.js:118:10025
	at Array.map (<anonymous>)
	at QB.$ (file:///home/spaced/Windsurf/resources/app/out/vs/workbench/api/node/extensionHostProcess.js:118:10013)
	at QB.terminate (file:///home/spaced/Windsurf/resources/app/out/vs/workbench/api/node/extensionHostProcess.js:118:10256)
	at Q3.terminate (file:///home/spaced/Windsurf/resources/app/out/vs/workbench/api/node/extensionHostProcess.js:119:1424)
	at ps (file:///home/spaced/Windsurf/resources/app/out/vs/workbench/api/node/extensionHostProcess.js:174:15058)
	at MessagePortMain.<anonymous> (file:///home/spaced/Windsurf/resources/app/out/vs/workbench/api/node/extensionHostProcess.js:174:11603)
	at MessagePortMain.emit (node:events:519:28)
	at MessagePortMain._internalPort.emit (node:electron/js2c/utility_init:2:2619) setContext undefined
2024-11-16 02:35:55.898 [error] Canceled: Canceled
	at new PA (file:///home/spaced/Windsurf/resources/app/out/vs/workbench/api/node/extensionHostProcess.js:31:110365)
	at ay.U (file:///home/spaced/Windsurf/resources/app/out/vs/workbench/api/node/extensionHostProcess.js:31:114977)
	at s.<computed>.n.charCodeAt.s.<computed> (file:///home/spaced/Windsurf/resources/app/out/vs/workbench/api/node/extensionHostProcess.js:31:112471)
	at R0.g (file:///home/spaced/Windsurf/resources/app/out/vs/workbench/api/node/extensionHostProcess.js:114:32325)
	at R0.executeCommand (file:///home/spaced/Windsurf/resources/app/out/vs/workbench/api/node/extensionHostProcess.js:114:31826)
	at r.registerCommand.description (file:///home/spaced/Windsurf/resources/app/out/vs/workbench/api/node/extensionHostProcess.js:114:31156)
	at R0.h (file:///home/spaced/Windsurf/resources/app/out/vs/workbench/api/node/extensionHostProcess.js:114:32845)
	at R0.g (file:///home/spaced/Windsurf/resources/app/out/vs/workbench/api/node/extensionHostProcess.js:114:31919)
	at R0.executeCommand (file:///home/spaced/Windsurf/resources/app/out/vs/workbench/api/node/extensionHostProcess.js:114:31826)
	at Object.executeCommand (file:///home/spaced/Windsurf/resources/app/out/vs/workbench/api/node/extensionHostProcess.js:156:44553)
	at set hasGitHubRepositories (/home/spaced/Windsurf/resources/app/extensions/github/dist/extension.js:2:321578)
	at /home/spaced/Windsurf/resources/app/extensions/github/dist/extension.js:2:322537
	at gh.value (/home/spaced/Windsurf/resources/app/extensions/git/dist/main.js:2:1061875)
	at T.B (file:///home/spaced/Windsurf/resources/app/out/vs/workbench/api/node/extensionHostProcess.js:29:732)
	at T.C (file:///home/spaced/Windsurf/resources/app/out/vs/workbench/api/node/extensionHostProcess.js:29:802)
	at T.fire (file:///home/spaced/Windsurf/resources/app/out/vs/workbench/api/node/extensionHostProcess.js:29:1019)
	at Object.p [as dispose] (/home/spaced/Windsurf/resources/app/extensions/git/dist/main.js:2:973612)
	at /home/spaced/Windsurf/resources/app/extensions/git/dist/main.js:2:979734
	at Array.forEach (<anonymous>)
	at f.dispose (/home/spaced/Windsurf/resources/app/extensions/git/dist/main.js:2:979720)
	at A1.<anonymous> (file:///home/spaced/Windsurf/resources/app/out/vs/workbench/api/node/extensionHostProcess.js:108:19996)
	at A1.dispose (file:///home/spaced/Windsurf/resources/app/out/vs/workbench/api/node/extensionHostProcess.js:108:20092)
	at A1.<anonymous> (/home/spaced/Windsurf/resources/app/extensions/git/dist/main.js:2:955332)
	at A1.dispose (file:///home/spaced/Windsurf/resources/app/out/vs/workbench/api/node/extensionHostProcess.js:108:20092)
	at $i (file:///home/spaced/Windsurf/resources/app/out/vs/workbench/api/node/extensionHostProcess.js:24:701)
	at file:///home/spaced/Windsurf/resources/app/out/vs/workbench/api/node/extensionHostProcess.js:118:15143
	at file:///home/spaced/Windsurf/resources/app/out/vs/workbench/api/node/extensionHostProcess.js:24:1011
	at Object.dispose (file:///home/spaced/Windsurf/resources/app/out/vs/workbench/api/node/extensionHostProcess.js:7:2146)
	at QB.eb (file:///home/spaced/Windsurf/resources/app/out/vs/workbench/api/node/extensionHostProcess.js:118:12070)
	at file:///home/spaced/Windsurf/resources/app/out/vs/workbench/api/node/extensionHostProcess.js:118:10025
	at Array.map (<anonymous>)
	at QB.$ (file:///home/spaced/Windsurf/resources/app/out/vs/workbench/api/node/extensionHostProcess.js:118:10013)
	at QB.terminate (file:///home/spaced/Windsurf/resources/app/out/vs/workbench/api/node/extensionHostProcess.js:118:10256)
	at Q3.terminate (file:///home/spaced/Windsurf/resources/app/out/vs/workbench/api/node/extensionHostProcess.js:119:1424)
	at ps (file:///home/spaced/Windsurf/resources/app/out/vs/workbench/api/node/extensionHostProcess.js:174:15058)
	at MessagePortMain.<anonymous> (file:///home/spaced/Windsurf/resources/app/out/vs/workbench/api/node/extensionHostProcess.js:174:11603)
	at MessagePortMain.emit (node:events:519:28)
	at MessagePortMain._internalPort.emit (node:electron/js2c/utility_init:2:2619) setContext undefined
2024-11-16 02:35:55.900 [info] Extension host with pid 19825 exiting with code 0
2024-11-16 02:35:56.708 [info] Extension host with pid 20155 started
2024-11-16 02:35:56.708 [info] Skipping acquiring lock for /home/spaced/.config/Windsurf/User/workspaceStorage/691dcb165dd3b5627ae338e012ef1398.
2024-11-16 02:35:56.743 [info] ExtensionService#_doActivateExtension vscode.git-base, startup: false, activationEvent: 'onView:windsurf.chatPanelView', root cause: codeium.windsurf
2024-11-16 02:35:56.746 [info] ExtensionService#_doActivateExtension vscode.emmet, startup: false, activationEvent: 'onLanguage'
2024-11-16 02:35:56.756 [info] ExtensionService#_doActivateExtension vscode.typescript-language-features, startup: false, activationEvent: 'onLanguage:javascript'
2024-11-16 02:35:56.931 [info] ExtensionService#_doActivateExtension vscode.git, startup: false, activationEvent: 'onView:windsurf.chatPanelView', root cause: codeium.windsurf
2024-11-16 02:35:57.052 [info] ExtensionService#_doActivateExtension codeium.windsurf, startup: false, activationEvent: 'onView:windsurf.chatPanelView'
2024-11-16 02:35:57.725 [info] ExtensionService#_doActivateExtension vscode.github, startup: true, activationEvent: '*'
2024-11-16 02:35:57.931 [info] Eager extensions activated
2024-11-16 02:35:57.935 [info] ExtensionService#_doActivateExtension vscode.debug-auto-launch, startup: false, activationEvent: 'onStartupFinished'
2024-11-16 02:35:57.936 [info] ExtensionService#_doActivateExtension vscode.merge-conflict, startup: false, activationEvent: 'onStartupFinished'
2024-11-16 02:35:57.949 [info] ExtensionService#_doActivateExtension Codeium.windsurf-dev-containers, startup: false, activationEvent: 'onStartupFinished'
2024-11-16 02:35:58.248 [info] ExtensionService#_doActivateExtension vscode.configuration-editing, startup: false, activationEvent: 'onLanguage:jsonc'
2024-11-16 02:35:58.262 [info] ExtensionService#_doActivateExtension vscode.json-language-features, startup: false, activationEvent: 'onLanguage:jsonc'
2024-11-16 02:35:58.955 [error] ConnectError: [invalid_argument] validation error:
 - metadata.api_key: value length must be at least 1 characters [string.min_len]: validation error:
 - metadata.api_key: value length must be at least 1 characters [string.min_len]
	at c (/home/spaced/Windsurf/resources/app/extensions/windsurf/dist/extension.js:2:2648634)
	at u (/home/spaced/Windsurf/resources/app/extensions/windsurf/dist/extension.js:2:2649030)
	at next (/home/spaced/Windsurf/resources/app/extensions/windsurf/dist/extension.js:2:2655252)
	at process.processTicksAndRejections (node:internal/process/task_queues:95:5)
	at async Object.unary (/home/spaced/Windsurf/resources/app/extensions/windsurf/dist/extension.js:2:2654220)
	at async Object.refreshContextForIdeAction (/home/spaced/Windsurf/resources/app/extensions/windsurf/dist/extension.js:2:2641868)
	at async /home/spaced/Windsurf/resources/app/extensions/windsurf/dist/extension.js:2:1744395
2024-11-16 02:43:43.032 [info] Extension host terminating: renderer closed the MessagePort
2024-11-16 02:43:43.061 [info] Extension host with pid 20155 exiting with code 0
2024-11-16 02:43:43.500 [info] Extension host with pid 20561 started
2024-11-16 02:43:43.500 [info] Skipping acquiring lock for /home/spaced/.config/Windsurf/User/workspaceStorage/945fd4064761eccea6cf5ad3d4355fa3.
2024-11-16 02:43:43.507 [info] ExtensionService#_doActivateExtension vscode.emmet, startup: false, activationEvent: 'onLanguage'
2024-11-16 02:43:43.518 [info] ExtensionService#_doActivateExtension vscode.typescript-language-features, startup: false, activationEvent: 'onLanguage:javascript'
2024-11-16 02:43:43.557 [info] ExtensionService#_doActivateExtension vscode.git-base, startup: false, activationEvent: 'onView:windsurf.chatPanelView', root cause: codeium.windsurf
2024-11-16 02:43:43.558 [info] ExtensionService#_doActivateExtension vscode.configuration-editing, startup: false, activationEvent: 'onLanguage:jsonc'
2024-11-16 02:43:43.565 [info] ExtensionService#_doActivateExtension vscode.json-language-features, startup: false, activationEvent: 'onLanguage:jsonc'
2024-11-16 02:43:43.603 [info] ExtensionService#_doActivateExtension vscode.extension-editing, startup: false, activationEvent: 'onLanguage:json'
2024-11-16 02:43:43.613 [info] ExtensionService#_doActivateExtension vscode.npm, startup: false, activationEvent: 'onLanguage:json'
2024-11-16 02:43:43.745 [info] ExtensionService#_doActivateExtension vscode.git, startup: false, activationEvent: 'onView:windsurf.chatPanelView', root cause: codeium.windsurf
2024-11-16 02:43:43.874 [info] ExtensionService#_doActivateExtension codeium.windsurf, startup: false, activationEvent: 'onView:windsurf.chatPanelView'
2024-11-16 02:43:44.508 [info] ExtensionService#_doActivateExtension vscode.github, startup: true, activationEvent: '*'
2024-11-16 02:43:44.760 [info] Eager extensions activated
2024-11-16 02:43:44.763 [info] ExtensionService#_doActivateExtension vscode.debug-auto-launch, startup: false, activationEvent: 'onStartupFinished'
2024-11-16 02:43:44.764 [info] ExtensionService#_doActivateExtension vscode.merge-conflict, startup: false, activationEvent: 'onStartupFinished'
2024-11-16 02:43:44.777 [info] ExtensionService#_doActivateExtension Codeium.windsurf-dev-containers, startup: false, activationEvent: 'onStartupFinished'
2024-11-16 02:43:45.781 [error] ConnectError: [invalid_argument] validation error:
 - metadata.api_key: value length must be at least 1 characters [string.min_len]: validation error:
 - metadata.api_key: value length must be at least 1 characters [string.min_len]
	at c (/home/spaced/Windsurf/resources/app/extensions/windsurf/dist/extension.js:2:2648634)
	at u (/home/spaced/Windsurf/resources/app/extensions/windsurf/dist/extension.js:2:2649030)
	at next (/home/spaced/Windsurf/resources/app/extensions/windsurf/dist/extension.js:2:2655252)
	at process.processTicksAndRejections (node:internal/process/task_queues:95:5)
	at async Object.unary (/home/spaced/Windsurf/resources/app/extensions/windsurf/dist/extension.js:2:2654220)
	at async Object.refreshContextForIdeAction (/home/spaced/Windsurf/resources/app/extensions/windsurf/dist/extension.js:2:2641868)
	at async /home/spaced/Windsurf/resources/app/extensions/windsurf/dist/extension.js:2:1744395
2024-11-16 02:49:52.962 [info] Extension host terminating: renderer closed the MessagePort
2024-11-16 02:49:52.981 [info] Extension host with pid 20561 exiting with code 0
2024-11-16 02:49:53.305 [info] Extension host with pid 21217 started
2024-11-16 02:49:53.305 [info] Skipping acquiring lock for /home/spaced/.config/Windsurf/User/workspaceStorage/945fd4064761eccea6cf5ad3d4355fa3.
2024-11-16 02:49:53.312 [info] ExtensionService#_doActivateExtension vscode.emmet, startup: false, activationEvent: 'onLanguage'
2024-11-16 02:49:53.324 [info] ExtensionService#_doActivateExtension vscode.typescript-language-features, startup: false, activationEvent: 'onLanguage:javascript'
2024-11-16 02:49:53.366 [info] ExtensionService#_doActivateExtension vscode.git-base, startup: false, activationEvent: 'onView:windsurf.chatPanelView', root cause: codeium.windsurf
2024-11-16 02:49:53.367 [info] ExtensionService#_doActivateExtension vscode.configuration-editing, startup: false, activationEvent: 'onLanguage:jsonc'
2024-11-16 02:49:53.374 [info] ExtensionService#_doActivateExtension vscode.json-language-features, startup: false, activationEvent: 'onLanguage:jsonc'
2024-11-16 02:49:53.412 [info] ExtensionService#_doActivateExtension vscode.extension-editing, startup: false, activationEvent: 'onLanguage:json'
2024-11-16 02:49:53.421 [info] ExtensionService#_doActivateExtension vscode.npm, startup: false, activationEvent: 'onLanguage:json'
2024-11-16 02:49:53.556 [info] ExtensionService#_doActivateExtension vscode.git, startup: false, activationEvent: 'onView:windsurf.chatPanelView', root cause: codeium.windsurf
2024-11-16 02:49:53.684 [info] ExtensionService#_doActivateExtension codeium.windsurf, startup: false, activationEvent: 'onView:windsurf.chatPanelView'
2024-11-16 02:49:54.314 [info] ExtensionService#_doActivateExtension vscode.github, startup: true, activationEvent: '*'
2024-11-16 02:49:54.551 [info] Eager extensions activated
2024-11-16 02:49:54.554 [info] ExtensionService#_doActivateExtension vscode.debug-auto-launch, startup: false, activationEvent: 'onStartupFinished'
2024-11-16 02:49:54.556 [info] ExtensionService#_doActivateExtension vscode.merge-conflict, startup: false, activationEvent: 'onStartupFinished'
2024-11-16 02:49:54.569 [info] ExtensionService#_doActivateExtension Codeium.windsurf-dev-containers, startup: false, activationEvent: 'onStartupFinished'
2024-11-16 02:49:55.591 [error] ConnectError: [invalid_argument] validation error:
 - metadata.api_key: value length must be at least 1 characters [string.min_len]: validation error:
 - metadata.api_key: value length must be at least 1 characters [string.min_len]
	at c (/home/spaced/Windsurf/resources/app/extensions/windsurf/dist/extension.js:2:2648634)
	at u (/home/spaced/Windsurf/resources/app/extensions/windsurf/dist/extension.js:2:2649030)
	at next (/home/spaced/Windsurf/resources/app/extensions/windsurf/dist/extension.js:2:2655252)
	at process.processTicksAndRejections (node:internal/process/task_queues:95:5)
	at async Object.unary (/home/spaced/Windsurf/resources/app/extensions/windsurf/dist/extension.js:2:2654220)
	at async Object.refreshContextForIdeAction (/home/spaced/Windsurf/resources/app/extensions/windsurf/dist/extension.js:2:2641868)
	at async /home/spaced/Windsurf/resources/app/extensions/windsurf/dist/extension.js:2:1744395
2024-11-16 02:49:56.807 [info] Extension host terminating: renderer closed the MessagePort
2024-11-16 02:49:56.828 [info] Extension host with pid 21217 exiting with code 0
2024-11-16 02:49:57.556 [info] Extension host with pid 21300 started
2024-11-16 02:49:57.556 [info] Skipping acquiring lock for /home/spaced/.config/Windsurf/User/workspaceStorage/f78bf3484be9af8e90edfbea2d4ff031.
2024-11-16 02:49:57.565 [info] ExtensionService#_doActivateExtension vscode.git-base, startup: false, activationEvent: 'onView:windsurf.chatPanelView', root cause: codeium.windsurf
2024-11-16 02:49:57.599 [info] ExtensionService#_doActivateExtension vscode.git, startup: false, activationEvent: 'onView:windsurf.chatPanelView', root cause: codeium.windsurf
2024-11-16 02:49:57.711 [info] ExtensionService#_doActivateExtension codeium.windsurf, startup: false, activationEvent: 'onView:windsurf.chatPanelView'
2024-11-16 02:49:58.589 [info] ExtensionService#_doActivateExtension vscode.github, startup: true, activationEvent: '*'
2024-11-16 02:49:58.628 [info] Eager extensions activated
2024-11-16 02:49:58.635 [info] ExtensionService#_doActivateExtension vscode.debug-auto-launch, startup: false, activationEvent: 'onStartupFinished'
2024-11-16 02:49:58.637 [info] ExtensionService#_doActivateExtension vscode.merge-conflict, startup: false, activationEvent: 'onStartupFinished'
2024-11-16 02:49:58.650 [info] ExtensionService#_doActivateExtension Codeium.windsurf-dev-containers, startup: false, activationEvent: 'onStartupFinished'
2024-11-16 02:49:59.078 [info] ExtensionService#_doActivateExtension vscode.configuration-editing, startup: false, activationEvent: 'onLanguage:jsonc'
2024-11-16 02:49:59.087 [info] ExtensionService#_doActivateExtension vscode.json-language-features, startup: false, activationEvent: 'onLanguage:jsonc'
2024-11-16 02:49:59.124 [info] ExtensionService#_doActivateExtension vscode.typescript-language-features, startup: false, activationEvent: 'onLanguage:jsonc'
2024-11-16 02:49:59.159 [info] ExtensionService#_doActivateExtension vscode.emmet, startup: false, activationEvent: 'onLanguage'
2024-11-16 02:49:59.613 [error] ConnectError: [invalid_argument] validation error:
 - metadata.api_key: value length must be at least 1 characters [string.min_len]: validation error:
 - metadata.api_key: value length must be at least 1 characters [string.min_len]
	at c (/home/spaced/Windsurf/resources/app/extensions/windsurf/dist/extension.js:2:2648634)
	at u (/home/spaced/Windsurf/resources/app/extensions/windsurf/dist/extension.js:2:2649030)
	at next (/home/spaced/Windsurf/resources/app/extensions/windsurf/dist/extension.js:2:2655252)
	at process.processTicksAndRejections (node:internal/process/task_queues:95:5)
	at async Object.unary (/home/spaced/Windsurf/resources/app/extensions/windsurf/dist/extension.js:2:2654220)
	at async Object.refreshContextForIdeAction (/home/spaced/Windsurf/resources/app/extensions/windsurf/dist/extension.js:2:2641868)
	at async /home/spaced/Windsurf/resources/app/extensions/windsurf/dist/extension.js:2:1744395
2024-11-16 02:50:29.403 [info] ExtensionService#_doActivateExtension vscode.css-language-features, startup: false, activationEvent: 'onLanguage:scss'
2024-11-16 02:51:41.649 [info] ExtensionService#_doActivateExtension vscode.npm, startup: false, activationEvent: 'onTerminalQuickFixRequest:ms-vscode.npm-command'
2024-11-16 02:55:41.505 [error] Error: command 'extension.vim_escape' not found
    at vde.n (vscode-file://vscode-app/home/spaced/Windsurf/resources/app/out/vs/workbench/workbench.desktop.main.js:1237:4921)
    at vde.executeCommand (vscode-file://vscode-app/home/spaced/Windsurf/resources/app/out/vs/workbench/workbench.desktop.main.js:1237:4853)
2024-11-16 02:55:59.655 [error] Error: command 'extension.vim_escape' not found
    at vde.n (vscode-file://vscode-app/home/spaced/Windsurf/resources/app/out/vs/workbench/workbench.desktop.main.js:1237:4921)
    at vde.executeCommand (vscode-file://vscode-app/home/spaced/Windsurf/resources/app/out/vs/workbench/workbench.desktop.main.js:1237:4853)
2024-11-16 02:56:04.953 [error] Error: command 'extension.vim_escape' not found
    at vde.n (vscode-file://vscode-app/home/spaced/Windsurf/resources/app/out/vs/workbench/workbench.desktop.main.js:1237:4921)
    at vde.executeCommand (vscode-file://vscode-app/home/spaced/Windsurf/resources/app/out/vs/workbench/workbench.desktop.main.js:1237:4853)
2024-11-16 02:58:02.289 [error] Error: command 'extension.vim_escape' not found
    at vde.n (vscode-file://vscode-app/home/spaced/Windsurf/resources/app/out/vs/workbench/workbench.desktop.main.js:1237:4921)
    at vde.executeCommand (vscode-file://vscode-app/home/spaced/Windsurf/resources/app/out/vs/workbench/workbench.desktop.main.js:1237:4853)
2024-11-16 03:00:42.003 [error] Error: command 'extension.vim_escape' not found
    at vde.n (vscode-file://vscode-app/home/spaced/Windsurf/resources/app/out/vs/workbench/workbench.desktop.main.js:1237:4921)
    at vde.executeCommand (vscode-file://vscode-app/home/spaced/Windsurf/resources/app/out/vs/workbench/workbench.desktop.main.js:1237:4853)
2024-11-16 03:00:51.034 [error] Error: command 'extension.vim_escape' not found
    at vde.n (vscode-file://vscode-app/home/spaced/Windsurf/resources/app/out/vs/workbench/workbench.desktop.main.js:1237:4921)
    at vde.executeCommand (vscode-file://vscode-app/home/spaced/Windsurf/resources/app/out/vs/workbench/workbench.desktop.main.js:1237:4853)
2024-11-16 03:04:22.811 [error] Error: command 'extension.vim_escape' not found
    at vde.n (vscode-file://vscode-app/home/spaced/Windsurf/resources/app/out/vs/workbench/workbench.desktop.main.js:1237:4921)
    at vde.executeCommand (vscode-file://vscode-app/home/spaced/Windsurf/resources/app/out/vs/workbench/workbench.desktop.main.js:1237:4853)
2024-11-16 03:05:24.085 [error] Error: command 'extension.vim_escape' not found
    at vde.n (vscode-file://vscode-app/home/spaced/Windsurf/resources/app/out/vs/workbench/workbench.desktop.main.js:1237:4921)
    at vde.executeCommand (vscode-file://vscode-app/home/spaced/Windsurf/resources/app/out/vs/workbench/workbench.desktop.main.js:1237:4853)
2024-11-16 03:08:39.277 [error] Error: command 'extension.vim_escape' not found
    at vde.n (vscode-file://vscode-app/home/spaced/Windsurf/resources/app/out/vs/workbench/workbench.desktop.main.js:1237:4921)
    at vde.executeCommand (vscode-file://vscode-app/home/spaced/Windsurf/resources/app/out/vs/workbench/workbench.desktop.main.js:1237:4853)
