2024-11-16 02:35:57.340 [info] Starting TS Server
2024-11-16 02:35:57.340 [info] Using tsserver from: /home/spaced/Windsurf/resources/app/extensions/node_modules/typescript/lib/tsserver.js
2024-11-16 02:35:57.340 [info] <syntax> Forking...
2024-11-16 02:35:57.340 [info] <syntax> Starting...
2024-11-16 02:35:57.340 [info] <semantic> Forking...
2024-11-16 02:35:57.340 [info] <semantic> Starting...
2024-11-16 02:43:43.856 [info] Starting TS Server
2024-11-16 02:43:43.856 [info] Using tsserver from: /home/spaced/Windsurf/resources/app/extensions/node_modules/typescript/lib/tsserver.js
2024-11-16 02:43:43.856 [info] <syntax> Forking...
2024-11-16 02:43:43.856 [info] <syntax> Starting...
2024-11-16 02:43:43.856 [info] <semantic> Forking...
2024-11-16 02:43:43.856 [info] <semantic> Starting...
2024-11-16 02:49:53.676 [info] Starting TS Server
2024-11-16 02:49:53.676 [info] Using tsserver from: /home/spaced/Windsurf/resources/app/extensions/node_modules/typescript/lib/tsserver.js
2024-11-16 02:49:53.676 [info] <syntax> Forking...
2024-11-16 02:49:53.676 [info] <syntax> Starting...
2024-11-16 02:49:53.676 [info] <semantic> Forking...
2024-11-16 02:49:53.676 [info] <semantic> Starting...
2024-11-16 02:50:14.028 [info] Starting TS Server
2024-11-16 02:50:14.028 [info] Using tsserver from: /home/spaced/Windsurf/resources/app/extensions/node_modules/typescript/lib/tsserver.js
2024-11-16 02:50:14.028 [info] <syntax> Forking...
2024-11-16 02:50:14.028 [info] <syntax> Starting...
2024-11-16 02:50:14.028 [info] <semantic> Forking...
2024-11-16 02:50:14.028 [info] <semantic> Starting...
