2024-11-16 02:14:48.430 [info] Extension host with pid 6792 started
2024-11-16 02:14:48.430 [info] Skipping acquiring lock for /home/spaced/.config/Windsurf/User/workspaceStorage/691dcb165dd3b5627ae338e012ef1398.
2024-11-16 02:14:48.501 [info] ExtensionService#_doActivateExtension vscode.git-base, startup: false, activationEvent: 'onView:windsurf.chatPanelView', root cause: codeium.windsurf
2024-11-16 02:14:48.504 [info] ExtensionService#_doActivateExtension vscode.emmet, startup: false, activationEvent: 'onLanguage'
2024-11-16 02:14:48.515 [info] ExtensionService#_doActivateExtension vscode.typescript-language-features, startup: false, activationEvent: 'onLanguage:javascript'
2024-11-16 02:14:48.694 [info] ExtensionService#_doActivateExtension vscode.git, startup: false, activationEvent: 'onView:windsurf.chatPanelView', root cause: codeium.windsurf
2024-11-16 02:14:48.832 [info] ExtensionService#_doActivateExtension codeium.windsurf, startup: false, activationEvent: 'onView:windsurf.chatPanelView'
2024-11-16 02:14:49.464 [info] ExtensionService#_doActivateExtension vscode.github, startup: true, activationEvent: '*'
2024-11-16 02:14:49.748 [info] Eager extensions activated
2024-11-16 02:14:49.753 [info] ExtensionService#_doActivateExtension vscode.debug-auto-launch, startup: false, activationEvent: 'onStartupFinished'
2024-11-16 02:14:49.755 [info] ExtensionService#_doActivateExtension vscode.merge-conflict, startup: false, activationEvent: 'onStartupFinished'
2024-11-16 02:14:49.767 [info] ExtensionService#_doActivateExtension Codeium.windsurf-dev-containers, startup: false, activationEvent: 'onStartupFinished'
2024-11-16 02:14:50.775 [error] ConnectError: [invalid_argument] validation error:
 - metadata.api_key: value length must be at least 1 characters [string.min_len]: validation error:
 - metadata.api_key: value length must be at least 1 characters [string.min_len]
	at c (/home/spaced/Windsurf/resources/app/extensions/windsurf/dist/extension.js:2:2648634)
	at u (/home/spaced/Windsurf/resources/app/extensions/windsurf/dist/extension.js:2:2649030)
	at next (/home/spaced/Windsurf/resources/app/extensions/windsurf/dist/extension.js:2:2655252)
	at process.processTicksAndRejections (node:internal/process/task_queues:95:5)
	at async Object.unary (/home/spaced/Windsurf/resources/app/extensions/windsurf/dist/extension.js:2:2654220)
	at async Object.refreshContextForIdeAction (/home/spaced/Windsurf/resources/app/extensions/windsurf/dist/extension.js:2:2641868)
	at async /home/spaced/Windsurf/resources/app/extensions/windsurf/dist/extension.js:2:1744395
2024-11-16 02:14:51.281 [info] Extension host terminating: renderer closed the MessagePort
2024-11-16 02:14:51.296 [info] Extension host with pid 6792 exiting with code 0
