2024-11-16 02:18:39.809 [info] [main] Log level: Info
2024-11-16 02:18:39.809 [info] [main] Validating found git in: "git"
2024-11-16 02:18:39.809 [info] [main] Using git "2.47.0" from "git"
2024-11-16 02:18:39.809 [info] [Model][doInitialScan] Initial repository scan started
2024-11-16 02:18:39.809 [info] > git rev-parse --show-toplevel [4ms]
2024-11-16 02:18:39.809 [info] > git rev-parse --path-format=relative --show-toplevel [246ms]
2024-11-16 02:18:39.809 [info] > git rev-parse --show-toplevel [1ms]
2024-11-16 02:18:39.813 [info] > git rev-parse --path-format=relative --show-toplevel [5ms]
2024-11-16 02:18:39.824 [info] > git rev-parse --show-toplevel [3ms]
2024-11-16 02:18:39.834 [info] > git rev-parse --path-format=relative --show-toplevel [1ms]
2024-11-16 02:18:39.842 [info] > git rev-parse --show-toplevel [1ms]
2024-11-16 02:18:39.851 [info] > git rev-parse --path-format=relative --show-toplevel [0ms]
2024-11-16 02:18:39.859 [info] > git rev-parse --show-toplevel [1ms]
2024-11-16 02:18:39.864 [info] > git rev-parse --path-format=relative --show-toplevel [1ms]
2024-11-16 02:18:39.869 [info] > git rev-parse --show-toplevel [1ms]
2024-11-16 02:18:39.874 [info] > git rev-parse --path-format=relative --show-toplevel [0ms]
2024-11-16 02:18:39.880 [info] > git rev-parse --show-toplevel [1ms]
2024-11-16 02:18:39.885 [info] > git rev-parse --path-format=relative --show-toplevel [0ms]
2024-11-16 02:18:39.892 [info] > git rev-parse --show-toplevel [1ms]
2024-11-16 02:18:39.896 [info] > git rev-parse --path-format=relative --show-toplevel [1ms]
2024-11-16 02:18:39.906 [info] > git rev-parse --show-toplevel [4ms]
2024-11-16 02:18:39.910 [info] > git rev-parse --path-format=relative --show-toplevel [1ms]
2024-11-16 02:18:39.915 [info] [Model][doInitialScan] Initial repository scan completed - repositories (0), closed repositories (0), parent repositories (1), unsafe repositories (0)
2024-11-16 02:18:41.591 [info] > git rev-parse --show-toplevel [1ms]
2024-11-16 02:18:41.595 [info] > git rev-parse --path-format=relative --show-toplevel [1ms]
2024-11-16 02:18:55.656 [info] [main] Log level: Info
2024-11-16 02:18:55.656 [info] [main] Validating found git in: "git"
2024-11-16 02:18:55.656 [info] [main] Using git "2.47.0" from "git"
2024-11-16 02:18:55.656 [info] [Model][doInitialScan] Initial repository scan started
2024-11-16 02:18:55.656 [info] > git rev-parse --show-toplevel [207ms]
2024-11-16 02:18:55.656 [info] > git rev-parse --path-format=relative --show-toplevel [19ms]
2024-11-16 02:18:55.662 [info] > git rev-parse --show-toplevel [1ms]
2024-11-16 02:18:55.667 [info] > git rev-parse --path-format=relative --show-toplevel [1ms]
2024-11-16 02:18:55.670 [info] [Model][doInitialScan] Initial repository scan completed - repositories (0), closed repositories (0), parent repositories (1), unsafe repositories (0)
2024-11-16 02:18:57.470 [info] > git rev-parse --show-toplevel [1ms]
2024-11-16 02:18:57.475 [info] > git rev-parse --path-format=relative --show-toplevel [1ms]
2024-11-16 02:19:10.910 [info] [main] Log level: Info
2024-11-16 02:19:10.910 [info] [main] Validating found git in: "git"
2024-11-16 02:19:10.910 [info] [main] Using git "2.47.0" from "git"
2024-11-16 02:19:10.910 [info] [Model][doInitialScan] Initial repository scan started
2024-11-16 02:19:10.910 [info] > git rev-parse --show-toplevel [4ms]
2024-11-16 02:19:10.910 [info] > git rev-parse --path-format=relative --show-toplevel [208ms]
2024-11-16 02:19:10.915 [info] > git rev-parse --git-dir --git-common-dir [1ms]
2024-11-16 02:19:10.922 [info] [Model][openRepository] Opened repository: /home/spaced/.config
2024-11-16 02:19:10.930 [info] > git config --get commit.template [1ms]
2024-11-16 02:19:10.935 [info] [Git][getRemotes] No remotes found in the git config file
2024-11-16 02:19:10.947 [info] > git for-each-ref --format=%(refname)%00%(upstream:short)%00%(objectname)%00%(upstream:track)%00%(upstream:remotename)%00%(upstream:remoteref) refs/heads/main refs/remotes/main [13ms]
2024-11-16 02:19:10.947 [warning] [Git][getBranch] No such branch: main
2024-11-16 02:19:10.965 [info] > git status -z -uall [14ms]
2024-11-16 02:19:10.965 [info] > git for-each-ref --sort -committerdate --format %(refname) %(objectname) %(*objectname) [9ms]
2024-11-16 02:19:10.990 [info] > git for-each-ref --format=%(refname)%00%(upstream:short)%00%(objectname)%00%(upstream:track)%00%(upstream:remotename)%00%(upstream:remoteref) refs/heads/main refs/remotes/main [6ms]
2024-11-16 02:19:10.990 [warning] [Git][getBranch] No such branch: main
2024-11-16 02:19:10.991 [error] [GitHistoryProvider][resolveHEADMergeBase] Failed to resolve merge base for main: Error: No such branch: main.
2024-11-16 02:19:10.995 [info] > git config --get commit.template [5ms]
2024-11-16 02:19:10.995 [info] [Git][getRemotes] No remotes found in the git config file
2024-11-16 02:19:10.999 [info] > git for-each-ref --format=%(refname)%00%(upstream:short)%00%(objectname)%00%(upstream:track)%00%(upstream:remotename)%00%(upstream:remoteref) refs/heads/main refs/remotes/main [1ms]
2024-11-16 02:19:10.999 [warning] [Git][getBranch] No such branch: main
2024-11-16 02:19:11.007 [info] > git status -z -uall [5ms]
2024-11-16 02:19:11.007 [info] > git for-each-ref --sort -committerdate --format %(refname) %(objectname) %(*objectname) [2ms]
2024-11-16 02:19:11.105 [info] > git rev-parse --show-toplevel [84ms]
2024-11-16 02:19:11.110 [info] > git rev-parse --path-format=relative --show-toplevel [2ms]
2024-11-16 02:19:11.115 [info] > git rev-parse --show-toplevel [1ms]
2024-11-16 02:19:11.120 [info] > git rev-parse --path-format=relative --show-toplevel [1ms]
2024-11-16 02:19:11.124 [info] > git rev-parse --show-toplevel [1ms]
2024-11-16 02:19:11.128 [info] > git rev-parse --path-format=relative --show-toplevel [0ms]
2024-11-16 02:19:11.132 [info] > git rev-parse --show-toplevel [1ms]
2024-11-16 02:19:11.135 [info] > git rev-parse --path-format=relative --show-toplevel [0ms]
2024-11-16 02:19:11.140 [info] > git rev-parse --show-toplevel [0ms]
2024-11-16 02:19:11.145 [info] > git rev-parse --path-format=relative --show-toplevel [1ms]
2024-11-16 02:19:11.149 [info] > git rev-parse --show-toplevel [1ms]
2024-11-16 02:19:11.154 [info] > git rev-parse --path-format=relative --show-toplevel [1ms]
2024-11-16 02:19:11.161 [info] > git rev-parse --show-toplevel [4ms]
2024-11-16 02:19:11.165 [info] > git rev-parse --path-format=relative --show-toplevel [1ms]
2024-11-16 02:19:11.170 [info] > git rev-parse --show-toplevel [1ms]
2024-11-16 02:19:11.174 [info] > git rev-parse --path-format=relative --show-toplevel [1ms]
2024-11-16 02:19:11.179 [info] > git rev-parse --show-toplevel [1ms]
2024-11-16 02:19:11.183 [info] > git rev-parse --path-format=relative --show-toplevel [1ms]
2024-11-16 02:19:11.187 [info] > git rev-parse --show-toplevel [1ms]
2024-11-16 02:19:11.191 [info] > git rev-parse --path-format=relative --show-toplevel [1ms]
2024-11-16 02:19:11.195 [info] > git rev-parse --show-toplevel [0ms]
2024-11-16 02:19:11.200 [info] > git rev-parse --path-format=relative --show-toplevel [1ms]
2024-11-16 02:19:11.204 [info] > git rev-parse --show-toplevel [1ms]
2024-11-16 02:19:11.208 [info] > git rev-parse --path-format=relative --show-toplevel [1ms]
2024-11-16 02:19:11.212 [info] > git rev-parse --show-toplevel [1ms]
2024-11-16 02:19:11.215 [info] > git rev-parse --path-format=relative --show-toplevel [0ms]
2024-11-16 02:19:11.220 [info] > git rev-parse --show-toplevel [1ms]
2024-11-16 02:19:11.225 [info] > git rev-parse --path-format=relative --show-toplevel [1ms]
2024-11-16 02:19:11.229 [info] > git rev-parse --show-toplevel [1ms]
2024-11-16 02:19:11.234 [info] > git rev-parse --path-format=relative --show-toplevel [0ms]
2024-11-16 02:19:11.239 [info] > git rev-parse --show-toplevel [1ms]
2024-11-16 02:19:11.244 [info] > git rev-parse --path-format=relative --show-toplevel [1ms]
2024-11-16 02:19:11.249 [info] > git rev-parse --show-toplevel [0ms]
2024-11-16 02:19:11.253 [info] > git rev-parse --path-format=relative --show-toplevel [1ms]
2024-11-16 02:19:11.257 [info] > git rev-parse --show-toplevel [1ms]
2024-11-16 02:19:11.261 [info] > git rev-parse --path-format=relative --show-toplevel [1ms]
2024-11-16 02:19:11.303 [info] > git rev-parse --show-toplevel [38ms]
2024-11-16 02:19:11.311 [info] > git rev-parse --path-format=relative --show-toplevel [5ms]
2024-11-16 02:19:11.336 [info] > git rev-parse --show-toplevel [19ms]
2024-11-16 02:19:11.343 [info] > git rev-parse --path-format=relative --show-toplevel [4ms]
2024-11-16 02:19:11.346 [info] > git rev-parse --show-toplevel [0ms]
2024-11-16 02:19:11.350 [info] > git rev-parse --path-format=relative --show-toplevel [1ms]
2024-11-16 02:19:11.354 [info] > git rev-parse --show-toplevel [1ms]
2024-11-16 02:19:11.357 [info] > git rev-parse --path-format=relative --show-toplevel [0ms]
2024-11-16 02:19:11.361 [info] > git rev-parse --show-toplevel [0ms]
2024-11-16 02:19:11.364 [info] > git rev-parse --path-format=relative --show-toplevel [1ms]
2024-11-16 02:19:11.368 [info] > git rev-parse --show-toplevel [1ms]
2024-11-16 02:19:11.371 [info] > git rev-parse --path-format=relative --show-toplevel [0ms]
2024-11-16 02:19:11.375 [info] > git rev-parse --show-toplevel [1ms]
2024-11-16 02:19:11.378 [info] > git rev-parse --path-format=relative --show-toplevel [0ms]
2024-11-16 02:19:11.390 [info] > git rev-parse --show-toplevel [8ms]
2024-11-16 02:19:11.395 [info] > git rev-parse --path-format=relative --show-toplevel [1ms]
2024-11-16 02:19:11.398 [info] > git rev-parse --show-toplevel [0ms]
2024-11-16 02:19:11.401 [info] > git rev-parse --path-format=relative --show-toplevel [0ms]
2024-11-16 02:19:11.405 [info] > git rev-parse --show-toplevel [0ms]
2024-11-16 02:19:11.409 [info] > git rev-parse --path-format=relative --show-toplevel [1ms]
2024-11-16 02:19:11.412 [info] > git rev-parse --show-toplevel [0ms]
2024-11-16 02:19:11.416 [info] > git rev-parse --path-format=relative --show-toplevel [1ms]
2024-11-16 02:19:11.426 [info] > git rev-parse --show-toplevel [6ms]
2024-11-16 02:19:11.430 [info] > git rev-parse --path-format=relative --show-toplevel [1ms]
2024-11-16 02:19:11.432 [info] [Model][doInitialScan] Initial repository scan completed - repositories (1), closed repositories (0), parent repositories (0), unsafe repositories (0)
2024-11-16 02:19:11.452 [info] > git check-ignore -v -z --stdin [1ms]
2024-11-16 02:19:13.603 [info] [Git][getRemotes] No remotes found in the git config file
2024-11-16 02:19:13.604 [info] > git config --get commit.template [5ms]
2024-11-16 02:19:13.604 [info] > git for-each-ref --format=%(refname)%00%(upstream:short)%00%(objectname)%00%(upstream:track)%00%(upstream:remotename)%00%(upstream:remoteref) refs/heads/main refs/remotes/main [1ms]
2024-11-16 02:19:13.604 [warning] [Git][getBranch] No such branch: main
2024-11-16 02:19:13.613 [info] > git status -z -uall [5ms]
2024-11-16 02:19:13.615 [info] > git for-each-ref --sort -committerdate --format %(refname) %(objectname) %(*objectname) [3ms]
2024-11-16 02:19:18.633 [info] [Git][getRemotes] No remotes found in the git config file
2024-11-16 02:19:18.633 [info] > git config --get commit.template [3ms]
2024-11-16 02:19:18.633 [info] > git for-each-ref --format=%(refname)%00%(upstream:short)%00%(objectname)%00%(upstream:track)%00%(upstream:remotename)%00%(upstream:remoteref) refs/heads/main refs/remotes/main [0ms]
2024-11-16 02:19:18.633 [warning] [Git][getBranch] No such branch: main
2024-11-16 02:19:18.640 [info] > git for-each-ref --sort -committerdate --format %(refname) %(objectname) %(*objectname) [1ms]
2024-11-16 02:19:18.641 [info] > git status -z -uall [5ms]
2024-11-16 02:19:23.661 [info] [Git][getRemotes] No remotes found in the git config file
2024-11-16 02:19:23.661 [info] > git config --get commit.template [4ms]
2024-11-16 02:19:23.667 [info] > git for-each-ref --format=%(refname)%00%(upstream:short)%00%(objectname)%00%(upstream:track)%00%(upstream:remotename)%00%(upstream:remoteref) refs/heads/main refs/remotes/main [7ms]
2024-11-16 02:19:23.667 [warning] [Git][getBranch] No such branch: main
2024-11-16 02:19:23.685 [info] > git status -z -uall [6ms]
2024-11-16 02:19:23.686 [info] > git for-each-ref --sort -committerdate --format %(refname) %(objectname) %(*objectname) [2ms]
2024-11-16 02:19:24.381 [info] > git check-ignore -v -z --stdin [4ms]
2024-11-16 02:19:28.709 [info] [Git][getRemotes] No remotes found in the git config file
2024-11-16 02:19:28.710 [info] > git config --get commit.template [10ms]
2024-11-16 02:19:28.711 [info] > git for-each-ref --format=%(refname)%00%(upstream:short)%00%(objectname)%00%(upstream:track)%00%(upstream:remotename)%00%(upstream:remoteref) refs/heads/main refs/remotes/main [3ms]
2024-11-16 02:19:28.711 [warning] [Git][getBranch] No such branch: main
2024-11-16 02:19:28.726 [info] > git status -z -uall [4ms]
2024-11-16 02:19:28.726 [info] > git for-each-ref --sort -committerdate --format %(refname) %(objectname) %(*objectname) [1ms]
2024-11-16 02:19:31.825 [info] > git check-ignore -v -z --stdin [4ms]
2024-11-16 02:19:33.742 [info] [Git][getRemotes] No remotes found in the git config file
2024-11-16 02:19:33.742 [info] > git config --get commit.template [3ms]
2024-11-16 02:19:33.742 [info] > git for-each-ref --format=%(refname)%00%(upstream:short)%00%(objectname)%00%(upstream:track)%00%(upstream:remotename)%00%(upstream:remoteref) refs/heads/main refs/remotes/main [1ms]
2024-11-16 02:19:33.742 [warning] [Git][getBranch] No such branch: main
2024-11-16 02:19:33.749 [info] > git status -z -uall [4ms]
2024-11-16 02:19:33.751 [info] > git for-each-ref --sort -committerdate --format %(refname) %(objectname) %(*objectname) [2ms]
2024-11-16 02:19:38.769 [info] [Git][getRemotes] No remotes found in the git config file
2024-11-16 02:19:38.770 [info] > git config --get commit.template [3ms]
2024-11-16 02:19:38.770 [info] > git for-each-ref --format=%(refname)%00%(upstream:short)%00%(objectname)%00%(upstream:track)%00%(upstream:remotename)%00%(upstream:remoteref) refs/heads/main refs/remotes/main [1ms]
2024-11-16 02:19:38.770 [warning] [Git][getBranch] No such branch: main
2024-11-16 02:19:38.777 [info] > git status -z -uall [4ms]
2024-11-16 02:19:38.780 [info] > git for-each-ref --sort -committerdate --format %(refname) %(objectname) %(*objectname) [3ms]
2024-11-16 02:19:39.050 [info] > git check-ignore -v -z --stdin [1ms]
2024-11-16 02:19:43.799 [info] [Git][getRemotes] No remotes found in the git config file
2024-11-16 02:19:43.800 [info] > git config --get commit.template [4ms]
2024-11-16 02:19:43.800 [info] > git for-each-ref --format=%(refname)%00%(upstream:short)%00%(objectname)%00%(upstream:track)%00%(upstream:remotename)%00%(upstream:remoteref) refs/heads/main refs/remotes/main [1ms]
2024-11-16 02:19:43.800 [warning] [Git][getBranch] No such branch: main
2024-11-16 02:19:43.807 [info] > git status -z -uall [4ms]
2024-11-16 02:19:43.807 [info] > git for-each-ref --sort -committerdate --format %(refname) %(objectname) %(*objectname) [1ms]
2024-11-16 02:19:45.856 [info] > git check-ignore -v -z --stdin [1ms]
2024-11-16 02:19:46.923 [info] > git show --textconv :ags/desktop-shell/config.js [6ms]
2024-11-16 02:19:46.927 [info] > git ls-files --stage -- /home/spaced/.config/ags/desktop-shell/config.js [4ms]
2024-11-16 02:19:49.798 [info] [Git][getRemotes] No remotes found in the git config file
2024-11-16 02:19:49.801 [info] > git config --get commit.template [4ms]
2024-11-16 02:19:49.801 [info] > git for-each-ref --format=%(refname)%00%(upstream:short)%00%(objectname)%00%(upstream:track)%00%(upstream:remotename)%00%(upstream:remoteref) refs/heads/main refs/remotes/main [0ms]
2024-11-16 02:19:49.802 [warning] [Git][getBranch] No such branch: main
2024-11-16 02:19:49.809 [info] > git status -z -uall [4ms]
2024-11-16 02:19:49.812 [info] > git for-each-ref --sort -committerdate --format %(refname) %(objectname) %(*objectname) [3ms]
2024-11-16 02:19:52.150 [info] > git check-ignore -v -z --stdin [4ms]
2024-11-16 02:19:53.767 [info] > git check-ignore -v -z --stdin [1ms]
2024-11-16 02:19:54.830 [info] [Git][getRemotes] No remotes found in the git config file
2024-11-16 02:19:54.830 [info] > git config --get commit.template [3ms]
2024-11-16 02:19:54.831 [info] > git for-each-ref --format=%(refname)%00%(upstream:short)%00%(objectname)%00%(upstream:track)%00%(upstream:remotename)%00%(upstream:remoteref) refs/heads/main refs/remotes/main [1ms]
2024-11-16 02:19:54.831 [warning] [Git][getBranch] No such branch: main
2024-11-16 02:19:54.837 [info] > git status -z -uall [3ms]
2024-11-16 02:19:54.839 [info] > git for-each-ref --sort -committerdate --format %(refname) %(objectname) %(*objectname) [2ms]
2024-11-16 02:19:57.135 [info] > git show --textconv :hypr/hyprland/style.conf [3ms]
2024-11-16 02:19:57.136 [info] > git ls-files --stage -- /home/spaced/.config/hypr/hyprland/style.conf [1ms]
2024-11-16 02:19:59.880 [info] [Git][getRemotes] No remotes found in the git config file
2024-11-16 02:19:59.881 [info] > git config --get commit.template [17ms]
2024-11-16 02:19:59.882 [info] > git for-each-ref --format=%(refname)%00%(upstream:short)%00%(objectname)%00%(upstream:track)%00%(upstream:remotename)%00%(upstream:remoteref) refs/heads/main refs/remotes/main [3ms]
2024-11-16 02:19:59.883 [warning] [Git][getBranch] No such branch: main
2024-11-16 02:19:59.916 [info] > git for-each-ref --sort -committerdate --format %(refname) %(objectname) %(*objectname) [3ms]
2024-11-16 02:19:59.919 [info] > git status -z -uall [22ms]
2024-11-16 02:20:04.972 [info] [Git][getRemotes] No remotes found in the git config file
2024-11-16 02:20:04.972 [info] > git config --get commit.template [3ms]
2024-11-16 02:20:04.973 [info] > git for-each-ref --format=%(refname)%00%(upstream:short)%00%(objectname)%00%(upstream:track)%00%(upstream:remotename)%00%(upstream:remoteref) refs/heads/main refs/remotes/main [1ms]
2024-11-16 02:20:04.973 [warning] [Git][getBranch] No such branch: main
2024-11-16 02:20:04.980 [info] > git status -z -uall [4ms]
2024-11-16 02:20:04.983 [info] > git for-each-ref --sort -committerdate --format %(refname) %(objectname) %(*objectname) [3ms]
2024-11-16 02:20:44.508 [info] > git config --get commit.template [1ms]
2024-11-16 02:20:44.512 [info] [Git][getRemotes] No remotes found in the git config file
2024-11-16 02:20:44.512 [info] > git for-each-ref --format=%(refname)%00%(upstream:short)%00%(objectname)%00%(upstream:track)%00%(upstream:remotename)%00%(upstream:remoteref) refs/heads/main refs/remotes/main [0ms]
2024-11-16 02:20:44.512 [warning] [Git][getBranch] No such branch: main
2024-11-16 02:20:44.523 [info] > git status -z -uall [7ms]
2024-11-16 02:20:44.525 [info] > git for-each-ref --sort -committerdate --format %(refname) %(objectname) %(*objectname) [4ms]
2024-11-16 02:20:49.540 [info] [Git][getRemotes] No remotes found in the git config file
2024-11-16 02:20:49.540 [info] > git config --get commit.template [4ms]
2024-11-16 02:20:49.541 [info] > git for-each-ref --format=%(refname)%00%(upstream:short)%00%(objectname)%00%(upstream:track)%00%(upstream:remotename)%00%(upstream:remoteref) refs/heads/main refs/remotes/main [1ms]
2024-11-16 02:20:49.541 [warning] [Git][getBranch] No such branch: main
2024-11-16 02:20:49.549 [info] > git status -z -uall [5ms]
2024-11-16 02:20:49.551 [info] > git for-each-ref --sort -committerdate --format %(refname) %(objectname) %(*objectname) [3ms]
2024-11-16 02:21:00.048 [info] [Git][getRemotes] No remotes found in the git config file
2024-11-16 02:21:00.049 [info] > git config --get commit.template [4ms]
2024-11-16 02:21:00.049 [info] > git for-each-ref --format=%(refname)%00%(upstream:short)%00%(objectname)%00%(upstream:track)%00%(upstream:remotename)%00%(upstream:remoteref) refs/heads/main refs/remotes/main [1ms]
2024-11-16 02:21:00.049 [warning] [Git][getBranch] No such branch: main
2024-11-16 02:21:00.056 [info] > git status -z -uall [4ms]
2024-11-16 02:21:00.058 [info] > git for-each-ref --sort -committerdate --format %(refname) %(objectname) %(*objectname) [3ms]
2024-11-16 02:21:05.085 [info] [Git][getRemotes] No remotes found in the git config file
2024-11-16 02:21:05.086 [info] > git config --get commit.template [3ms]
2024-11-16 02:21:05.086 [info] > git for-each-ref --format=%(refname)%00%(upstream:short)%00%(objectname)%00%(upstream:track)%00%(upstream:remotename)%00%(upstream:remoteref) refs/heads/main refs/remotes/main [1ms]
2024-11-16 02:21:05.086 [warning] [Git][getBranch] No such branch: main
2024-11-16 02:21:05.093 [info] > git status -z -uall [4ms]
2024-11-16 02:21:05.094 [info] > git for-each-ref --sort -committerdate --format %(refname) %(objectname) %(*objectname) [2ms]
2024-11-16 02:21:10.118 [info] > git config --get commit.template [2ms]
2024-11-16 02:21:10.122 [info] [Git][getRemotes] No remotes found in the git config file
2024-11-16 02:21:10.123 [info] > git for-each-ref --format=%(refname)%00%(upstream:short)%00%(objectname)%00%(upstream:track)%00%(upstream:remotename)%00%(upstream:remoteref) refs/heads/main refs/remotes/main [1ms]
2024-11-16 02:21:10.123 [warning] [Git][getBranch] No such branch: main
2024-11-16 02:21:10.130 [info] > git status -z -uall [4ms]
2024-11-16 02:21:10.131 [info] > git for-each-ref --sort -committerdate --format %(refname) %(objectname) %(*objectname) [2ms]
2024-11-16 02:21:15.152 [info] [Git][getRemotes] No remotes found in the git config file
2024-11-16 02:21:15.153 [info] > git config --get commit.template [7ms]
2024-11-16 02:21:15.158 [info] > git for-each-ref --format=%(refname)%00%(upstream:short)%00%(objectname)%00%(upstream:track)%00%(upstream:remotename)%00%(upstream:remoteref) refs/heads/main refs/remotes/main [6ms]
2024-11-16 02:21:15.158 [warning] [Git][getBranch] No such branch: main
2024-11-16 02:21:15.169 [info] > git status -z -uall [7ms]
2024-11-16 02:21:15.171 [info] > git for-each-ref --sort -committerdate --format %(refname) %(objectname) %(*objectname) [3ms]
2024-11-16 02:21:20.190 [info] [Git][getRemotes] No remotes found in the git config file
2024-11-16 02:21:20.190 [info] > git config --get commit.template [3ms]
2024-11-16 02:21:20.190 [info] > git for-each-ref --format=%(refname)%00%(upstream:short)%00%(objectname)%00%(upstream:track)%00%(upstream:remotename)%00%(upstream:remoteref) refs/heads/main refs/remotes/main [0ms]
2024-11-16 02:21:20.190 [warning] [Git][getBranch] No such branch: main
2024-11-16 02:21:20.197 [info] > git status -z -uall [4ms]
2024-11-16 02:21:20.199 [info] > git for-each-ref --sort -committerdate --format %(refname) %(objectname) %(*objectname) [2ms]
2024-11-16 02:21:31.096 [info] [Git][getRemotes] No remotes found in the git config file
2024-11-16 02:21:31.096 [info] > git config --get commit.template [4ms]
2024-11-16 02:21:31.096 [info] > git for-each-ref --format=%(refname)%00%(upstream:short)%00%(objectname)%00%(upstream:track)%00%(upstream:remotename)%00%(upstream:remoteref) refs/heads/main refs/remotes/main [0ms]
2024-11-16 02:21:31.097 [warning] [Git][getBranch] No such branch: main
2024-11-16 02:21:31.105 [info] > git status -z -uall [4ms]
2024-11-16 02:21:31.107 [info] > git for-each-ref --sort -committerdate --format %(refname) %(objectname) %(*objectname) [2ms]
2024-11-16 02:21:36.130 [info] > git config --get commit.template [1ms]
2024-11-16 02:21:36.133 [info] [Git][getRemotes] No remotes found in the git config file
2024-11-16 02:21:36.133 [info] > git for-each-ref --format=%(refname)%00%(upstream:short)%00%(objectname)%00%(upstream:track)%00%(upstream:remotename)%00%(upstream:remoteref) refs/heads/main refs/remotes/main [0ms]
2024-11-16 02:21:36.133 [warning] [Git][getBranch] No such branch: main
2024-11-16 02:21:36.140 [info] > git status -z -uall [4ms]
2024-11-16 02:21:36.142 [info] > git for-each-ref --sort -committerdate --format %(refname) %(objectname) %(*objectname) [3ms]
2024-11-16 02:21:50.566 [info] [Git][getRemotes] No remotes found in the git config file
2024-11-16 02:21:50.566 [info] > git config --get commit.template [4ms]
2024-11-16 02:21:50.566 [info] > git for-each-ref --format=%(refname)%00%(upstream:short)%00%(objectname)%00%(upstream:track)%00%(upstream:remotename)%00%(upstream:remoteref) refs/heads/main refs/remotes/main [1ms]
2024-11-16 02:21:50.566 [warning] [Git][getBranch] No such branch: main
2024-11-16 02:21:50.573 [info] > git status -z -uall [4ms]
2024-11-16 02:21:50.575 [info] > git for-each-ref --sort -committerdate --format %(refname) %(objectname) %(*objectname) [2ms]
2024-11-16 02:21:56.440 [info] [Git][getRemotes] No remotes found in the git config file
2024-11-16 02:21:56.440 [info] > git config --get commit.template [7ms]
2024-11-16 02:21:56.441 [info] > git for-each-ref --format=%(refname)%00%(upstream:short)%00%(objectname)%00%(upstream:track)%00%(upstream:remotename)%00%(upstream:remoteref) refs/heads/main refs/remotes/main [1ms]
2024-11-16 02:21:56.441 [warning] [Git][getBranch] No such branch: main
2024-11-16 02:21:56.453 [info] > git status -z -uall [6ms]
2024-11-16 02:21:56.455 [info] > git for-each-ref --sort -committerdate --format %(refname) %(objectname) %(*objectname) [2ms]
2024-11-16 02:22:01.473 [info] [Git][getRemotes] No remotes found in the git config file
2024-11-16 02:22:01.473 [info] > git config --get commit.template [3ms]
2024-11-16 02:22:01.474 [info] > git for-each-ref --format=%(refname)%00%(upstream:short)%00%(objectname)%00%(upstream:track)%00%(upstream:remotename)%00%(upstream:remoteref) refs/heads/main refs/remotes/main [1ms]
2024-11-16 02:22:01.474 [warning] [Git][getBranch] No such branch: main
2024-11-16 02:22:01.481 [info] > git status -z -uall [4ms]
2024-11-16 02:22:01.483 [info] > git for-each-ref --sort -committerdate --format %(refname) %(objectname) %(*objectname) [3ms]
2024-11-16 02:22:13.819 [info] [Git][getRemotes] No remotes found in the git config file
2024-11-16 02:22:13.819 [info] > git config --get commit.template [4ms]
2024-11-16 02:22:13.819 [info] > git for-each-ref --format=%(refname)%00%(upstream:short)%00%(objectname)%00%(upstream:track)%00%(upstream:remotename)%00%(upstream:remoteref) refs/heads/main refs/remotes/main [0ms]
2024-11-16 02:22:13.819 [warning] [Git][getBranch] No such branch: main
2024-11-16 02:22:13.826 [info] > git status -z -uall [4ms]
2024-11-16 02:22:13.828 [info] > git for-each-ref --sort -committerdate --format %(refname) %(objectname) %(*objectname) [2ms]
2024-11-16 02:22:18.845 [info] [Git][getRemotes] No remotes found in the git config file
2024-11-16 02:22:18.845 [info] > git config --get commit.template [3ms]
2024-11-16 02:22:18.845 [info] > git for-each-ref --format=%(refname)%00%(upstream:short)%00%(objectname)%00%(upstream:track)%00%(upstream:remotename)%00%(upstream:remoteref) refs/heads/main refs/remotes/main [0ms]
2024-11-16 02:22:18.846 [warning] [Git][getBranch] No such branch: main
2024-11-16 02:22:18.852 [info] > git status -z -uall [4ms]
2024-11-16 02:22:18.854 [info] > git for-each-ref --sort -committerdate --format %(refname) %(objectname) %(*objectname) [2ms]
2024-11-16 02:22:23.871 [info] [Git][getRemotes] No remotes found in the git config file
2024-11-16 02:22:23.871 [info] > git config --get commit.template [3ms]
2024-11-16 02:22:23.871 [info] > git for-each-ref --format=%(refname)%00%(upstream:short)%00%(objectname)%00%(upstream:track)%00%(upstream:remotename)%00%(upstream:remoteref) refs/heads/main refs/remotes/main [0ms]
2024-11-16 02:22:23.871 [warning] [Git][getBranch] No such branch: main
2024-11-16 02:22:23.878 [info] > git status -z -uall [4ms]
2024-11-16 02:22:23.880 [info] > git for-each-ref --sort -committerdate --format %(refname) %(objectname) %(*objectname) [2ms]
2024-11-16 02:22:28.898 [info] [Git][getRemotes] No remotes found in the git config file
2024-11-16 02:22:28.898 [info] > git config --get commit.template [4ms]
2024-11-16 02:22:28.898 [info] > git for-each-ref --format=%(refname)%00%(upstream:short)%00%(objectname)%00%(upstream:track)%00%(upstream:remotename)%00%(upstream:remoteref) refs/heads/main refs/remotes/main [0ms]
2024-11-16 02:22:28.898 [warning] [Git][getBranch] No such branch: main
2024-11-16 02:22:28.906 [info] > git status -z -uall [4ms]
2024-11-16 02:22:28.907 [info] > git for-each-ref --sort -committerdate --format %(refname) %(objectname) %(*objectname) [2ms]
2024-11-16 02:22:35.440 [info] [Git][getRemotes] No remotes found in the git config file
2024-11-16 02:22:35.440 [info] > git config --get commit.template [4ms]
2024-11-16 02:22:35.440 [info] > git for-each-ref --format=%(refname)%00%(upstream:short)%00%(objectname)%00%(upstream:track)%00%(upstream:remotename)%00%(upstream:remoteref) refs/heads/main refs/remotes/main [0ms]
2024-11-16 02:22:35.440 [warning] [Git][getBranch] No such branch: main
2024-11-16 02:22:35.447 [info] > git status -z -uall [4ms]
2024-11-16 02:22:35.449 [info] > git for-each-ref --sort -committerdate --format %(refname) %(objectname) %(*objectname) [2ms]
2024-11-16 02:22:40.468 [info] [Git][getRemotes] No remotes found in the git config file
2024-11-16 02:22:40.468 [info] > git config --get commit.template [4ms]
2024-11-16 02:22:40.469 [info] > git for-each-ref --format=%(refname)%00%(upstream:short)%00%(objectname)%00%(upstream:track)%00%(upstream:remotename)%00%(upstream:remoteref) refs/heads/main refs/remotes/main [1ms]
2024-11-16 02:22:40.469 [warning] [Git][getBranch] No such branch: main
2024-11-16 02:22:40.476 [info] > git status -z -uall [4ms]
2024-11-16 02:22:40.478 [info] > git for-each-ref --sort -committerdate --format %(refname) %(objectname) %(*objectname) [3ms]
2024-11-16 02:22:45.497 [info] [Git][getRemotes] No remotes found in the git config file
2024-11-16 02:22:45.497 [info] > git config --get commit.template [6ms]
2024-11-16 02:22:45.498 [info] > git for-each-ref --format=%(refname)%00%(upstream:short)%00%(objectname)%00%(upstream:track)%00%(upstream:remotename)%00%(upstream:remoteref) refs/heads/main refs/remotes/main [1ms]
2024-11-16 02:22:45.498 [warning] [Git][getBranch] No such branch: main
2024-11-16 02:22:45.510 [info] > git status -z -uall [5ms]
2024-11-16 02:22:45.512 [info] > git for-each-ref --sort -committerdate --format %(refname) %(objectname) %(*objectname) [2ms]
2024-11-16 02:22:50.530 [info] [Git][getRemotes] No remotes found in the git config file
2024-11-16 02:22:50.531 [info] > git config --get commit.template [4ms]
2024-11-16 02:22:50.531 [info] > git for-each-ref --format=%(refname)%00%(upstream:short)%00%(objectname)%00%(upstream:track)%00%(upstream:remotename)%00%(upstream:remoteref) refs/heads/main refs/remotes/main [1ms]
2024-11-16 02:22:50.531 [warning] [Git][getBranch] No such branch: main
2024-11-16 02:22:50.539 [info] > git status -z -uall [5ms]
2024-11-16 02:22:50.540 [info] > git for-each-ref --sort -committerdate --format %(refname) %(objectname) %(*objectname) [2ms]
2024-11-16 02:22:55.558 [info] [Git][getRemotes] No remotes found in the git config file
2024-11-16 02:22:55.558 [info] > git config --get commit.template [3ms]
2024-11-16 02:22:55.558 [info] > git for-each-ref --format=%(refname)%00%(upstream:short)%00%(objectname)%00%(upstream:track)%00%(upstream:remotename)%00%(upstream:remoteref) refs/heads/main refs/remotes/main [0ms]
2024-11-16 02:22:55.558 [warning] [Git][getBranch] No such branch: main
2024-11-16 02:22:55.565 [info] > git status -z -uall [4ms]
2024-11-16 02:22:55.567 [info] > git for-each-ref --sort -committerdate --format %(refname) %(objectname) %(*objectname) [2ms]
2024-11-16 02:24:34.606 [info] [Git][getRemotes] No remotes found in the git config file
2024-11-16 02:24:34.607 [info] > git for-each-ref --format=%(refname)%00%(upstream:short)%00%(objectname)%00%(upstream:track)%00%(upstream:remotename)%00%(upstream:remoteref) refs/heads/main refs/remotes/main [1ms]
2024-11-16 02:24:34.607 [warning] [Git][getBranch] No such branch: main
2024-11-16 02:24:34.608 [info] > git config --get commit.template [13ms]
2024-11-16 02:24:34.625 [info] > git status -z -uall [9ms]
2024-11-16 02:24:34.625 [info] > git for-each-ref --sort -committerdate --format %(refname) %(objectname) %(*objectname) [1ms]
2024-11-16 02:24:39.657 [info] [Git][getRemotes] No remotes found in the git config file
2024-11-16 02:24:39.657 [info] > git config --get commit.template [4ms]
2024-11-16 02:24:39.657 [info] > git for-each-ref --format=%(refname)%00%(upstream:short)%00%(objectname)%00%(upstream:track)%00%(upstream:remotename)%00%(upstream:remoteref) refs/heads/main refs/remotes/main [1ms]
2024-11-16 02:24:39.657 [warning] [Git][getBranch] No such branch: main
2024-11-16 02:24:39.665 [info] > git status -z -uall [4ms]
2024-11-16 02:24:39.667 [info] > git for-each-ref --sort -committerdate --format %(refname) %(objectname) %(*objectname) [3ms]
2024-11-16 02:25:52.297 [info] [Git][getRemotes] No remotes found in the git config file
2024-11-16 02:25:52.303 [info] > git for-each-ref --format=%(refname)%00%(upstream:short)%00%(objectname)%00%(upstream:track)%00%(upstream:remotename)%00%(upstream:remoteref) refs/heads/main refs/remotes/main [6ms]
2024-11-16 02:25:52.303 [warning] [Git][getBranch] No such branch: main
2024-11-16 02:25:52.303 [info] > git config --get commit.template [15ms]
2024-11-16 02:25:52.316 [info] > git status -z -uall [6ms]
2024-11-16 02:25:52.316 [info] > git for-each-ref --sort -committerdate --format %(refname) %(objectname) %(*objectname) [2ms]
2024-11-16 02:27:12.435 [info] [Git][getRemotes] No remotes found in the git config file
2024-11-16 02:27:12.440 [info] > git config --get commit.template [5ms]
2024-11-16 02:27:12.442 [info] > git for-each-ref --format=%(refname)%00%(upstream:short)%00%(objectname)%00%(upstream:track)%00%(upstream:remotename)%00%(upstream:remoteref) refs/heads/main refs/remotes/main [3ms]
2024-11-16 02:27:12.443 [warning] [Git][getBranch] No such branch: main
2024-11-16 02:27:12.452 [info] > git status -z -uall [5ms]
2024-11-16 02:27:12.454 [info] > git for-each-ref --sort -committerdate --format %(refname) %(objectname) %(*objectname) [3ms]
2024-11-16 02:27:17.491 [info] [Git][getRemotes] No remotes found in the git config file
2024-11-16 02:27:17.492 [info] > git config --get commit.template [15ms]
2024-11-16 02:27:17.493 [info] > git for-each-ref --format=%(refname)%00%(upstream:short)%00%(objectname)%00%(upstream:track)%00%(upstream:remotename)%00%(upstream:remoteref) refs/heads/main refs/remotes/main [2ms]
2024-11-16 02:27:17.493 [warning] [Git][getBranch] No such branch: main
2024-11-16 02:27:17.513 [info] > git status -z -uall [9ms]
2024-11-16 02:27:17.518 [info] > git for-each-ref --sort -committerdate --format %(refname) %(objectname) %(*objectname) [6ms]
2024-11-16 02:27:19.363 [info] > git show --textconv :hypr/hyprland/misc.conf [7ms]
2024-11-16 02:27:19.364 [info] > git ls-files --stage -- /home/spaced/.config/hypr/hyprland/misc.conf [1ms]
2024-11-16 02:27:31.949 [info] [Git][getRemotes] No remotes found in the git config file
2024-11-16 02:27:31.949 [info] > git config --get commit.template [6ms]
2024-11-16 02:27:31.949 [info] > git for-each-ref --format=%(refname)%00%(upstream:short)%00%(objectname)%00%(upstream:track)%00%(upstream:remotename)%00%(upstream:remoteref) refs/heads/main refs/remotes/main [1ms]
2024-11-16 02:27:31.949 [warning] [Git][getBranch] No such branch: main
2024-11-16 02:27:31.960 [info] > git status -z -uall [7ms]
2024-11-16 02:27:31.962 [info] > git for-each-ref --sort -committerdate --format %(refname) %(objectname) %(*objectname) [3ms]
2024-11-16 02:27:36.980 [info] > git config --get commit.template [2ms]
2024-11-16 02:27:36.980 [info] [Git][getRemotes] No remotes found in the git config file
2024-11-16 02:27:36.991 [info] > git for-each-ref --format=%(refname)%00%(upstream:short)%00%(objectname)%00%(upstream:track)%00%(upstream:remotename)%00%(upstream:remoteref) refs/heads/main refs/remotes/main [1ms]
2024-11-16 02:27:36.991 [warning] [Git][getBranch] No such branch: main
2024-11-16 02:27:36.998 [info] > git status -z -uall [4ms]
2024-11-16 02:27:37.000 [info] > git for-each-ref --sort -committerdate --format %(refname) %(objectname) %(*objectname) [3ms]
2024-11-16 02:27:42.018 [info] [Git][getRemotes] No remotes found in the git config file
2024-11-16 02:27:42.019 [info] > git config --get commit.template [4ms]
2024-11-16 02:27:42.019 [info] > git for-each-ref --format=%(refname)%00%(upstream:short)%00%(objectname)%00%(upstream:track)%00%(upstream:remotename)%00%(upstream:remoteref) refs/heads/main refs/remotes/main [1ms]
2024-11-16 02:27:42.019 [warning] [Git][getBranch] No such branch: main
2024-11-16 02:27:42.026 [info] > git status -z -uall [4ms]
2024-11-16 02:27:42.029 [info] > git for-each-ref --sort -committerdate --format %(refname) %(objectname) %(*objectname) [3ms]
2024-11-16 02:27:47.219 [info] [Git][getRemotes] No remotes found in the git config file
2024-11-16 02:27:47.221 [info] > git config --get commit.template [19ms]
2024-11-16 02:27:47.223 [info] > git for-each-ref --format=%(refname)%00%(upstream:short)%00%(objectname)%00%(upstream:track)%00%(upstream:remotename)%00%(upstream:remoteref) refs/heads/main refs/remotes/main [4ms]
2024-11-16 02:27:47.223 [warning] [Git][getBranch] No such branch: main
2024-11-16 02:27:47.254 [info] > git status -z -uall [15ms]
2024-11-16 02:27:47.258 [info] > git for-each-ref --sort -committerdate --format %(refname) %(objectname) %(*objectname) [5ms]
2024-11-16 02:28:28.621 [info] [Git][getRemotes] No remotes found in the git config file
2024-11-16 02:28:28.622 [info] > git config --get commit.template [6ms]
2024-11-16 02:28:28.622 [info] > git for-each-ref --format=%(refname)%00%(upstream:short)%00%(objectname)%00%(upstream:track)%00%(upstream:remotename)%00%(upstream:remoteref) refs/heads/main refs/remotes/main [1ms]
2024-11-16 02:28:28.622 [warning] [Git][getBranch] No such branch: main
2024-11-16 02:28:28.632 [info] > git status -z -uall [5ms]
2024-11-16 02:28:28.634 [info] > git for-each-ref --sort -committerdate --format %(refname) %(objectname) %(*objectname) [2ms]
2024-11-16 02:28:33.652 [info] [Git][getRemotes] No remotes found in the git config file
2024-11-16 02:28:33.653 [info] > git config --get commit.template [4ms]
2024-11-16 02:28:33.653 [info] > git for-each-ref --format=%(refname)%00%(upstream:short)%00%(objectname)%00%(upstream:track)%00%(upstream:remotename)%00%(upstream:remoteref) refs/heads/main refs/remotes/main [1ms]
2024-11-16 02:28:33.653 [warning] [Git][getBranch] No such branch: main
2024-11-16 02:28:33.661 [info] > git status -z -uall [4ms]
2024-11-16 02:28:33.663 [info] > git for-each-ref --sort -committerdate --format %(refname) %(objectname) %(*objectname) [3ms]
2024-11-16 02:28:40.485 [info] > git config --get commit.template [2ms]
2024-11-16 02:28:40.493 [info] [Git][getRemotes] No remotes found in the git config file
2024-11-16 02:28:40.494 [info] > git for-each-ref --format=%(refname)%00%(upstream:short)%00%(objectname)%00%(upstream:track)%00%(upstream:remotename)%00%(upstream:remoteref) refs/heads/main refs/remotes/main [1ms]
2024-11-16 02:28:40.494 [warning] [Git][getBranch] No such branch: main
2024-11-16 02:28:40.506 [info] > git status -z -uall [6ms]
2024-11-16 02:28:40.508 [info] > git for-each-ref --sort -committerdate --format %(refname) %(objectname) %(*objectname) [3ms]
2024-11-16 02:29:03.246 [info] [Git][getRemotes] No remotes found in the git config file
2024-11-16 02:29:03.246 [info] > git config --get commit.template [6ms]
2024-11-16 02:29:03.247 [info] > git for-each-ref --format=%(refname)%00%(upstream:short)%00%(objectname)%00%(upstream:track)%00%(upstream:remotename)%00%(upstream:remoteref) refs/heads/main refs/remotes/main [1ms]
2024-11-16 02:29:03.247 [warning] [Git][getBranch] No such branch: main
2024-11-16 02:29:03.257 [info] > git status -z -uall [5ms]
2024-11-16 02:29:03.259 [info] > git for-each-ref --sort -committerdate --format %(refname) %(objectname) %(*objectname) [2ms]
2024-11-16 02:29:09.611 [info] [Git][getRemotes] No remotes found in the git config file
2024-11-16 02:29:09.611 [info] > git config --get commit.template [10ms]
2024-11-16 02:29:09.612 [info] > git for-each-ref --format=%(refname)%00%(upstream:short)%00%(objectname)%00%(upstream:track)%00%(upstream:remotename)%00%(upstream:remoteref) refs/heads/main refs/remotes/main [2ms]
2024-11-16 02:29:09.612 [warning] [Git][getBranch] No such branch: main
2024-11-16 02:29:09.624 [info] > git status -z -uall [6ms]
2024-11-16 02:29:09.628 [info] > git for-each-ref --sort -committerdate --format %(refname) %(objectname) %(*objectname) [3ms]
2024-11-16 02:29:14.648 [info] [Git][getRemotes] No remotes found in the git config file
2024-11-16 02:29:14.649 [info] > git config --get commit.template [4ms]
2024-11-16 02:29:14.650 [info] > git for-each-ref --format=%(refname)%00%(upstream:short)%00%(objectname)%00%(upstream:track)%00%(upstream:remotename)%00%(upstream:remoteref) refs/heads/main refs/remotes/main [2ms]
2024-11-16 02:29:14.650 [warning] [Git][getBranch] No such branch: main
2024-11-16 02:29:14.658 [info] > git status -z -uall [5ms]
2024-11-16 02:29:14.660 [info] > git for-each-ref --sort -committerdate --format %(refname) %(objectname) %(*objectname) [3ms]
2024-11-16 02:29:19.677 [info] [Git][getRemotes] No remotes found in the git config file
2024-11-16 02:29:19.677 [info] > git config --get commit.template [3ms]
2024-11-16 02:29:19.682 [info] > git for-each-ref --format=%(refname)%00%(upstream:short)%00%(objectname)%00%(upstream:track)%00%(upstream:remotename)%00%(upstream:remoteref) refs/heads/main refs/remotes/main [5ms]
2024-11-16 02:29:19.682 [warning] [Git][getBranch] No such branch: main
2024-11-16 02:29:19.690 [info] > git status -z -uall [4ms]
2024-11-16 02:29:19.692 [info] > git for-each-ref --sort -committerdate --format %(refname) %(objectname) %(*objectname) [2ms]
2024-11-16 02:29:36.891 [info] [Git][getRemotes] No remotes found in the git config file
2024-11-16 02:29:36.891 [info] > git for-each-ref --format=%(refname)%00%(upstream:short)%00%(objectname)%00%(upstream:track)%00%(upstream:remotename)%00%(upstream:remoteref) refs/heads/main refs/remotes/main [0ms]
2024-11-16 02:29:36.892 [warning] [Git][getBranch] No such branch: main
2024-11-16 02:29:36.892 [info] > git config --get commit.template [8ms]
2024-11-16 02:29:36.910 [info] > git status -z -uall [9ms]
2024-11-16 02:29:36.910 [info] > git for-each-ref --sort -committerdate --format %(refname) %(objectname) %(*objectname) [1ms]
2024-11-16 02:30:01.165 [info] [Git][getRemotes] No remotes found in the git config file
2024-11-16 02:30:01.166 [info] > git config --get commit.template [9ms]
2024-11-16 02:30:01.166 [info] > git for-each-ref --format=%(refname)%00%(upstream:short)%00%(objectname)%00%(upstream:track)%00%(upstream:remotename)%00%(upstream:remoteref) refs/heads/main refs/remotes/main [1ms]
2024-11-16 02:30:01.166 [warning] [Git][getBranch] No such branch: main
2024-11-16 02:30:01.180 [info] > git status -z -uall [6ms]
2024-11-16 02:30:01.183 [info] > git for-each-ref --sort -committerdate --format %(refname) %(objectname) %(*objectname) [4ms]
2024-11-16 02:30:06.209 [info] [Git][getRemotes] No remotes found in the git config file
2024-11-16 02:30:06.209 [info] > git config --get commit.template [4ms]
2024-11-16 02:30:06.209 [info] > git for-each-ref --format=%(refname)%00%(upstream:short)%00%(objectname)%00%(upstream:track)%00%(upstream:remotename)%00%(upstream:remoteref) refs/heads/main refs/remotes/main [0ms]
2024-11-16 02:30:06.209 [warning] [Git][getBranch] No such branch: main
2024-11-16 02:30:06.216 [info] > git status -z -uall [4ms]
2024-11-16 02:30:06.218 [info] > git for-each-ref --sort -committerdate --format %(refname) %(objectname) %(*objectname) [2ms]
2024-11-16 02:30:11.238 [info] [Git][getRemotes] No remotes found in the git config file
2024-11-16 02:30:11.238 [info] > git config --get commit.template [4ms]
2024-11-16 02:30:11.238 [info] > git for-each-ref --format=%(refname)%00%(upstream:short)%00%(objectname)%00%(upstream:track)%00%(upstream:remotename)%00%(upstream:remoteref) refs/heads/main refs/remotes/main [0ms]
2024-11-16 02:30:11.238 [warning] [Git][getBranch] No such branch: main
2024-11-16 02:30:11.246 [info] > git status -z -uall [4ms]
2024-11-16 02:30:11.247 [info] > git for-each-ref --sort -committerdate --format %(refname) %(objectname) %(*objectname) [2ms]
