2024-11-16 02:18:38.661 [info] Added views:outline in workbench.view.explorer
2024-11-16 02:18:38.661 [info] Added views:workbench.view.search in workbench.view.search
2024-11-16 02:18:38.661 [info] Added views:workbench.scm in workbench.view.scm
2024-11-16 02:18:38.661 [info] Added views:workbench.panel.markers.view in workbench.panel.markers
2024-11-16 02:18:38.661 [info] Added views:workbench.panel.output in workbench.panel.output
2024-11-16 02:18:38.661 [info] Added views:terminal in terminal
2024-11-16 02:18:38.661 [info] Added views:timeline in workbench.view.explorer
2024-11-16 02:18:38.661 [info] Added views:workbench.explorer.fileView in workbench.view.explorer
2024-11-16 02:18:38.801 [info] Added views:workbench.debug.welcome in workbench.view.debug
2024-11-16 02:18:38.980 [info] Added views:windsurf.chatPanelView in workbench.view.extension.windsurf
2024-11-16 02:18:38.980 [info] Added views:windsurfDevContainers in workbench.view.remote
2024-11-16 02:18:38.980 [info] Added views:windsurfSSHHosts in workbench.view.remote
2024-11-16 02:18:39.144 [info] Added views:workbench.panel.repl.view in workbench.panel.repl
2024-11-16 02:18:39.537 [info] Added views:~remote.forwardedPorts in ~remote.forwardedPortsContainer
2024-11-16 02:18:54.919 [info] Added views:outline in workbench.view.explorer
2024-11-16 02:18:54.919 [info] Added views:workbench.view.search in workbench.view.search
2024-11-16 02:18:54.919 [info] Added views:workbench.scm in workbench.view.scm
2024-11-16 02:18:54.919 [info] Added views:workbench.panel.markers.view in workbench.panel.markers
2024-11-16 02:18:54.919 [info] Added views:workbench.panel.output in workbench.panel.output
2024-11-16 02:18:54.919 [info] Added views:terminal in terminal
2024-11-16 02:18:54.919 [info] Added views:timeline in workbench.view.explorer
2024-11-16 02:18:54.919 [info] Added views:workbench.explorer.fileView in workbench.view.explorer
2024-11-16 02:18:55.023 [info] Added views:workbench.debug.variablesView,workbench.debug.watchExpressionsView,workbench.debug.callStackView,workbench.debug.breakPointsView in workbench.view.debug
2024-11-16 02:18:55.173 [info] Added views:windsurf.chatPanelView in workbench.view.extension.windsurf
2024-11-16 02:18:55.173 [info] Added views:windsurfDevContainers in workbench.view.remote
2024-11-16 02:18:55.173 [info] Added views:windsurfSSHHosts in workbench.view.remote
2024-11-16 02:18:55.277 [info] Added views:workbench.panel.repl.view in workbench.panel.repl
2024-11-16 02:18:55.277 [info] Removed views:workbench.debug.breakPointsView,workbench.debug.callStackView,workbench.debug.watchExpressionsView,workbench.debug.variablesView from workbench.view.debug
2024-11-16 02:18:55.278 [info] Added views:workbench.debug.welcome in workbench.view.debug
2024-11-16 02:18:55.288 [info] Added views:~remote.forwardedPorts in ~remote.forwardedPortsContainer
2024-11-16 02:19:08.026 [info] Added views:outline in workbench.view.explorer
2024-11-16 02:19:08.026 [info] Added views:workbench.view.search in workbench.view.search
2024-11-16 02:19:08.026 [info] Added views:workbench.scm in workbench.view.scm
2024-11-16 02:19:08.026 [info] Added views:workbench.panel.markers.view in workbench.panel.markers
2024-11-16 02:19:08.026 [info] Added views:workbench.panel.output in workbench.panel.output
2024-11-16 02:19:08.026 [info] Added views:terminal in terminal
2024-11-16 02:19:08.026 [info] Added views:timeline in workbench.view.explorer
2024-11-16 02:19:08.026 [info] Added views:workbench.explorer.fileView in workbench.view.explorer
2024-11-16 02:19:08.230 [info] Added views:workbench.debug.variablesView,workbench.debug.watchExpressionsView,workbench.debug.callStackView,workbench.debug.breakPointsView in workbench.view.debug
2024-11-16 02:19:08.319 [info] Added views:windsurfDevContainers in workbench.view.remote
2024-11-16 02:19:08.319 [info] Added views:windsurfSSHHosts in workbench.view.remote
2024-11-16 02:19:08.413 [info] Added views:~remote.forwardedPorts in ~remote.forwardedPortsContainer
2024-11-16 02:19:08.451 [info] Added views:workbench.panel.repl.view in workbench.panel.repl
2024-11-16 02:19:08.452 [info] Removed views:workbench.debug.breakPointsView,workbench.debug.callStackView,workbench.debug.watchExpressionsView,workbench.debug.variablesView from workbench.view.debug
2024-11-16 02:19:08.453 [info] Added views:workbench.debug.welcome in workbench.view.debug
2024-11-16 02:19:10.562 [info] Added views:windsurf.chatPanelView in workbench.view.extension.windsurf
2024-11-16 02:19:10.922 [info] Added views:workbench.scm.history in workbench.view.scm
2024-11-16 02:30:13.565 [info] Removed views:workbench.scm.history from workbench.view.scm
