2024/11/16 02:43:44 maxprocs: Leaving GOMAXPROCS=8: CPU quota undefined
I1116 02:43:44.282760 20636 main.go:566] Setting GOMAXPROCS to 8
I1116 02:43:44.282822 20636 main.go:776] Starting language server process with pid 20636
I1116 02:43:44.282843 20636 server.go:199] Language server will attempt to listen on host 127.0.0.1
I1116 02:43:44.283006 20636 server.go:206] Language server listening on random port at 45857
I1116 02:43:44.283036 20636 unleash.go:94] Initializing Unleash
I1116 02:43:44.419586 20636 unleash.go:114] Successfully initialized Unleash
I1116 02:43:44.419624 20636 server.go:267] Created extension server client at port 33631
E1116 02:43:44.426334 20636 client_manager.go:275] Metadata is nil when trying to refresh user JWT
I1116 02:43:44.426639 20636 server.go:490] Successfully created API server client
I1116 02:43:44.451745 20636 server.go:505] Successfully initialized tokenizer
I1116 02:43:44.552612 20636 server.go:668] Local search is enabled, will index local files.
I1116 02:43:44.552630 20636 server.go:672] Using 2 indexer workers
I1116 02:43:44.553973 20636 sqlite_faiss_db_client.go:64] Successfully created embedding search database in 1ms
I1116 02:43:44.554165 20636 indexer.go:213] Using 8 embed workers
I1116 02:43:44.554186 20636 search_provider.go:274] Successfully created and started indexer
I1116 02:43:44.554203 20636 search_provider.go:304] Successfully created embedding search provider
I1116 02:43:44.557071 20636 server.go:759] Successfully created completion provider
I1116 02:43:44.560944 20636 server.go:323] LSP listening on random port at 45049
(VSCode) 2024-11-16 02:43:44.566 [INFO]: Language server started
(VSCode) 2024-11-16 02:43:44.593 [INFO]: LS lspClient started successfully
(VSCode) 2024-11-16 02:44:10.380 [INFO]: Skipping completions because the prompt is too short
(VSCode) 2024-11-16 02:44:10.381 [INFO]: Completion request succeeded (6.36ms)
E1116 02:44:10.465966 20636 interceptor.go:51] /exa.language_server_pb.LanguageServerService/HandleStreamingCommand: document has less than 3 lines, skipping supercomplete
(VSCode) 2024-11-16 02:44:10.468 [INFO]: Skipping completions because the prompt is too short
(VSCode) 2024-11-16 02:44:10.469 [INFO]: Completion request succeeded (19.76ms)
(VSCode) 2024-11-16 02:44:11.261 [INFO]: Skipping completions because the prompt is too short
(VSCode) 2024-11-16 02:44:11.262 [INFO]: Completion request succeeded (5.05ms)
E1116 02:44:11.279752 20636 interceptor.go:51] /exa.language_server_pb.LanguageServerService/HandleStreamingCommand: document has less than 3 lines, skipping supercomplete
(VSCode) 2024-11-16 02:44:11.556 [INFO]: Skipping completions because the prompt is too short
(VSCode) 2024-11-16 02:44:11.556 [INFO]: Completion request succeeded (5.07ms)
E1116 02:44:11.574206 20636 interceptor.go:51] /exa.language_server_pb.LanguageServerService/HandleStreamingCommand: document has less than 3 lines, skipping supercomplete
(VSCode) 2024-11-16 02:44:11.648 [INFO]: Skipping completions because the prompt is too short
(VSCode) 2024-11-16 02:44:11.648 [INFO]: Completion request succeeded (19.08ms)
E1116 02:44:11.652721 20636 interceptor.go:51] /exa.language_server_pb.LanguageServerService/HandleStreamingCommand: document has less than 3 lines, skipping supercomplete
(VSCode) 2024-11-16 02:44:11.777 [INFO]: Skipping completions because the prompt is too short
(VSCode) 2024-11-16 02:44:11.778 [INFO]: Completion request succeeded (7.94ms)
(VSCode) 2024-11-16 02:44:11.855 [INFO]: Skipping completions because the prompt is too short
(VSCode) 2024-11-16 02:44:11.856 [INFO]: Completion request succeeded (18.14ms)
E1116 02:44:11.861454 20636 interceptor.go:51] /exa.language_server_pb.LanguageServerService/HandleStreamingCommand: document has less than 3 lines, skipping supercomplete
(VSCode) 2024-11-16 02:44:15.176 [INFO]: Skipping completions because the prompt is too short
(VSCode) 2024-11-16 02:44:15.176 [INFO]: Completion request succeeded (7.19ms)
E1116 02:44:15.197759 20636 interceptor.go:51] /exa.language_server_pb.LanguageServerService/HandleStreamingCommand: document has less than 3 lines, skipping supercomplete
E1116 02:44:15.699486 20636 interceptor.go:51] /exa.language_server_pb.LanguageServerService/HandleStreamingCommand: document has less than 3 lines, skipping supercomplete
(VSCode) 2024-11-16 02:44:15.703 [INFO]: Skipping completions because the prompt is too short
(VSCode) 2024-11-16 02:44:15.704 [INFO]: Completion request succeeded (4.19ms)
E1116 02:44:17.784252 20636 interceptor.go:51] /exa.language_server_pb.LanguageServerService/HandleStreamingCommand: document has less than 3 lines, skipping supercomplete
(VSCode) 2024-11-16 02:44:18.138 [INFO]: Generated 3 completions
(VSCode) 2024-11-16 02:44:18.138 [INFO]: Completion request succeeded (376.43ms)
(VSCode) 2024-11-16 02:44:38.269 [INFO]: Skipping completions because the prompt is too short
(VSCode) 2024-11-16 02:44:38.269 [INFO]: Completion request succeeded (11.21ms)
E1116 02:44:38.282626 20636 interceptor.go:51] /exa.language_server_pb.LanguageServerService/HandleStreamingCommand: document has less than 3 lines, skipping supercomplete
(VSCode) 2024-11-16 02:44:38.412 [INFO]: Skipping completions because the prompt is too short
(VSCode) 2024-11-16 02:44:38.412 [INFO]: Completion request succeeded (9.19ms)
E1116 02:44:38.428670 20636 interceptor.go:51] /exa.language_server_pb.LanguageServerService/HandleStreamingCommand: document has less than 3 lines, skipping supercomplete
(VSCode) 2024-11-16 02:44:38.782 [INFO]: Skipping completions because the prompt is too short
(VSCode) 2024-11-16 02:44:38.782 [INFO]: Completion request succeeded (21.39ms)
E1116 02:44:38.797633 20636 interceptor.go:51] /exa.language_server_pb.LanguageServerService/HandleStreamingCommand: document has less than 3 lines, skipping supercomplete
(VSCode) 2024-11-16 02:44:41.279 [INFO]: Skipping completions because the prompt is too short
(VSCode) 2024-11-16 02:44:41.279 [INFO]: Completion request succeeded (18.82ms)
E1116 02:44:41.285107 20636 interceptor.go:51] /exa.language_server_pb.LanguageServerService/HandleStreamingCommand: document has less than 3 lines, skipping supercomplete
(VSCode) 2024-11-16 02:44:41.709 [INFO]: Skipping completions because the prompt is too short
(VSCode) 2024-11-16 02:44:41.709 [INFO]: Completion request succeeded (6.46ms)
E1116 02:44:41.728048 20636 interceptor.go:51] /exa.language_server_pb.LanguageServerService/HandleStreamingCommand: document has less than 3 lines, skipping supercomplete
E1116 02:44:43.211212 20636 interceptor.go:51] /exa.language_server_pb.LanguageServerService/HandleStreamingCommand: document has less than 3 lines, skipping supercomplete
(VSCode) 2024-11-16 02:44:43.213 [INFO]: Skipping completions because the prompt is too short
(VSCode) 2024-11-16 02:44:43.214 [INFO]: Completion request succeeded (6.66ms)
(VSCode) 2024-11-16 02:44:45.384 [INFO]: Skipping completions because the prompt is too short
(VSCode) 2024-11-16 02:44:45.385 [INFO]: Completion request succeeded (15.91ms)
E1116 02:44:45.392687 20636 interceptor.go:51] /exa.language_server_pb.LanguageServerService/HandleStreamingCommand: document has less than 3 lines, skipping supercomplete
(VSCode) 2024-11-16 02:44:46.567 [INFO]: Skipping completions because the prompt is too short
(VSCode) 2024-11-16 02:44:46.567 [INFO]: Completion request succeeded (8.19ms)
E1116 02:44:46.581386 20636 interceptor.go:51] /exa.language_server_pb.LanguageServerService/HandleStreamingCommand: document has less than 3 lines, skipping supercomplete
E1116 02:44:47.486175 20636 interceptor.go:51] /exa.language_server_pb.LanguageServerService/HandleStreamingCommand: document has less than 3 lines, skipping supercomplete
(VSCode) 2024-11-16 02:44:47.855 [INFO]: Generated 2 completions
(VSCode) 2024-11-16 02:44:47.856 [INFO]: Completion request succeeded (393.41ms)
E1116 02:44:49.073490 20636 interceptor.go:51] /exa.language_server_pb.LanguageServerService/HandleStreamingCommand: document has less than 3 lines, skipping supercomplete
(VSCode) 2024-11-16 02:44:49.077 [INFO]: Generated 2 completions
(VSCode) 2024-11-16 02:44:49.078 [INFO]: Completion request succeeded (10.2ms)
(VSCode) 2024-11-16 02:44:49.283 [INFO]: Generated 2 completions
(VSCode) 2024-11-16 02:44:49.283 [INFO]: Completion request succeeded (7.31ms)
E1116 02:44:49.308773 20636 interceptor.go:51] /exa.language_server_pb.LanguageServerService/HandleStreamingCommand: document has less than 3 lines, skipping supercomplete
(VSCode) 2024-11-16 02:44:49.407 [INFO]: Generated 2 completions
(VSCode) 2024-11-16 02:44:49.407 [INFO]: Completion request succeeded (6.1ms)
(VSCode) 2024-11-16 02:44:49.487 [INFO]: Generated 2 completions
(VSCode) 2024-11-16 02:44:49.488 [INFO]: Completion request succeeded (16.4ms)
E1116 02:44:49.496330 20636 interceptor.go:51] /exa.language_server_pb.LanguageServerService/HandleStreamingCommand: document has less than 3 lines, skipping supercomplete
E1116 02:44:49.992892 20636 interceptor.go:51] /exa.language_server_pb.LanguageServerService/HandleStreamingCommand: document has less than 3 lines, skipping supercomplete
(VSCode) 2024-11-16 02:44:50.375 [INFO]: Generated 2 completions
(VSCode) 2024-11-16 02:44:50.376 [INFO]: Completion request succeeded (419.48ms)
(VSCode) 2024-11-16 02:44:54.051 [INFO]: Generated 2 completions
(VSCode) 2024-11-16 02:44:54.051 [INFO]: Completion request succeeded (4.65ms)
E1116 02:44:56.048363 20636 interceptor.go:51] /exa.language_server_pb.LanguageServerService/HandleStreamingCommand: document has less than 3 lines, skipping supercomplete
E1116 02:44:56.452365 20636 interceptor.go:51] /exa.language_server_pb.LanguageServerService/HandleStreamingCommand: document has less than 3 lines, skipping supercomplete
E1116 02:44:56.846209 20636 interceptor.go:51] /exa.language_server_pb.LanguageServerService/HandleStreamingCommand: document has less than 3 lines, skipping supercomplete
E1116 02:44:57.501955 20636 interceptor.go:51] /exa.language_server_pb.LanguageServerService/HandleStreamingCommand: document has less than 3 lines, skipping supercomplete
E1116 02:44:57.726758 20636 interceptor.go:51] /exa.language_server_pb.LanguageServerService/HandleStreamingCommand: document has less than 3 lines, skipping supercomplete
E1116 02:44:57.910991 20636 interceptor.go:51] /exa.language_server_pb.LanguageServerService/HandleStreamingCommand: document has less than 3 lines, skipping supercomplete
E1116 02:44:58.147050 20636 interceptor.go:51] /exa.language_server_pb.LanguageServerService/HandleStreamingCommand: document has less than 3 lines, skipping supercomplete
E1116 02:44:58.352314 20636 interceptor.go:51] /exa.language_server_pb.LanguageServerService/HandleStreamingCommand: document has less than 3 lines, skipping supercomplete
E1116 02:44:58.608025 20636 interceptor.go:51] /exa.language_server_pb.LanguageServerService/HandleStreamingCommand: document has less than 3 lines, skipping supercomplete
E1116 02:44:58.872080 20636 interceptor.go:51] /exa.language_server_pb.LanguageServerService/HandleStreamingCommand: document has less than 3 lines, skipping supercomplete
E1116 02:44:59.232414 20636 interceptor.go:51] /exa.language_server_pb.LanguageServerService/HandleStreamingCommand: document has less than 3 lines, skipping supercomplete
E1116 02:44:59.637312 20636 interceptor.go:51] /exa.language_server_pb.LanguageServerService/HandleStreamingCommand: document has less than 3 lines, skipping supercomplete
E1116 02:48:59.393080 20636 interceptor.go:51] /exa.language_server_pb.LanguageServerService/HandleStreamingCommand: empty edit summary
