2024/11/16 02:49:53 maxprocs: Leaving GOMAXPROCS=8: CPU quota undefined
I1116 02:49:54.075189 21269 main.go:566] Setting GOMAXPROCS to 8
I1116 02:49:54.075243 21269 main.go:776] Starting language server process with pid 21269
I1116 02:49:54.075264 21269 server.go:199] Language server will attempt to listen on host 127.0.0.1
I1116 02:49:54.075368 21269 server.go:206] Language server listening on random port at 43185
I1116 02:49:54.075393 21269 unleash.go:94] Initializing Unleash
I1116 02:49:54.204218 21269 unleash.go:114] Successfully initialized Unleash
I1116 02:49:54.204400 21269 server.go:267] Created extension server client at port 46455
E1116 02:49:54.213906 21269 client_manager.go:275] Metadata is nil when trying to refresh user JWT
I1116 02:49:54.214186 21269 server.go:490] Successfully created API server client
I1116 02:49:54.240251 21269 server.go:505] Successfully initialized tokenizer
I1116 02:49:54.345191 21269 server.go:668] Local search is enabled, will index local files.
I1116 02:49:54.345209 21269 server.go:672] Using 2 indexer workers
I1116 02:49:54.346577 21269 sqlite_faiss_db_client.go:64] Successfully created embedding search database in 1ms
I1116 02:49:54.346774 21269 indexer.go:213] Using 8 embed workers
I1116 02:49:54.346803 21269 search_provider.go:274] Successfully created and started indexer
I1116 02:49:54.346819 21269 search_provider.go:304] Successfully created embedding search provider
I1116 02:49:54.350003 21269 server.go:759] Successfully created completion provider
I1116 02:49:54.353820 21269 server.go:323] LSP listening on random port at 35117
(VSCode) 2024-11-16 02:49:54.360 [INFO]: Language server started
(VSCode) 2024-11-16 02:49:54.402 [INFO]: LS lspClient started successfully
