2024-11-16 02:35:13.820 [info] [main] Log level: Info
2024-11-16 02:35:13.820 [info] [main] Validating found git in: "git"
2024-11-16 02:35:13.820 [info] [main] Using git "2.47.0" from "git"
2024-11-16 02:35:13.820 [info] [Model][doInitialScan] Initial repository scan started
2024-11-16 02:35:13.820 [info] > git rev-parse --show-toplevel [217ms]
2024-11-16 02:35:13.820 [info] > git rev-parse --path-format=relative --show-toplevel [28ms]
2024-11-16 02:35:13.821 [info] > git rev-parse --git-dir --git-common-dir [2ms]
2024-11-16 02:35:13.828 [info] [Model][openRepository] Opened repository: /home/spaced/.config
2024-11-16 02:35:13.838 [info] > git rev-parse --show-toplevel [2ms]
2024-11-16 02:35:13.842 [info] > git config --get commit.template [9ms]
2024-11-16 02:35:13.844 [info] > git rev-parse --path-format=relative --show-toplevel [2ms]
2024-11-16 02:35:13.848 [info] [Git][getRemotes] No remotes found in the git config file
2024-11-16 02:35:13.848 [info] > git for-each-ref --format=%(refname)%00%(upstream:short)%00%(objectname)%00%(upstream:track)%00%(upstream:remotename)%00%(upstream:remoteref) refs/heads/main refs/remotes/main [1ms]
2024-11-16 02:35:13.848 [warning] [Git][getBranch] No such branch: main
2024-11-16 02:35:13.858 [info] > git status -z -uall [6ms]
2024-11-16 02:35:13.861 [info] > git for-each-ref --sort -committerdate --format %(refname) %(objectname) %(*objectname) [5ms]
2024-11-16 02:35:13.879 [info] > git for-each-ref --format=%(refname)%00%(upstream:short)%00%(objectname)%00%(upstream:track)%00%(upstream:remotename)%00%(upstream:remoteref) refs/heads/main refs/remotes/main [3ms]
2024-11-16 02:35:13.879 [warning] [Git][getBranch] No such branch: main
2024-11-16 02:35:13.879 [error] [GitHistoryProvider][resolveHEADMergeBase] Failed to resolve merge base for main: Error: No such branch: main.
2024-11-16 02:35:13.886 [info] > git rev-parse --show-toplevel [2ms]
2024-11-16 02:35:13.890 [info] > git rev-parse --path-format=relative --show-toplevel [1ms]
2024-11-16 02:35:13.895 [info] > git rev-parse --show-toplevel [0ms]
2024-11-16 02:35:13.898 [info] > git rev-parse --path-format=relative --show-toplevel [1ms]
2024-11-16 02:35:13.902 [info] > git rev-parse --show-toplevel [1ms]
2024-11-16 02:35:13.908 [info] > git rev-parse --path-format=relative --show-toplevel [3ms]
2024-11-16 02:35:13.912 [info] > git rev-parse --show-toplevel [1ms]
2024-11-16 02:35:13.915 [info] > git rev-parse --path-format=relative --show-toplevel [0ms]
2024-11-16 02:35:13.919 [info] > git rev-parse --show-toplevel [1ms]
2024-11-16 02:35:13.922 [info] > git rev-parse --path-format=relative --show-toplevel [1ms]
2024-11-16 02:35:14.002 [info] > git rev-parse --show-toplevel [77ms]
2024-11-16 02:35:14.006 [info] > git rev-parse --path-format=relative --show-toplevel [1ms]
2024-11-16 02:35:14.010 [info] > git rev-parse --show-toplevel [1ms]
2024-11-16 02:35:14.016 [info] > git rev-parse --path-format=relative --show-toplevel [1ms]
2024-11-16 02:35:14.020 [info] > git rev-parse --show-toplevel [1ms]
2024-11-16 02:35:14.024 [info] > git rev-parse --path-format=relative --show-toplevel [1ms]
2024-11-16 02:35:14.029 [info] > git rev-parse --show-toplevel [1ms]
2024-11-16 02:35:14.032 [info] > git rev-parse --path-format=relative --show-toplevel [0ms]
2024-11-16 02:35:14.038 [info] > git rev-parse --show-toplevel [1ms]
2024-11-16 02:35:14.042 [info] > git rev-parse --path-format=relative --show-toplevel [1ms]
2024-11-16 02:35:14.046 [info] > git rev-parse --show-toplevel [1ms]
2024-11-16 02:35:14.050 [info] > git rev-parse --path-format=relative --show-toplevel [2ms]
2024-11-16 02:35:14.054 [info] > git rev-parse --show-toplevel [1ms]
2024-11-16 02:35:14.057 [info] > git rev-parse --path-format=relative --show-toplevel [0ms]
2024-11-16 02:35:14.061 [info] > git rev-parse --show-toplevel [1ms]
2024-11-16 02:35:14.066 [info] > git rev-parse --path-format=relative --show-toplevel [1ms]
2024-11-16 02:35:14.070 [info] > git rev-parse --show-toplevel [1ms]
2024-11-16 02:35:14.073 [info] > git rev-parse --path-format=relative --show-toplevel [0ms]
2024-11-16 02:35:14.077 [info] > git rev-parse --show-toplevel [0ms]
2024-11-16 02:35:14.081 [info] > git rev-parse --path-format=relative --show-toplevel [0ms]
2024-11-16 02:35:14.085 [info] > git rev-parse --show-toplevel [1ms]
2024-11-16 02:35:14.088 [info] > git rev-parse --path-format=relative --show-toplevel [0ms]
2024-11-16 02:35:14.093 [info] > git rev-parse --show-toplevel [1ms]
2024-11-16 02:35:14.096 [info] > git rev-parse --path-format=relative --show-toplevel [0ms]
2024-11-16 02:35:14.100 [info] > git rev-parse --show-toplevel [1ms]
2024-11-16 02:35:14.104 [info] > git rev-parse --path-format=relative --show-toplevel [1ms]
2024-11-16 02:35:14.108 [info] > git rev-parse --show-toplevel [1ms]
2024-11-16 02:35:14.112 [info] > git rev-parse --path-format=relative --show-toplevel [1ms]
2024-11-16 02:35:14.115 [info] > git rev-parse --show-toplevel [0ms]
2024-11-16 02:35:14.120 [info] > git rev-parse --path-format=relative --show-toplevel [1ms]
2024-11-16 02:35:14.124 [info] > git rev-parse --show-toplevel [1ms]
2024-11-16 02:35:14.128 [info] > git rev-parse --path-format=relative --show-toplevel [1ms]
2024-11-16 02:35:14.132 [info] > git rev-parse --show-toplevel [1ms]
2024-11-16 02:35:14.135 [info] > git rev-parse --path-format=relative --show-toplevel [0ms]
2024-11-16 02:35:14.139 [info] > git rev-parse --show-toplevel [1ms]
2024-11-16 02:35:14.142 [info] > git rev-parse --path-format=relative --show-toplevel [0ms]
2024-11-16 02:35:14.184 [info] > git rev-parse --show-toplevel [37ms]
2024-11-16 02:35:14.192 [info] > git rev-parse --path-format=relative --show-toplevel [4ms]
2024-11-16 02:35:14.199 [info] > git rev-parse --show-toplevel [3ms]
2024-11-16 02:35:14.205 [info] > git rev-parse --path-format=relative --show-toplevel [3ms]
2024-11-16 02:35:14.209 [info] > git rev-parse --show-toplevel [1ms]
2024-11-16 02:35:14.213 [info] > git rev-parse --path-format=relative --show-toplevel [1ms]
2024-11-16 02:35:14.219 [info] > git rev-parse --show-toplevel [3ms]
2024-11-16 02:35:14.222 [info] > git rev-parse --path-format=relative --show-toplevel [0ms]
2024-11-16 02:35:14.242 [info] > git rev-parse --show-toplevel [1ms]
2024-11-16 02:35:14.245 [info] > git rev-parse --path-format=relative --show-toplevel [0ms]
2024-11-16 02:35:14.247 [info] [Model][doInitialScan] Initial repository scan completed - repositories (1), closed repositories (0), parent repositories (0), unsafe repositories (0)
2024-11-16 02:35:14.254 [info] > git show --textconv :hypr/hyprland/style.conf [4ms]
2024-11-16 02:35:14.255 [info] > git ls-files --stage -- /home/spaced/.config/hypr/hyprland/style.conf [1ms]
2024-11-16 02:35:14.351 [info] > git check-ignore -v -z --stdin [1ms]
2024-11-16 02:35:14.474 [info] > git config --get commit.template [22ms]
2024-11-16 02:35:14.494 [info] [Git][getRemotes] No remotes found in the git config file
2024-11-16 02:35:14.496 [info] > git for-each-ref --format=%(refname)%00%(upstream:short)%00%(objectname)%00%(upstream:track)%00%(upstream:remotename)%00%(upstream:remoteref) refs/heads/main refs/remotes/main [2ms]
2024-11-16 02:35:14.496 [warning] [Git][getBranch] No such branch: main
2024-11-16 02:35:14.505 [info] > git status -z -uall [5ms]
2024-11-16 02:35:14.509 [info] > git for-each-ref --sort -committerdate --format %(refname) %(objectname) %(*objectname) [5ms]
2024-11-16 02:35:17.190 [info] [Git][getRemotes] No remotes found in the git config file
2024-11-16 02:35:17.191 [info] > git config --get commit.template [4ms]
2024-11-16 02:35:17.191 [info] > git for-each-ref --format=%(refname)%00%(upstream:short)%00%(objectname)%00%(upstream:track)%00%(upstream:remotename)%00%(upstream:remoteref) refs/heads/main refs/remotes/main [1ms]
2024-11-16 02:35:17.191 [warning] [Git][getBranch] No such branch: main
2024-11-16 02:35:17.198 [info] > git status -z -uall [4ms]
2024-11-16 02:35:17.198 [info] > git for-each-ref --sort -committerdate --format %(refname) %(objectname) %(*objectname) [1ms]
2024-11-16 02:35:22.218 [info] [Git][getRemotes] No remotes found in the git config file
2024-11-16 02:35:22.219 [info] > git config --get commit.template [4ms]
2024-11-16 02:35:22.219 [info] > git for-each-ref --format=%(refname)%00%(upstream:short)%00%(objectname)%00%(upstream:track)%00%(upstream:remotename)%00%(upstream:remoteref) refs/heads/main refs/remotes/main [1ms]
2024-11-16 02:35:22.219 [warning] [Git][getBranch] No such branch: main
2024-11-16 02:35:22.227 [info] > git status -z -uall [5ms]
2024-11-16 02:35:22.227 [info] > git for-each-ref --sort -committerdate --format %(refname) %(objectname) %(*objectname) [1ms]
2024-11-16 02:35:27.241 [info] [Git][getRemotes] No remotes found in the git config file
2024-11-16 02:35:27.242 [info] > git config --get commit.template [4ms]
2024-11-16 02:35:27.242 [info] > git for-each-ref --format=%(refname)%00%(upstream:short)%00%(objectname)%00%(upstream:track)%00%(upstream:remotename)%00%(upstream:remoteref) refs/heads/main refs/remotes/main [1ms]
2024-11-16 02:35:27.242 [warning] [Git][getBranch] No such branch: main
2024-11-16 02:35:27.250 [info] > git status -z -uall [4ms]
2024-11-16 02:35:27.252 [info] > git for-each-ref --sort -committerdate --format %(refname) %(objectname) %(*objectname) [2ms]
2024-11-16 02:35:27.456 [info] > git check-ignore -v -z --stdin [0ms]
2024-11-16 02:35:48.227 [info] [Git][getRemotes] No remotes found in the git config file
2024-11-16 02:35:48.228 [info] > git config --get commit.template [6ms]
2024-11-16 02:35:48.228 [info] > git for-each-ref --format=%(refname)%00%(upstream:short)%00%(objectname)%00%(upstream:track)%00%(upstream:remotename)%00%(upstream:remoteref) refs/heads/main refs/remotes/main [1ms]
2024-11-16 02:35:48.228 [warning] [Git][getBranch] No such branch: main
2024-11-16 02:35:48.237 [info] > git status -z -uall [5ms]
2024-11-16 02:35:48.240 [info] > git for-each-ref --sort -committerdate --format %(refname) %(objectname) %(*objectname) [4ms]
2024-11-16 02:35:53.259 [info] [Git][getRemotes] No remotes found in the git config file
2024-11-16 02:35:53.259 [info] > git config --get commit.template [5ms]
2024-11-16 02:35:53.259 [info] > git for-each-ref --format=%(refname)%00%(upstream:short)%00%(objectname)%00%(upstream:track)%00%(upstream:remotename)%00%(upstream:remoteref) refs/heads/main refs/remotes/main [0ms]
2024-11-16 02:35:53.260 [warning] [Git][getBranch] No such branch: main
2024-11-16 02:35:53.267 [info] > git status -z -uall [4ms]
2024-11-16 02:35:53.267 [info] > git for-each-ref --sort -committerdate --format %(refname) %(objectname) %(*objectname) [1ms]
2024-11-16 02:35:57.279 [info] [main] Log level: Info
2024-11-16 02:35:57.279 [info] [main] Validating found git in: "git"
2024-11-16 02:35:57.279 [info] [main] Using git "2.47.0" from "git"
2024-11-16 02:35:57.279 [info] [Model][doInitialScan] Initial repository scan started
2024-11-16 02:35:57.279 [info] > git rev-parse --show-toplevel [3ms]
2024-11-16 02:35:57.279 [info] > git rev-parse --path-format=relative --show-toplevel [2ms]
2024-11-16 02:35:57.359 [info] > git rev-parse --show-toplevel [12ms]
2024-11-16 02:35:57.369 [info] > git rev-parse --path-format=relative --show-toplevel [4ms]
2024-11-16 02:35:57.380 [info] > git rev-parse --show-toplevel [1ms]
2024-11-16 02:35:57.387 [info] > git rev-parse --path-format=relative --show-toplevel [1ms]
2024-11-16 02:35:57.399 [info] > git rev-parse --show-toplevel [0ms]
2024-11-16 02:35:57.406 [info] > git rev-parse --path-format=relative --show-toplevel [1ms]
2024-11-16 02:35:57.413 [info] > git rev-parse --show-toplevel [1ms]
2024-11-16 02:35:57.419 [info] > git rev-parse --path-format=relative --show-toplevel [1ms]
2024-11-16 02:35:57.427 [info] > git rev-parse --show-toplevel [0ms]
2024-11-16 02:35:57.432 [info] > git rev-parse --path-format=relative --show-toplevel [1ms]
2024-11-16 02:35:57.447 [info] > git rev-parse --show-toplevel [4ms]
2024-11-16 02:35:57.452 [info] > git rev-parse --path-format=relative --show-toplevel [1ms]
2024-11-16 02:35:57.459 [info] > git rev-parse --show-toplevel [1ms]
2024-11-16 02:35:57.464 [info] > git rev-parse --path-format=relative --show-toplevel [1ms]
2024-11-16 02:35:57.465 [info] [Model][doInitialScan] Initial repository scan completed - repositories (0), closed repositories (0), parent repositories (1), unsafe repositories (0)
2024-11-16 02:35:59.184 [info] > git rev-parse --show-toplevel [1ms]
2024-11-16 02:35:59.190 [info] > git rev-parse --path-format=relative --show-toplevel [2ms]
2024-11-16 02:36:31.877 [info] > git rev-parse --show-toplevel [2ms]
2024-11-16 02:36:31.883 [info] > git rev-parse --path-format=relative --show-toplevel [2ms]
2024-11-16 02:36:34.956 [info] > git rev-parse --show-toplevel [2ms]
2024-11-16 02:36:34.963 [info] > git rev-parse --path-format=relative --show-toplevel [3ms]
2024-11-16 02:40:19.086 [info] > git rev-parse --show-toplevel [3ms]
2024-11-16 02:40:19.091 [info] > git rev-parse --path-format=relative --show-toplevel [1ms]
2024-11-16 02:43:44.165 [info] [main] Log level: Info
2024-11-16 02:43:44.165 [info] [main] Validating found git in: "git"
2024-11-16 02:43:44.165 [info] [main] Using git "2.47.0" from "git"
2024-11-16 02:43:44.165 [info] [Model][doInitialScan] Initial repository scan started
2024-11-16 02:43:44.165 [info] > git rev-parse --show-toplevel [8ms]
2024-11-16 02:43:44.165 [info] > git rev-parse --path-format=relative --show-toplevel [267ms]
2024-11-16 02:43:44.195 [info] > git rev-parse --show-toplevel [4ms]
2024-11-16 02:43:44.217 [info] > git rev-parse --path-format=relative --show-toplevel [1ms]
2024-11-16 02:43:44.237 [info] > git rev-parse --show-toplevel [2ms]
2024-11-16 02:43:44.246 [info] > git rev-parse --path-format=relative --show-toplevel [1ms]
2024-11-16 02:43:44.262 [info] > git rev-parse --show-toplevel [0ms]
2024-11-16 02:43:44.269 [info] > git rev-parse --path-format=relative --show-toplevel [0ms]
2024-11-16 02:43:44.276 [info] > git rev-parse --show-toplevel [1ms]
2024-11-16 02:43:44.283 [info] > git rev-parse --path-format=relative --show-toplevel [0ms]
2024-11-16 02:43:44.290 [info] > git rev-parse --show-toplevel [1ms]
2024-11-16 02:43:44.297 [info] > git rev-parse --path-format=relative --show-toplevel [2ms]
2024-11-16 02:43:44.302 [info] > git rev-parse --show-toplevel [1ms]
2024-11-16 02:43:44.308 [info] > git rev-parse --path-format=relative --show-toplevel [1ms]
2024-11-16 02:43:44.311 [info] [Model][doInitialScan] Initial repository scan completed - repositories (0), closed repositories (0), parent repositories (1), unsafe repositories (0)
2024-11-16 02:43:50.753 [info] > git rev-parse --show-toplevel [1ms]
2024-11-16 02:43:50.761 [info] > git rev-parse --path-format=relative --show-toplevel [2ms]
2024-11-16 02:48:59.322 [info] > git rev-parse --show-toplevel [5ms]
2024-11-16 02:48:59.327 [info] > git rev-parse --path-format=relative --show-toplevel [1ms]
2024-11-16 02:49:46.899 [info] > git rev-parse --show-toplevel [1ms]
2024-11-16 02:49:46.905 [info] > git rev-parse --path-format=relative --show-toplevel [1ms]
2024-11-16 02:49:46.911 [info] > git rev-parse --show-toplevel [1ms]
2024-11-16 02:49:46.917 [info] > git rev-parse --path-format=relative --show-toplevel [1ms]
2024-11-16 02:49:53.953 [info] [main] Log level: Info
2024-11-16 02:49:53.953 [info] [main] Validating found git in: "git"
2024-11-16 02:49:53.953 [info] [main] Using git "2.47.0" from "git"
2024-11-16 02:49:53.953 [info] [Model][doInitialScan] Initial repository scan started
2024-11-16 02:49:53.953 [info] > git rev-parse --show-toplevel [8ms]
2024-11-16 02:49:53.953 [info] > git rev-parse --path-format=relative --show-toplevel [247ms]
2024-11-16 02:49:53.955 [info] [Model][doInitialScan] Initial repository scan completed - repositories (0), closed repositories (0), parent repositories (1), unsafe repositories (0)
2024-11-16 02:49:57.710 [info] [main] Log level: Info
2024-11-16 02:49:57.710 [info] [main] Validating found git in: "git"
2024-11-16 02:49:57.710 [info] [main] Using git "2.47.0" from "git"
2024-11-16 02:49:57.710 [info] [Model][doInitialScan] Initial repository scan started
2024-11-16 02:49:57.710 [info] > git rev-parse --show-toplevel [3ms]
2024-11-16 02:49:57.710 [info] > git rev-parse --path-format=relative --show-toplevel [2ms]
2024-11-16 02:49:57.935 [info] > git rev-parse --show-toplevel [20ms]
2024-11-16 02:49:57.939 [info] > git rev-parse --path-format=relative --show-toplevel [1ms]
2024-11-16 02:49:57.946 [info] > git rev-parse --show-toplevel [1ms]
2024-11-16 02:49:57.950 [info] > git rev-parse --path-format=relative --show-toplevel [0ms]
2024-11-16 02:49:57.953 [info] [Model][doInitialScan] Initial repository scan completed - repositories (0), closed repositories (0), parent repositories (1), unsafe repositories (0)
2024-11-16 02:49:59.995 [info] > git rev-parse --show-toplevel [1ms]
2024-11-16 02:50:00.010 [info] > git rev-parse --path-format=relative --show-toplevel [9ms]
2024-11-16 02:50:07.750 [info] > git rev-parse --show-toplevel [1ms]
2024-11-16 02:50:07.754 [info] > git rev-parse --path-format=relative --show-toplevel [1ms]
2024-11-16 02:50:14.018 [info] > git rev-parse --show-toplevel [4ms]
2024-11-16 02:50:14.028 [info] > git rev-parse --path-format=relative --show-toplevel [5ms]
2024-11-16 02:50:20.796 [info] > git rev-parse --show-toplevel [5ms]
2024-11-16 02:50:20.800 [info] > git rev-parse --path-format=relative --show-toplevel [1ms]
2024-11-16 02:50:26.224 [info] > git rev-parse --show-toplevel [2ms]
2024-11-16 02:50:26.229 [info] > git rev-parse --path-format=relative --show-toplevel [1ms]
2024-11-16 02:50:27.972 [info] > git rev-parse --show-toplevel [11ms]
2024-11-16 02:50:27.981 [info] > git rev-parse --path-format=relative --show-toplevel [3ms]
2024-11-16 02:50:29.388 [info] > git rev-parse --show-toplevel [1ms]
2024-11-16 02:50:29.394 [info] > git rev-parse --path-format=relative --show-toplevel [1ms]
2024-11-16 02:51:20.232 [info] > git rev-parse --show-toplevel [2ms]
2024-11-16 02:51:20.247 [info] > git rev-parse --path-format=relative --show-toplevel [8ms]
2024-11-16 02:51:24.905 [info] > git rev-parse --show-toplevel [2ms]
2024-11-16 02:51:24.911 [info] > git rev-parse --path-format=relative --show-toplevel [2ms]
2024-11-16 02:55:00.119 [info] > git rev-parse --show-toplevel [1ms]
2024-11-16 02:55:00.125 [info] > git rev-parse --path-format=relative --show-toplevel [1ms]
2024-11-16 02:55:01.170 [info] > git rev-parse --show-toplevel [4ms]
2024-11-16 02:55:01.175 [info] > git rev-parse --path-format=relative --show-toplevel [1ms]
2024-11-16 02:56:02.768 [info] > git rev-parse --show-toplevel [1ms]
2024-11-16 02:56:02.776 [info] > git rev-parse --path-format=relative --show-toplevel [2ms]
2024-11-16 02:57:17.526 [info] > git rev-parse --show-toplevel [2ms]
2024-11-16 02:57:17.533 [info] > git rev-parse --path-format=relative --show-toplevel [3ms]
2024-11-16 02:57:31.710 [info] > git rev-parse --show-toplevel [1ms]
2024-11-16 02:57:31.718 [info] > git rev-parse --path-format=relative --show-toplevel [4ms]
2024-11-16 02:57:32.571 [info] > git rev-parse --show-toplevel [1ms]
2024-11-16 02:57:32.582 [info] > git rev-parse --path-format=relative --show-toplevel [4ms]
2024-11-16 02:57:56.443 [info] > git rev-parse --show-toplevel [2ms]
2024-11-16 02:57:56.451 [info] > git rev-parse --path-format=relative --show-toplevel [3ms]
2024-11-16 02:59:59.852 [info] > git rev-parse --show-toplevel [1ms]
2024-11-16 02:59:59.860 [info] > git rev-parse --path-format=relative --show-toplevel [2ms]
2024-11-16 03:00:09.100 [info] > git rev-parse --show-toplevel [2ms]
2024-11-16 03:00:09.108 [info] > git rev-parse --path-format=relative --show-toplevel [3ms]
2024-11-16 03:00:11.315 [info] > git rev-parse --show-toplevel [1ms]
2024-11-16 03:00:11.322 [info] > git rev-parse --path-format=relative --show-toplevel [3ms]
2024-11-16 03:00:28.527 [info] > git rev-parse --show-toplevel [2ms]
2024-11-16 03:00:28.536 [info] > git rev-parse --path-format=relative --show-toplevel [4ms]
2024-11-16 03:02:30.892 [info] > git rev-parse --show-toplevel [1ms]
2024-11-16 03:02:30.898 [info] > git rev-parse --path-format=relative --show-toplevel [1ms]
2024-11-16 03:02:32.053 [info] > git rev-parse --show-toplevel [3ms]
2024-11-16 03:02:32.062 [info] > git rev-parse --path-format=relative --show-toplevel [2ms]
2024-11-16 03:02:54.144 [info] > git rev-parse --show-toplevel [1ms]
2024-11-16 03:02:54.151 [info] > git rev-parse --path-format=relative --show-toplevel [1ms]
2024-11-16 03:02:55.227 [info] > git rev-parse --show-toplevel [3ms]
2024-11-16 03:02:55.236 [info] > git rev-parse --path-format=relative --show-toplevel [3ms]
2024-11-16 03:03:01.416 [info] > git rev-parse --show-toplevel [2ms]
2024-11-16 03:03:01.424 [info] > git rev-parse --path-format=relative --show-toplevel [3ms]
2024-11-16 03:06:34.448 [info] > git rev-parse --show-toplevel [2ms]
2024-11-16 03:06:34.455 [info] > git rev-parse --path-format=relative --show-toplevel [2ms]
2024-11-16 03:06:37.426 [info] > git rev-parse --show-toplevel [1ms]
2024-11-16 03:06:37.431 [info] > git rev-parse --path-format=relative --show-toplevel [0ms]
2024-11-16 03:06:39.260 [info] > git rev-parse --show-toplevel [2ms]
2024-11-16 03:06:39.270 [info] > git rev-parse --path-format=relative --show-toplevel [2ms]
2024-11-16 03:06:52.427 [info] > git rev-parse --show-toplevel [5ms]
2024-11-16 03:06:52.433 [info] > git rev-parse --path-format=relative --show-toplevel [1ms]
2024-11-16 03:07:26.426 [info] > git rev-parse --show-toplevel [1ms]
2024-11-16 03:07:26.433 [info] > git rev-parse --path-format=relative --show-toplevel [2ms]
2024-11-16 03:07:47.348 [info] > git rev-parse --show-toplevel [1ms]
2024-11-16 03:07:47.354 [info] > git rev-parse --path-format=relative --show-toplevel [2ms]
2024-11-16 03:07:47.994 [info] > git rev-parse --show-toplevel [3ms]
2024-11-16 03:07:48.002 [info] > git rev-parse --path-format=relative --show-toplevel [3ms]
2024-11-16 03:07:53.869 [info] > git rev-parse --show-toplevel [2ms]
2024-11-16 03:07:53.876 [info] > git rev-parse --path-format=relative --show-toplevel [2ms]
2024-11-16 03:08:00.487 [info] > git rev-parse --show-toplevel [1ms]
2024-11-16 03:08:00.496 [info] > git rev-parse --path-format=relative --show-toplevel [4ms]
2024-11-16 03:08:11.681 [info] > git rev-parse --show-toplevel [1ms]
2024-11-16 03:08:11.687 [info] > git rev-parse --path-format=relative --show-toplevel [1ms]
2024-11-16 03:08:13.393 [info] > git rev-parse --show-toplevel [2ms]
2024-11-16 03:08:13.402 [info] > git rev-parse --path-format=relative --show-toplevel [3ms]
2024-11-16 03:08:16.826 [info] > git rev-parse --show-toplevel [1ms]
2024-11-16 03:08:16.832 [info] > git rev-parse --path-format=relative --show-toplevel [1ms]
2024-11-16 03:08:21.363 [info] > git rev-parse --show-toplevel [2ms]
2024-11-16 03:08:21.372 [info] > git rev-parse --path-format=relative --show-toplevel [3ms]
2024-11-16 03:08:23.208 [info] > git rev-parse --show-toplevel [1ms]
2024-11-16 03:08:23.215 [info] > git rev-parse --path-format=relative --show-toplevel [1ms]
2024-11-16 03:08:23.836 [info] > git rev-parse --show-toplevel [2ms]
2024-11-16 03:08:23.845 [info] > git rev-parse --path-format=relative --show-toplevel [3ms]
2024-11-16 03:08:25.677 [info] > git rev-parse --show-toplevel [2ms]
2024-11-16 03:08:25.686 [info] > git rev-parse --path-format=relative --show-toplevel [3ms]
2024-11-16 03:08:28.291 [info] > git rev-parse --show-toplevel [2ms]
2024-11-16 03:08:28.297 [info] > git rev-parse --path-format=relative --show-toplevel [1ms]
2024-11-16 03:08:34.068 [info] > git rev-parse --show-toplevel [1ms]
2024-11-16 03:08:34.075 [info] > git rev-parse --path-format=relative --show-toplevel [1ms]
2024-11-16 03:12:07.642 [info] > git rev-parse --show-toplevel [1ms]
2024-11-16 03:12:07.651 [info] > git rev-parse --path-format=relative --show-toplevel [3ms]
2024-11-16 03:12:15.624 [info] > git rev-parse --show-toplevel [1ms]
2024-11-16 03:12:15.634 [info] > git rev-parse --path-format=relative --show-toplevel [5ms]
2024-11-16 03:12:17.672 [info] > git rev-parse --show-toplevel [2ms]
2024-11-16 03:12:17.680 [info] > git rev-parse --path-format=relative --show-toplevel [3ms]
2024-11-16 03:12:36.152 [info] > git rev-parse --show-toplevel [2ms]
2024-11-16 03:12:36.162 [info] > git rev-parse --path-format=relative --show-toplevel [4ms]
