2024-11-16 02:08:00.875 [info] [main] Log level: Info
2024-11-16 02:08:00.875 [info] [main] Validating found git in: "git"
2024-11-16 02:08:00.875 [info] [main] Using git "2.47.0" from "git"
2024-11-16 02:08:00.876 [info] [Model][doInitialScan] Initial repository scan started
2024-11-16 02:08:00.876 [info] [Model][doInitialScan] Initial repository scan completed - repositories (0), closed repositories (0), parent repositories (0), unsafe repositories (0)
2024-11-16 02:10:52.661 [info] [main] Log level: Info
2024-11-16 02:10:52.661 [info] [main] Validating found git in: "git"
2024-11-16 02:10:52.661 [info] [main] Using git "2.47.0" from "git"
2024-11-16 02:10:52.661 [info] [Model][doInitialScan] Initial repository scan started
2024-11-16 02:10:52.661 [info] > git rev-parse --show-toplevel [209ms]
2024-11-16 02:10:52.661 [info] > git rev-parse --path-format=relative --show-toplevel [26ms]
2024-11-16 02:10:52.667 [info] > git rev-parse --show-toplevel [1ms]
2024-11-16 02:10:52.672 [info] > git rev-parse --path-format=relative --show-toplevel [1ms]
2024-11-16 02:10:52.678 [info] > git rev-parse --show-toplevel [0ms]
2024-11-16 02:10:52.682 [info] > git rev-parse --path-format=relative --show-toplevel [1ms]
2024-11-16 02:10:52.688 [info] > git rev-parse --show-toplevel [1ms]
2024-11-16 02:10:52.693 [info] > git rev-parse --path-format=relative --show-toplevel [1ms]
2024-11-16 02:10:52.697 [info] > git rev-parse --show-toplevel [1ms]
2024-11-16 02:10:52.702 [info] > git rev-parse --path-format=relative --show-toplevel [1ms]
2024-11-16 02:10:52.705 [info] [Model][doInitialScan] Initial repository scan completed - repositories (0), closed repositories (0), parent repositories (1), unsafe repositories (0)
2024-11-16 02:10:53.415 [info] > git rev-parse --show-toplevel [3ms]
2024-11-16 02:10:53.420 [info] > git rev-parse --path-format=relative --show-toplevel [1ms]
2024-11-16 02:11:49.224 [info] > git rev-parse --show-toplevel [1ms]
2024-11-16 02:11:49.253 [info] > git rev-parse --path-format=relative --show-toplevel [26ms]
2024-11-16 02:11:51.977 [info] > git rev-parse --show-toplevel [1ms]
2024-11-16 02:11:51.988 [info] > git rev-parse --path-format=relative --show-toplevel [1ms]
2024-11-16 02:12:03.087 [info] > git rev-parse --show-toplevel [1ms]
2024-11-16 02:12:03.091 [info] > git rev-parse --path-format=relative --show-toplevel [1ms]
2024-11-16 02:12:03.889 [info] > git rev-parse --show-toplevel [2ms]
2024-11-16 02:12:03.894 [info] > git rev-parse --path-format=relative --show-toplevel [1ms]
2024-11-16 02:12:09.439 [info] > git rev-parse --show-toplevel [2ms]
2024-11-16 02:12:09.445 [info] > git rev-parse --path-format=relative --show-toplevel [2ms]
2024-11-16 02:12:09.518 [info] > git rev-parse --show-toplevel [1ms]
2024-11-16 02:12:09.523 [info] > git rev-parse --path-format=relative --show-toplevel [1ms]
