2024-11-16 02:08:00.138 [info] Added views:outline in workbench.view.explorer
2024-11-16 02:08:00.138 [info] Added views:workbench.view.search in workbench.view.search
2024-11-16 02:08:00.138 [info] Added views:workbench.scm in workbench.view.scm
2024-11-16 02:08:00.138 [info] Added views:workbench.panel.markers.view in workbench.panel.markers
2024-11-16 02:08:00.138 [info] Added views:workbench.panel.output in workbench.panel.output
2024-11-16 02:08:00.138 [info] Added views:terminal in terminal
2024-11-16 02:08:00.138 [info] Added views:timeline in workbench.view.explorer
2024-11-16 02:08:00.138 [info] Added views:workbench.explorer.emptyView in workbench.view.explorer
2024-11-16 02:08:00.215 [info] Added views:workbench.debug.variablesView,workbench.debug.watchExpressionsView,workbench.debug.callStackView,workbench.debug.breakPointsView in workbench.view.debug
2024-11-16 02:08:00.407 [info] Added views:windsurf.chatPanelView in workbench.view.extension.windsurf
2024-11-16 02:08:00.407 [info] Added views:windsurfDevContainers in workbench.view.remote
2024-11-16 02:08:00.407 [info] Added views:windsurfSSHHosts in workbench.view.remote
2024-11-16 02:08:00.429 [info] Added views:~remote.forwardedPorts in ~remote.forwardedPortsContainer
2024-11-16 02:08:00.512 [info] Added views:workbench.panel.repl.view in workbench.panel.repl
2024-11-16 02:08:00.513 [info] Removed views:workbench.debug.breakPointsView,workbench.debug.callStackView,workbench.debug.watchExpressionsView,workbench.debug.variablesView from workbench.view.debug
2024-11-16 02:08:00.514 [info] Added views:workbench.debug.welcome in workbench.view.debug
2024-11-16 02:10:48.114 [info] Added views:outline in workbench.view.explorer
2024-11-16 02:10:48.114 [info] Added views:workbench.view.search in workbench.view.search
2024-11-16 02:10:48.114 [info] Added views:workbench.scm in workbench.view.scm
2024-11-16 02:10:48.114 [info] Added views:workbench.panel.markers.view in workbench.panel.markers
2024-11-16 02:10:48.114 [info] Added views:workbench.panel.output in workbench.panel.output
2024-11-16 02:10:48.114 [info] Added views:terminal in terminal
2024-11-16 02:10:48.114 [info] Added views:timeline in workbench.view.explorer
2024-11-16 02:10:48.114 [info] Added views:workbench.explorer.fileView in workbench.view.explorer
2024-11-16 02:10:48.363 [info] Added views:windsurfDevContainers in workbench.view.remote
2024-11-16 02:10:48.363 [info] Added views:windsurfSSHHosts in workbench.view.remote
2024-11-16 02:10:48.431 [info] Added views:workbench.debug.variablesView,workbench.debug.watchExpressionsView,workbench.debug.callStackView,workbench.debug.breakPointsView in workbench.view.debug
2024-11-16 02:10:48.498 [info] Added views:~remote.forwardedPorts in ~remote.forwardedPortsContainer
2024-11-16 02:10:48.500 [info] Added views:workbench.panel.repl.view in workbench.panel.repl
2024-11-16 02:10:48.500 [info] Removed views:workbench.debug.breakPointsView,workbench.debug.callStackView,workbench.debug.watchExpressionsView,workbench.debug.variablesView from workbench.view.debug
2024-11-16 02:10:48.501 [info] Added views:workbench.debug.welcome in workbench.view.debug
2024-11-16 02:10:52.324 [info] Added views:windsurf.chatPanelView in workbench.view.extension.windsurf
2024-11-16 02:11:03.839 [info] Added views:workbench.views.extensions.installed,workbench.views.extensions.popular,extensions.recommendedList in workbench.view.extensions
2024-11-16 02:11:03.847 [info] Removed views:workbench.views.extensions.popular from workbench.view.extensions
2024-11-16 02:11:03.945 [info] Added views:workbench.views.extensions.popular in workbench.view.extensions
