2024/11/16 02:49:57 maxprocs: Leaving GOMAXPROCS=8: CPU quota undefined
I1116 02:49:57.994460 21349 main.go:566] Setting GOMAXPROCS to 8
I1116 02:49:57.994512 21349 main.go:776] Starting language server process with pid 21349
I1116 02:49:57.994533 21349 server.go:199] Language server will attempt to listen on host 127.0.0.1
I1116 02:49:57.994630 21349 server.go:206] Language server listening on random port at 38315
I1116 02:49:57.994658 21349 unleash.go:94] Initializing Unleash
I1116 02:49:58.162347 21349 unleash.go:114] Successfully initialized Unleash
I1116 02:49:58.162418 21349 server.go:267] Created extension server client at port 36267
E1116 02:49:58.184796 21349 client_manager.go:275] Metadata is nil when trying to refresh user JWT
I1116 02:49:58.185656 21349 server.go:490] Successfully created API server client
I1116 02:49:58.227059 21349 server.go:505] Successfully initialized tokenizer
I1116 02:49:58.322876 21349 server.go:668] Local search is enabled, will index local files.
I1116 02:49:58.322894 21349 server.go:672] Using 2 indexer workers
I1116 02:49:58.324221 21349 sqlite_faiss_db_client.go:64] Successfully created embedding search database in 1ms
I1116 02:49:58.324410 21349 indexer.go:213] Using 8 embed workers
I1116 02:49:58.324432 21349 search_provider.go:274] Successfully created and started indexer
I1116 02:49:58.324451 21349 search_provider.go:304] Successfully created embedding search provider
I1116 02:49:58.327437 21349 server.go:759] Successfully created completion provider
I1116 02:49:58.331564 21349 server.go:323] LSP listening on random port at 35873
(VSCode) 2024-11-16 02:49:58.339 [INFO]: Language server started
(VSCode) 2024-11-16 02:49:58.398 [INFO]: LS lspClient started successfully
(VSCode) 2024-11-16 02:55:19.617 [INFO]: Skipping completions because the prompt is too short
(VSCode) 2024-11-16 02:55:19.618 [INFO]: Completion request succeeded (17.43ms)
E1116 02:55:19.618636 21349 interceptor.go:51] /exa.language_server_pb.LanguageServerService/HandleStreamingCommand: document has less than 3 lines, skipping supercomplete
(VSCode) 2024-11-16 02:55:36.947 [INFO]: Skipping completions because the prompt is too short
(VSCode) 2024-11-16 02:55:36.947 [INFO]: Completion request succeeded (13.05ms)
E1116 02:55:36.955945 21349 interceptor.go:51] /exa.language_server_pb.LanguageServerService/HandleStreamingCommand: document has less than 3 lines, skipping supercomplete
(VSCode) 2024-11-16 02:55:37.368 [INFO]: Skipping completions because the prompt is too short
(VSCode) 2024-11-16 02:55:37.368 [INFO]: Completion request succeeded (5.15ms)
E1116 02:55:37.393731 21349 interceptor.go:51] /exa.language_server_pb.LanguageServerService/HandleStreamingCommand: document has less than 3 lines, skipping supercomplete
(VSCode) 2024-11-16 02:55:37.470 [INFO]: Skipping completions because the prompt is too short
(VSCode) 2024-11-16 02:55:37.470 [INFO]: Completion request succeeded (6.09ms)
(VSCode) 2024-11-16 02:55:37.527 [INFO]: Skipping completions because the prompt is too short
(VSCode) 2024-11-16 02:55:37.528 [INFO]: Completion request succeeded (4.53ms)
E1116 02:55:37.546763 21349 interceptor.go:51] /exa.language_server_pb.LanguageServerService/HandleStreamingCommand: document has less than 3 lines, skipping supercomplete
(VSCode) 2024-11-16 02:55:37.666 [INFO]: Skipping completions because the prompt is too short
(VSCode) 2024-11-16 02:55:37.666 [INFO]: Completion request succeeded (6.53ms)
E1116 02:55:37.695074 21349 interceptor.go:51] /exa.language_server_pb.LanguageServerService/HandleStreamingCommand: document has less than 3 lines, skipping supercomplete
(VSCode) 2024-11-16 02:55:37.929 [INFO]: Skipping completions because the prompt is too short
(VSCode) 2024-11-16 02:55:37.930 [INFO]: Completion request succeeded (8.07ms)
E1116 02:55:37.950435 21349 interceptor.go:51] /exa.language_server_pb.LanguageServerService/HandleStreamingCommand: document has less than 3 lines, skipping supercomplete
(VSCode) 2024-11-16 02:55:38.100 [INFO]: Skipping completions because the prompt is too short
(VSCode) 2024-11-16 02:55:38.100 [INFO]: Completion request succeeded (3.51ms)
E1116 02:55:38.121038 21349 interceptor.go:51] /exa.language_server_pb.LanguageServerService/HandleStreamingCommand: document has less than 3 lines, skipping supercomplete
(VSCode) 2024-11-16 02:55:38.265 [INFO]: Skipping completions because the prompt is too short
(VSCode) 2024-11-16 02:55:38.266 [INFO]: Completion request succeeded (7.95ms)
E1116 02:55:38.285717 21349 interceptor.go:51] /exa.language_server_pb.LanguageServerService/HandleStreamingCommand: document has less than 3 lines, skipping supercomplete
(VSCode) 2024-11-16 02:55:38.749 [INFO]: Skipping completions because the prompt is too short
(VSCode) 2024-11-16 02:55:38.750 [INFO]: Completion request succeeded (16.81ms)
E1116 02:55:38.758491 21349 interceptor.go:51] /exa.language_server_pb.LanguageServerService/HandleStreamingCommand: document has less than 3 lines, skipping supercomplete
(VSCode) 2024-11-16 02:55:38.910 [INFO]: Skipping completions because the prompt is too short
(VSCode) 2024-11-16 02:55:38.911 [INFO]: Completion request succeeded (12.43ms)
E1116 02:55:38.924376 21349 interceptor.go:51] /exa.language_server_pb.LanguageServerService/HandleStreamingCommand: document has less than 3 lines, skipping supercomplete
(VSCode) 2024-11-16 02:55:39.074 [INFO]: Skipping completions because the prompt is too short
(VSCode) 2024-11-16 02:55:39.074 [INFO]: Completion request succeeded (7.2ms)
E1116 02:55:39.095960 21349 interceptor.go:51] /exa.language_server_pb.LanguageServerService/HandleStreamingCommand: document has less than 3 lines, skipping supercomplete
(VSCode) 2024-11-16 02:55:39.352 [INFO]: Skipping completions because the prompt is too short
(VSCode) 2024-11-16 02:55:39.353 [INFO]: Completion request succeeded (7.31ms)
E1116 02:55:39.372925 21349 interceptor.go:51] /exa.language_server_pb.LanguageServerService/HandleStreamingCommand: document has less than 3 lines, skipping supercomplete
I1116 02:55:50.297805 21349 completion_provider.go:300] Updating implicit trajectory for document file:///home/spaced/.config/ags/desktop-shell-v2/style.scss
(VSCode) 2024-11-16 02:55:55.384 [INFO]: Generated 2 completions
(VSCode) 2024-11-16 02:55:55.386 [INFO]: Completion request succeeded (413.11ms)
(VSCode) 2024-11-16 02:55:57.417 [INFO]: Generated 2 completions
(VSCode) 2024-11-16 02:55:57.418 [INFO]: Completion request succeeded (442.5ms)
I1116 02:56:12.410057 21349 completion_provider.go:300] Updating implicit trajectory for document file:///home/spaced/.config/ags/desktop-shell-v2/scss/bar.scss
I1116 02:57:06.813888 21349 completion_provider.go:300] Updating implicit trajectory for document file:///home/spaced/.config/ags/desktop-shell-v2/scss/bar.scss
E1116 02:57:17.605117 21349 interceptor.go:51] /exa.language_server_pb.LanguageServerService/HandleStreamingCommand: empty edit summary
E1116 02:57:32.653342 21349 interceptor.go:51] /exa.language_server_pb.LanguageServerService/HandleStreamingCommand: empty edit summary
I1116 02:58:08.043045 21349 completion_provider.go:300] Updating implicit trajectory for document file:///home/spaced/.config/ags/desktop-shell-v2/scss/bar.scss
E1116 03:00:09.179239 21349 interceptor.go:51] /exa.language_server_pb.LanguageServerService/HandleStreamingCommand: empty edit summary
E1116 03:00:11.393856 21349 interceptor.go:51] /exa.language_server_pb.LanguageServerService/HandleStreamingCommand: empty edit summary
E1116 03:00:12.497514 21349 interceptor.go:51] /exa.language_server_pb.LanguageServerService/HandleStreamingCommand: empty edit summary
(VSCode) 2024-11-16 03:00:13.890 [INFO]: Completion request was cancelled by token (241.85ms)
(VSCode) 2024-11-16 03:00:13.891 [INFO]: Completion request was cancelled.
(VSCode) 2024-11-16 03:00:14.384 [INFO]: No completions were generated
(VSCode) 2024-11-16 03:00:14.384 [INFO]: Completion request succeeded (443.19ms)
(VSCode) 2024-11-16 03:00:40.368 [INFO]: No completions were generated
(VSCode) 2024-11-16 03:00:40.369 [INFO]: Completion request succeeded (324.62ms)
(VSCode) 2024-11-16 03:00:48.480 [INFO]: Skipping completions because the prompt is too short
(VSCode) 2024-11-16 03:00:48.481 [INFO]: Completion request succeeded (4.58ms)
E1116 03:00:48.498404 21349 interceptor.go:51] /exa.language_server_pb.LanguageServerService/HandleStreamingCommand: document has less than 3 lines, skipping supercomplete
(VSCode) 2024-11-16 03:00:48.562 [INFO]: Skipping completions because the prompt is too short
(VSCode) 2024-11-16 03:00:48.562 [INFO]: Completion request succeeded (8.79ms)
I1116 03:00:56.267630 21349 completion_provider.go:300] Updating implicit trajectory for document file:///home/spaced/.config/ags/desktop-shell-v2/widget/Bar.tsx
E1116 03:00:57.237335 21349 interceptor.go:51] /exa.language_server_pb.LanguageServerService/HandleStreamingCommand: document has less than 3 lines, skipping supercomplete
E1116 03:00:57.340072 21349 interceptor.go:51] /exa.language_server_pb.LanguageServerService/HandleStreamingCommand: document has less than 3 lines, skipping supercomplete
E1116 03:02:37.615075 21349 interceptor.go:51] /exa.language_server_pb.LanguageServerService/HandleStreamingCommand: empty edit summary
(VSCode) 2024-11-16 03:02:51.754 [INFO]: Completion request was cancelled by token (118.84ms)
(VSCode) 2024-11-16 03:02:51.755 [INFO]: Completion request was cancelled.
(VSCode) 2024-11-16 03:02:51.848 [INFO]: Completion request was cancelled by token (42.98ms)
(VSCode) 2024-11-16 03:02:51.849 [INFO]: Completion request was cancelled.
(VSCode) 2024-11-16 03:02:51.922 [INFO]: Completion request was cancelled by token (23.82ms)
(VSCode) 2024-11-16 03:02:51.923 [INFO]: Completion request was cancelled.
(VSCode) 2024-11-16 03:02:52.028 [INFO]: Completion request was cancelled by token (54.99ms)
(VSCode) 2024-11-16 03:02:52.028 [INFO]: Completion request was cancelled.
(VSCode) 2024-11-16 03:02:52.107 [INFO]: Completion request was cancelled by token (24.63ms)
(VSCode) 2024-11-16 03:02:52.108 [INFO]: Completion request was cancelled.
(VSCode) 2024-11-16 03:02:52.447 [INFO]: No completions were generated
(VSCode) 2024-11-16 03:02:52.448 [INFO]: Completion request succeeded (290.53ms)
(VSCode) 2024-11-16 03:02:58.305 [INFO]: Completion request was cancelled by token (102.18ms)
(VSCode) 2024-11-16 03:02:58.306 [INFO]: Completion request was cancelled.
(VSCode) 2024-11-16 03:02:58.389 [INFO]: Completion request was cancelled by token (33.1ms)
(VSCode) 2024-11-16 03:02:58.389 [INFO]: Completion request was cancelled.
(VSCode) 2024-11-16 03:02:58.471 [INFO]: Completion request was cancelled by token (31.59ms)
(VSCode) 2024-11-16 03:02:58.471 [INFO]: Completion request was cancelled.
(VSCode) 2024-11-16 03:02:58.570 [INFO]: Generated 1 completion
(VSCode) 2024-11-16 03:02:58.571 [INFO]: Completion request succeeded (49.15ms)
(VSCode) 2024-11-16 03:02:59.785 [INFO]: No completions were generated
(VSCode) 2024-11-16 03:02:59.785 [INFO]: Completion request succeeded (320.34ms)
(VSCode) 2024-11-16 03:03:20.625 [INFO]: No completions were generated
(VSCode) 2024-11-16 03:03:20.625 [INFO]: Completion request succeeded (305.08ms)
(VSCode) 2024-11-16 03:03:27.691 [INFO]: No completions were generated
(VSCode) 2024-11-16 03:03:27.691 [INFO]: Completion request succeeded (295.63ms)
(VSCode) 2024-11-16 03:03:50.790 [INFO]: No completions were generated
(VSCode) 2024-11-16 03:03:50.790 [INFO]: Completion request succeeded (302.34ms)
(VSCode) 2024-11-16 03:03:52.374 [INFO]: No completions were generated
(VSCode) 2024-11-16 03:03:52.375 [INFO]: Completion request succeeded (447.2ms)
(VSCode) 2024-11-16 03:03:53.408 [INFO]: No completions were generated
(VSCode) 2024-11-16 03:03:53.409 [INFO]: Completion request succeeded (463.78ms)
(VSCode) 2024-11-16 03:03:54.361 [INFO]: Completion request was cancelled by token (347.87ms)
(VSCode) 2024-11-16 03:03:54.361 [INFO]: Completion request was cancelled.
(VSCode) 2024-11-16 03:03:54.855 [INFO]: No completions were generated
(VSCode) 2024-11-16 03:03:54.856 [INFO]: Completion request succeeded (443.3ms)
(VSCode) 2024-11-16 03:03:55.855 [INFO]: No completions were generated
(VSCode) 2024-11-16 03:03:55.855 [INFO]: Completion request succeeded (302.58ms)
(VSCode) 2024-11-16 03:03:56.473 [INFO]: No completions were generated
(VSCode) 2024-11-16 03:03:56.474 [INFO]: Completion request succeeded (435.56ms)
(VSCode) 2024-11-16 03:03:57.599 [INFO]: No completions were generated
(VSCode) 2024-11-16 03:03:57.599 [INFO]: Completion request succeeded (292.78ms)
(VSCode) 2024-11-16 03:03:58.551 [INFO]: No completions were generated
(VSCode) 2024-11-16 03:03:58.552 [INFO]: Completion request succeeded (442.73ms)
I1116 03:04:30.272858 21349 completion_provider.go:300] Updating implicit trajectory for document file:///home/spaced/.config/ags/desktop-shell-v2/widget/Bar.tsx
I1116 03:05:31.558272 21349 completion_provider.go:300] Updating implicit trajectory for document file:///home/spaced/.config/ags/desktop-shell-v2/widget/Bar.tsx
(VSCode) 2024-11-16 03:05:56.326 [INFO]: Completion request was cancelled by token (142.44ms)
(VSCode) 2024-11-16 03:05:56.327 [INFO]: Completion request was cancelled.
(VSCode) 2024-11-16 03:05:56.435 [INFO]: Completion request was cancelled by token (58.62ms)
(VSCode) 2024-11-16 03:05:56.435 [INFO]: Completion request was cancelled.
(VSCode) 2024-11-16 03:05:56.502 [INFO]: Generated 1 completion
(VSCode) 2024-11-16 03:05:56.503 [INFO]: Completion request succeeded (16.45ms)
(VSCode) 2024-11-16 03:05:56.576 [INFO]: Generated 1 completion
(VSCode) 2024-11-16 03:05:56.577 [INFO]: Completion request succeeded (5.59ms)
(VSCode) 2024-11-16 03:05:56.759 [INFO]: Completion request was cancelled by token (32.84ms)
(VSCode) 2024-11-16 03:05:56.759 [INFO]: Completion request was cancelled.
(VSCode) 2024-11-16 03:05:57.117 [INFO]: No completions were generated
(VSCode) 2024-11-16 03:05:57.118 [INFO]: Completion request succeeded (309.4ms)
E1116 03:06:52.498516 21349 interceptor.go:51] /exa.language_server_pb.LanguageServerService/HandleStreamingCommand: empty edit summary
E1116 03:06:54.374326 21349 interceptor.go:51] /exa.language_server_pb.LanguageServerService/HandleStreamingCommand: empty edit summary
E1116 03:06:57.293306 21349 interceptor.go:51] /exa.language_server_pb.LanguageServerService/HandleStreamingCommand: empty edit summary
E1116 03:08:00.567025 21349 interceptor.go:51] /exa.language_server_pb.LanguageServerService/HandleStreamingCommand: empty edit summary
E1116 03:08:13.473578 21349 interceptor.go:51] /exa.language_server_pb.LanguageServerService/HandleStreamingCommand: empty edit summary
E1116 03:08:25.757183 21349 interceptor.go:51] /exa.language_server_pb.LanguageServerService/HandleStreamingCommand: empty edit summary
E1116 03:08:29.717677 21349 interceptor.go:51] /exa.language_server_pb.LanguageServerService/HandleStreamingCommand: empty edit summary
I1116 03:08:52.247806 21349 completion_provider.go:300] Updating implicit trajectory for document file:///home/spaced/.config/ags/desktop-shell-v2/widget/bar/modules/ActiveWindow.tsx
E1116 03:08:53.039876 21349 interceptor.go:51] /exa.language_server_pb.LanguageServerService/HandleStreamingCommand: document has less than 3 lines, skipping supercomplete
I1116 03:09:41.190199 21349 completion_provider.go:300] Updating implicit trajectory for document file:///home/spaced/.config/ags/desktop-shell-v2/widget/bar/modules/ActiveWindow.tsx
(VSCode) 2024-11-16 03:11:00.879 [INFO]: Generated 1 completion
(VSCode) 2024-11-16 03:11:00.880 [INFO]: Completion request succeeded (118.48ms)
(VSCode) 2024-11-16 03:11:01.360 [INFO]: No completions were generated
(VSCode) 2024-11-16 03:11:01.360 [INFO]: Completion request succeeded (254.53ms)
(VSCode) 2024-11-16 03:11:02.967 [INFO]: Generated 1 completion
(VSCode) 2024-11-16 03:11:02.967 [INFO]: Completion request succeeded (357.36ms)
(VSCode) 2024-11-16 03:12:24.745 [INFO]: Completion request was cancelled by token (154.42ms)
(VSCode) 2024-11-16 03:12:24.745 [INFO]: Completion request was cancelled.
(VSCode) 2024-11-16 03:12:24.808 [INFO]: Generated 1 completion
(VSCode) 2024-11-16 03:12:24.808 [INFO]: Completion request succeeded (8.07ms)
(VSCode) 2024-11-16 03:12:25.143 [INFO]: Generated 1 completion
(VSCode) 2024-11-16 03:12:25.143 [INFO]: Completion request succeeded (4.52ms)
(VSCode) 2024-11-16 03:12:25.274 [INFO]: Generated 1 completion
(VSCode) 2024-11-16 03:12:25.275 [INFO]: Completion request succeeded (5.98ms)
(VSCode) 2024-11-16 03:12:25.351 [INFO]: Generated 1 completion
(VSCode) 2024-11-16 03:12:25.351 [INFO]: Completion request succeeded (7.15ms)
(VSCode) 2024-11-16 03:12:25.636 [INFO]: No completions were generated
(VSCode) 2024-11-16 03:12:25.637 [INFO]: Completion request succeeded (226.18ms)
