2024-11-16 02:18:38.228 [info] update#setState idle
2024-11-16 02:18:39.066 [error] Allowed vscode-webview request vscode-webview://1t0i43rftvl6b8nvb6uaphhvjqgghbaaa8pdcbi5jgeoncftgffi/index.html?id=730c843d-89e8-4841-a050-938d60d3427c&origin=e5237803-f22d-4387-a73e-9fee82dd5c4d&swVersion=4&extensionId=codeium.windsurf&platform=electron&vscode-resource-base-authority=vscode-resource.vscode-cdn.net&parentOrigin=vscode-file%3A%2F%2Fvscode-app&purpose=webviewView
2024-11-16 02:18:40.447 [error] Allowed vscode-webview request vscode-webview://1t0i43rftvl6b8nvb6uaphhvjqgghbaaa8pdcbi5jgeoncftgffi/fake.html?id=730c843d-89e8-4841-a050-938d60d3427c
2024-11-16 02:18:40.458 [error] Allowed vscode-webview request vscode-webview://1t0i43rftvl6b8nvb6uaphhvjqgghbaaa8pdcbi5jgeoncftgffi/fake.html?id=730c843d-89e8-4841-a050-938d60d3427c
2024-11-16 02:18:40.468 [error] Allowed vscode-webview request vscode-webview://1t0i43rftvl6b8nvb6uaphhvjqgghbaaa8pdcbi5jgeoncftgffi/fake.html?id=730c843d-89e8-4841-a050-938d60d3427c
2024-11-16 02:18:40.478 [error] Allowed vscode-webview request vscode-webview://1t0i43rftvl6b8nvb6uaphhvjqgghbaaa8pdcbi5jgeoncftgffi/fake.html?id=730c843d-89e8-4841-a050-938d60d3427c
2024-11-16 02:18:40.488 [error] Allowed vscode-webview request vscode-webview://1t0i43rftvl6b8nvb6uaphhvjqgghbaaa8pdcbi5jgeoncftgffi/fake.html?id=730c843d-89e8-4841-a050-938d60d3427c
2024-11-16 02:18:40.498 [error] Allowed vscode-webview request vscode-webview://1t0i43rftvl6b8nvb6uaphhvjqgghbaaa8pdcbi5jgeoncftgffi/fake.html?id=730c843d-89e8-4841-a050-938d60d3427c
2024-11-16 02:18:54.650 [info] Extension host with pid 2765 exited with code: 0, signal: unknown.
2024-11-16 02:18:54.673 [error] [UtilityProcessWorker]: terminated unexpectedly with code 18446744072476598000, signal: unknown
2024-11-16 02:18:56.319 [error] Allowed vscode-webview request vscode-webview://1t0i43rftvl6b8nvb6uaphhvjqgghbaaa8pdcbi5jgeoncftgffi/index.html?id=6f867914-bdf8-4987-8b4c-99889e0c63b5&origin=e5237803-f22d-4387-a73e-9fee82dd5c4d&swVersion=4&extensionId=codeium.windsurf&platform=electron&vscode-resource-base-authority=vscode-resource.vscode-cdn.net&parentOrigin=vscode-file%3A%2F%2Fvscode-app&purpose=webviewView
2024-11-16 02:18:56.370 [error] Allowed vscode-webview request vscode-webview://1t0i43rftvl6b8nvb6uaphhvjqgghbaaa8pdcbi5jgeoncftgffi/fake.html?id=6f867914-bdf8-4987-8b4c-99889e0c63b5
2024-11-16 02:18:56.381 [error] Allowed vscode-webview request vscode-webview://1t0i43rftvl6b8nvb6uaphhvjqgghbaaa8pdcbi5jgeoncftgffi/fake.html?id=6f867914-bdf8-4987-8b4c-99889e0c63b5
2024-11-16 02:18:56.392 [error] Allowed vscode-webview request vscode-webview://1t0i43rftvl6b8nvb6uaphhvjqgghbaaa8pdcbi5jgeoncftgffi/fake.html?id=6f867914-bdf8-4987-8b4c-99889e0c63b5
2024-11-16 02:18:56.401 [error] Allowed vscode-webview request vscode-webview://1t0i43rftvl6b8nvb6uaphhvjqgghbaaa8pdcbi5jgeoncftgffi/fake.html?id=6f867914-bdf8-4987-8b4c-99889e0c63b5
2024-11-16 02:18:56.411 [error] Allowed vscode-webview request vscode-webview://1t0i43rftvl6b8nvb6uaphhvjqgghbaaa8pdcbi5jgeoncftgffi/fake.html?id=6f867914-bdf8-4987-8b4c-99889e0c63b5
2024-11-16 02:18:56.421 [error] Allowed vscode-webview request vscode-webview://1t0i43rftvl6b8nvb6uaphhvjqgghbaaa8pdcbi5jgeoncftgffi/fake.html?id=6f867914-bdf8-4987-8b4c-99889e0c63b5
2024-11-16 02:19:07.782 [info] Extension host with pid 3018 exited with code: 0, signal: unknown.
2024-11-16 02:19:08.228 [info] update#setState checking for updates
2024-11-16 02:19:08.265 [info] update#setState idle
2024-11-16 02:19:11.512 [error] Allowed vscode-webview request vscode-webview://1t0i43rftvl6b8nvb6uaphhvjqgghbaaa8pdcbi5jgeoncftgffi/index.html?id=47cd6218-f0e0-4418-9d36-13fb22804ef3&origin=e5237803-f22d-4387-a73e-9fee82dd5c4d&swVersion=4&extensionId=codeium.windsurf&platform=electron&vscode-resource-base-authority=vscode-resource.vscode-cdn.net&parentOrigin=vscode-file%3A%2F%2Fvscode-app&purpose=webviewView
2024-11-16 02:19:11.546 [error] Allowed vscode-webview request vscode-webview://1t0i43rftvl6b8nvb6uaphhvjqgghbaaa8pdcbi5jgeoncftgffi/fake.html?id=47cd6218-f0e0-4418-9d36-13fb22804ef3
2024-11-16 02:19:11.557 [error] Allowed vscode-webview request vscode-webview://1t0i43rftvl6b8nvb6uaphhvjqgghbaaa8pdcbi5jgeoncftgffi/fake.html?id=47cd6218-f0e0-4418-9d36-13fb22804ef3
2024-11-16 02:19:11.567 [error] Allowed vscode-webview request vscode-webview://1t0i43rftvl6b8nvb6uaphhvjqgghbaaa8pdcbi5jgeoncftgffi/fake.html?id=47cd6218-f0e0-4418-9d36-13fb22804ef3
2024-11-16 02:19:11.577 [error] Allowed vscode-webview request vscode-webview://1t0i43rftvl6b8nvb6uaphhvjqgghbaaa8pdcbi5jgeoncftgffi/fake.html?id=47cd6218-f0e0-4418-9d36-13fb22804ef3
2024-11-16 02:19:11.587 [error] Allowed vscode-webview request vscode-webview://1t0i43rftvl6b8nvb6uaphhvjqgghbaaa8pdcbi5jgeoncftgffi/fake.html?id=47cd6218-f0e0-4418-9d36-13fb22804ef3
2024-11-16 02:19:11.598 [error] Allowed vscode-webview request vscode-webview://1t0i43rftvl6b8nvb6uaphhvjqgghbaaa8pdcbi5jgeoncftgffi/fake.html?id=47cd6218-f0e0-4418-9d36-13fb22804ef3
2024-11-16 02:30:13.581 [info] Extension host with pid 3103 exited with code: 0, signal: unknown.
