2024-11-16 02:33:07.723 [info] [main] Log level: Info
2024-11-16 02:33:07.723 [info] [main] Validating found git in: "git"
2024-11-16 02:33:07.723 [info] [main] Using git "2.47.0" from "git"
2024-11-16 02:33:07.723 [info] [Model][doInitialScan] Initial repository scan started
2024-11-16 02:33:07.723 [info] > git rev-parse --show-toplevel [5ms]
2024-11-16 02:33:07.723 [info] > git rev-parse --path-format=relative --show-toplevel [215ms]
2024-11-16 02:33:07.723 [info] > git rev-parse --git-dir --git-common-dir [1ms]
2024-11-16 02:33:07.723 [info] [Model][openRepository] Opened repository: /home/spaced/.config
2024-11-16 02:33:07.734 [info] > git rev-parse --show-toplevel [1ms]
2024-11-16 02:33:07.738 [info] > git config --get commit.template [11ms]
2024-11-16 02:33:07.740 [info] > git rev-parse --path-format=relative --show-toplevel [2ms]
2024-11-16 02:33:07.745 [info] [Git][getRemotes] No remotes found in the git config file
2024-11-16 02:33:07.746 [info] > git for-each-ref --format=%(refname)%00%(upstream:short)%00%(objectname)%00%(upstream:track)%00%(upstream:remotename)%00%(upstream:remoteref) refs/heads/main refs/remotes/main [1ms]
2024-11-16 02:33:07.746 [warning] [Git][getBranch] No such branch: main
2024-11-16 02:33:07.757 [info] > git status -z -uall [7ms]
2024-11-16 02:33:07.757 [info] > git for-each-ref --sort -committerdate --format %(refname) %(objectname) %(*objectname) [2ms]
2024-11-16 02:33:07.774 [info] > git for-each-ref --format=%(refname)%00%(upstream:short)%00%(objectname)%00%(upstream:track)%00%(upstream:remotename)%00%(upstream:remoteref) refs/heads/main refs/remotes/main [1ms]
2024-11-16 02:33:07.774 [warning] [Git][getBranch] No such branch: main
2024-11-16 02:33:07.775 [error] [GitHistoryProvider][resolveHEADMergeBase] Failed to resolve merge base for main: Error: No such branch: main.
2024-11-16 02:33:07.784 [info] > git rev-parse --show-toplevel [1ms]
2024-11-16 02:33:07.788 [info] > git rev-parse --path-format=relative --show-toplevel [1ms]
2024-11-16 02:33:07.793 [info] > git rev-parse --show-toplevel [0ms]
2024-11-16 02:33:07.797 [info] > git rev-parse --path-format=relative --show-toplevel [1ms]
2024-11-16 02:33:07.804 [info] > git rev-parse --show-toplevel [3ms]
2024-11-16 02:33:07.808 [info] > git rev-parse --path-format=relative --show-toplevel [1ms]
2024-11-16 02:33:07.812 [info] > git rev-parse --show-toplevel [1ms]
2024-11-16 02:33:07.815 [info] > git rev-parse --path-format=relative --show-toplevel [0ms]
2024-11-16 02:33:07.896 [info] > git rev-parse --show-toplevel [78ms]
2024-11-16 02:33:07.899 [info] > git rev-parse --path-format=relative --show-toplevel [0ms]
2024-11-16 02:33:07.903 [info] > git rev-parse --show-toplevel [1ms]
2024-11-16 02:33:07.908 [info] > git rev-parse --path-format=relative --show-toplevel [1ms]
2024-11-16 02:33:07.912 [info] > git rev-parse --show-toplevel [1ms]
2024-11-16 02:33:07.916 [info] > git rev-parse --path-format=relative --show-toplevel [1ms]
2024-11-16 02:33:07.921 [info] > git rev-parse --show-toplevel [1ms]
2024-11-16 02:33:07.924 [info] > git rev-parse --path-format=relative --show-toplevel [1ms]
2024-11-16 02:33:07.928 [info] > git rev-parse --show-toplevel [1ms]
2024-11-16 02:33:07.931 [info] > git rev-parse --path-format=relative --show-toplevel [1ms]
2024-11-16 02:33:07.935 [info] > git rev-parse --show-toplevel [1ms]
2024-11-16 02:33:07.939 [info] > git rev-parse --path-format=relative --show-toplevel [1ms]
2024-11-16 02:33:07.943 [info] > git rev-parse --show-toplevel [1ms]
2024-11-16 02:33:07.947 [info] > git rev-parse --path-format=relative --show-toplevel [1ms]
2024-11-16 02:33:07.951 [info] > git rev-parse --show-toplevel [1ms]
2024-11-16 02:33:07.954 [info] > git rev-parse --path-format=relative --show-toplevel [0ms]
2024-11-16 02:33:07.958 [info] > git rev-parse --show-toplevel [1ms]
2024-11-16 02:33:07.962 [info] > git rev-parse --path-format=relative --show-toplevel [1ms]
2024-11-16 02:33:07.965 [info] > git rev-parse --show-toplevel [0ms]
2024-11-16 02:33:07.969 [info] > git rev-parse --path-format=relative --show-toplevel [1ms]
2024-11-16 02:33:07.973 [info] > git rev-parse --show-toplevel [0ms]
2024-11-16 02:33:07.977 [info] > git rev-parse --path-format=relative --show-toplevel [1ms]
2024-11-16 02:33:07.980 [info] > git rev-parse --show-toplevel [0ms]
2024-11-16 02:33:07.984 [info] > git rev-parse --path-format=relative --show-toplevel [1ms]
2024-11-16 02:33:07.988 [info] > git rev-parse --show-toplevel [1ms]
2024-11-16 02:33:07.992 [info] > git rev-parse --path-format=relative --show-toplevel [0ms]
2024-11-16 02:33:07.995 [info] > git rev-parse --show-toplevel [0ms]
2024-11-16 02:33:07.999 [info] > git rev-parse --path-format=relative --show-toplevel [1ms]
2024-11-16 02:33:08.003 [info] > git rev-parse --show-toplevel [1ms]
2024-11-16 02:33:08.006 [info] > git rev-parse --path-format=relative --show-toplevel [0ms]
2024-11-16 02:33:08.010 [info] > git rev-parse --show-toplevel [0ms]
2024-11-16 02:33:08.014 [info] > git rev-parse --path-format=relative --show-toplevel [1ms]
2024-11-16 02:33:08.018 [info] > git rev-parse --show-toplevel [1ms]
2024-11-16 02:33:08.021 [info] > git rev-parse --path-format=relative --show-toplevel [0ms]
2024-11-16 02:33:08.026 [info] > git rev-parse --show-toplevel [1ms]
2024-11-16 02:33:08.029 [info] > git rev-parse --path-format=relative --show-toplevel [1ms]
2024-11-16 02:33:08.033 [info] > git rev-parse --show-toplevel [1ms]
2024-11-16 02:33:08.037 [info] > git rev-parse --path-format=relative --show-toplevel [1ms]
2024-11-16 02:33:08.042 [info] > git rev-parse --show-toplevel [1ms]
2024-11-16 02:33:08.045 [info] > git rev-parse --path-format=relative --show-toplevel [0ms]
2024-11-16 02:33:08.051 [info] > git rev-parse --show-toplevel [0ms]
2024-11-16 02:33:08.055 [info] > git rev-parse --path-format=relative --show-toplevel [1ms]
2024-11-16 02:33:08.058 [info] > git rev-parse --show-toplevel [0ms]
2024-11-16 02:33:08.099 [info] > git rev-parse --path-format=relative --show-toplevel [38ms]
2024-11-16 02:33:08.107 [info] > git rev-parse --show-toplevel [3ms]
2024-11-16 02:33:08.114 [info] > git rev-parse --path-format=relative --show-toplevel [4ms]
2024-11-16 02:33:08.120 [info] > git rev-parse --show-toplevel [3ms]
2024-11-16 02:33:08.124 [info] > git rev-parse --path-format=relative --show-toplevel [1ms]
2024-11-16 02:33:08.126 [info] [Model][doInitialScan] Initial repository scan completed - repositories (1), closed repositories (0), parent repositories (0), unsafe repositories (0)
2024-11-16 02:33:08.134 [info] > git show --textconv :hypr/hyprland/misc.conf [4ms]
2024-11-16 02:33:08.136 [info] > git ls-files --stage -- /home/spaced/.config/hypr/hyprland/misc.conf [3ms]
2024-11-16 02:33:08.199 [info] > git config --get commit.template [1ms]
2024-11-16 02:33:08.203 [info] [Git][getRemotes] No remotes found in the git config file
2024-11-16 02:33:08.203 [info] > git for-each-ref --format=%(refname)%00%(upstream:short)%00%(objectname)%00%(upstream:track)%00%(upstream:remotename)%00%(upstream:remoteref) refs/heads/main refs/remotes/main [0ms]
2024-11-16 02:33:08.204 [warning] [Git][getBranch] No such branch: main
2024-11-16 02:33:08.211 [info] > git status -z -uall [4ms]
2024-11-16 02:33:08.211 [info] > git for-each-ref --sort -committerdate --format %(refname) %(objectname) %(*objectname) [1ms]
2024-11-16 02:33:08.245 [info] > git check-ignore -v -z --stdin [1ms]
2024-11-16 02:33:11.001 [info] [Git][getRemotes] No remotes found in the git config file
2024-11-16 02:33:11.002 [info] > git config --get commit.template [4ms]
2024-11-16 02:33:11.002 [info] > git for-each-ref --format=%(refname)%00%(upstream:short)%00%(objectname)%00%(upstream:track)%00%(upstream:remotename)%00%(upstream:remoteref) refs/heads/main refs/remotes/main [1ms]
2024-11-16 02:33:11.002 [warning] [Git][getBranch] No such branch: main
2024-11-16 02:33:11.009 [info] > git status -z -uall [4ms]
2024-11-16 02:33:11.009 [info] > git for-each-ref --sort -committerdate --format %(refname) %(objectname) %(*objectname) [1ms]
2024-11-16 02:33:15.406 [info] > git check-ignore -v -z --stdin [3ms]
2024-11-16 02:33:16.037 [info] [Git][getRemotes] No remotes found in the git config file
2024-11-16 02:33:16.037 [info] > git config --get commit.template [4ms]
2024-11-16 02:33:16.038 [info] > git for-each-ref --format=%(refname)%00%(upstream:short)%00%(objectname)%00%(upstream:track)%00%(upstream:remotename)%00%(upstream:remoteref) refs/heads/main refs/remotes/main [1ms]
2024-11-16 02:33:16.038 [warning] [Git][getBranch] No such branch: main
2024-11-16 02:33:16.046 [info] > git status -z -uall [5ms]
2024-11-16 02:33:16.047 [info] > git for-each-ref --sort -committerdate --format %(refname) %(objectname) %(*objectname) [2ms]
2024-11-16 02:33:17.673 [info] > git check-ignore -v -z --stdin [3ms]
2024-11-16 02:33:18.450 [info] > git check-ignore -v -z --stdin [3ms]
2024-11-16 02:33:20.054 [info] > git check-ignore -v -z --stdin [4ms]
2024-11-16 02:33:21.063 [info] [Git][getRemotes] No remotes found in the git config file
2024-11-16 02:33:21.063 [info] > git config --get commit.template [3ms]
2024-11-16 02:33:21.064 [info] > git for-each-ref --format=%(refname)%00%(upstream:short)%00%(objectname)%00%(upstream:track)%00%(upstream:remotename)%00%(upstream:remoteref) refs/heads/main refs/remotes/main [1ms]
2024-11-16 02:33:21.064 [warning] [Git][getBranch] No such branch: main
2024-11-16 02:33:21.071 [info] > git status -z -uall [4ms]
2024-11-16 02:33:21.073 [info] > git for-each-ref --sort -committerdate --format %(refname) %(objectname) %(*objectname) [3ms]
2024-11-16 02:33:22.420 [info] > git show --textconv :ags/desktop-shell/widgets/bar/widget.js [6ms]
2024-11-16 02:33:22.421 [info] > git ls-files --stage -- /home/spaced/.config/ags/desktop-shell/widgets/bar/widget.js [2ms]
2024-11-16 02:33:22.636 [info] > git check-ignore -v -z --stdin [1ms]
2024-11-16 02:33:30.601 [info] [Git][getRemotes] No remotes found in the git config file
2024-11-16 02:33:30.602 [info] > git config --get commit.template [6ms]
2024-11-16 02:33:30.602 [info] > git for-each-ref --format=%(refname)%00%(upstream:short)%00%(objectname)%00%(upstream:track)%00%(upstream:remotename)%00%(upstream:remoteref) refs/heads/main refs/remotes/main [1ms]
2024-11-16 02:33:30.602 [warning] [Git][getBranch] No such branch: main
2024-11-16 02:33:30.612 [info] > git status -z -uall [6ms]
2024-11-16 02:33:30.620 [info] > git for-each-ref --sort -committerdate --format %(refname) %(objectname) %(*objectname) [9ms]
2024-11-16 02:33:35.662 [info] [Git][getRemotes] No remotes found in the git config file
2024-11-16 02:33:35.664 [info] > git config --get commit.template [18ms]
2024-11-16 02:33:35.665 [info] > git for-each-ref --format=%(refname)%00%(upstream:short)%00%(objectname)%00%(upstream:track)%00%(upstream:remotename)%00%(upstream:remoteref) refs/heads/main refs/remotes/main [3ms]
2024-11-16 02:33:35.665 [warning] [Git][getBranch] No such branch: main
2024-11-16 02:33:35.698 [info] > git status -z -uall [18ms]
2024-11-16 02:33:35.698 [info] > git for-each-ref --sort -committerdate --format %(refname) %(objectname) %(*objectname) [3ms]
2024-11-16 02:33:40.747 [info] > git config --get commit.template [5ms]
2024-11-16 02:33:40.762 [info] [Git][getRemotes] No remotes found in the git config file
2024-11-16 02:33:40.765 [info] > git for-each-ref --format=%(refname)%00%(upstream:short)%00%(objectname)%00%(upstream:track)%00%(upstream:remotename)%00%(upstream:remoteref) refs/heads/main refs/remotes/main [3ms]
2024-11-16 02:33:40.766 [warning] [Git][getBranch] No such branch: main
2024-11-16 02:33:40.797 [info] > git status -z -uall [17ms]
2024-11-16 02:33:40.798 [info] > git for-each-ref --sort -committerdate --format %(refname) %(objectname) %(*objectname) [3ms]
2024-11-16 02:33:45.826 [info] [Git][getRemotes] No remotes found in the git config file
2024-11-16 02:33:45.826 [info] > git config --get commit.template [4ms]
2024-11-16 02:33:45.827 [info] > git for-each-ref --format=%(refname)%00%(upstream:short)%00%(objectname)%00%(upstream:track)%00%(upstream:remotename)%00%(upstream:remoteref) refs/heads/main refs/remotes/main [1ms]
2024-11-16 02:33:45.827 [warning] [Git][getBranch] No such branch: main
2024-11-16 02:33:45.834 [info] > git status -z -uall [4ms]
2024-11-16 02:33:45.836 [info] > git for-each-ref --sort -committerdate --format %(refname) %(objectname) %(*objectname) [3ms]
2024-11-16 02:33:50.861 [info] [Git][getRemotes] No remotes found in the git config file
2024-11-16 02:33:50.861 [info] > git config --get commit.template [3ms]
2024-11-16 02:33:50.861 [info] > git for-each-ref --format=%(refname)%00%(upstream:short)%00%(objectname)%00%(upstream:track)%00%(upstream:remotename)%00%(upstream:remoteref) refs/heads/main refs/remotes/main [0ms]
2024-11-16 02:33:50.861 [warning] [Git][getBranch] No such branch: main
2024-11-16 02:33:50.868 [info] > git status -z -uall [4ms]
2024-11-16 02:33:50.868 [info] > git for-each-ref --sort -committerdate --format %(refname) %(objectname) %(*objectname) [1ms]
2024-11-16 02:33:55.894 [info] [Git][getRemotes] No remotes found in the git config file
2024-11-16 02:33:55.894 [info] > git config --get commit.template [3ms]
2024-11-16 02:33:55.895 [info] > git for-each-ref --format=%(refname)%00%(upstream:short)%00%(objectname)%00%(upstream:track)%00%(upstream:remotename)%00%(upstream:remoteref) refs/heads/main refs/remotes/main [1ms]
2024-11-16 02:33:55.895 [warning] [Git][getBranch] No such branch: main
2024-11-16 02:33:55.902 [info] > git status -z -uall [4ms]
2024-11-16 02:33:55.903 [info] > git for-each-ref --sort -committerdate --format %(refname) %(objectname) %(*objectname) [2ms]
2024-11-16 02:34:00.917 [info] > git config --get commit.template [1ms]
2024-11-16 02:34:00.920 [info] [Git][getRemotes] No remotes found in the git config file
2024-11-16 02:34:00.921 [info] > git for-each-ref --format=%(refname)%00%(upstream:short)%00%(objectname)%00%(upstream:track)%00%(upstream:remotename)%00%(upstream:remoteref) refs/heads/main refs/remotes/main [1ms]
2024-11-16 02:34:00.921 [warning] [Git][getBranch] No such branch: main
2024-11-16 02:34:00.929 [info] > git status -z -uall [4ms]
2024-11-16 02:34:00.930 [info] > git for-each-ref --sort -committerdate --format %(refname) %(objectname) %(*objectname) [2ms]
2024-11-16 02:34:05.957 [info] [Git][getRemotes] No remotes found in the git config file
2024-11-16 02:34:05.962 [info] > git config --get commit.template [10ms]
2024-11-16 02:34:05.962 [info] > git for-each-ref --format=%(refname)%00%(upstream:short)%00%(objectname)%00%(upstream:track)%00%(upstream:remotename)%00%(upstream:remoteref) refs/heads/main refs/remotes/main [6ms]
2024-11-16 02:34:05.962 [warning] [Git][getBranch] No such branch: main
2024-11-16 02:34:05.969 [info] > git status -z -uall [4ms]
2024-11-16 02:34:05.972 [info] > git for-each-ref --sort -committerdate --format %(refname) %(objectname) %(*objectname) [3ms]
2024-11-16 02:34:10.989 [info] [Git][getRemotes] No remotes found in the git config file
2024-11-16 02:34:10.990 [info] > git config --get commit.template [7ms]
2024-11-16 02:34:10.991 [info] > git for-each-ref --format=%(refname)%00%(upstream:short)%00%(objectname)%00%(upstream:track)%00%(upstream:remotename)%00%(upstream:remoteref) refs/heads/main refs/remotes/main [2ms]
2024-11-16 02:34:10.991 [warning] [Git][getBranch] No such branch: main
2024-11-16 02:34:11.001 [info] > git status -z -uall [5ms]
2024-11-16 02:34:11.001 [info] > git for-each-ref --sort -committerdate --format %(refname) %(objectname) %(*objectname) [0ms]
2024-11-16 02:34:16.026 [info] [Git][getRemotes] No remotes found in the git config file
2024-11-16 02:34:16.026 [info] > git config --get commit.template [4ms]
2024-11-16 02:34:16.026 [info] > git for-each-ref --format=%(refname)%00%(upstream:short)%00%(objectname)%00%(upstream:track)%00%(upstream:remotename)%00%(upstream:remoteref) refs/heads/main refs/remotes/main [0ms]
2024-11-16 02:34:16.026 [warning] [Git][getBranch] No such branch: main
2024-11-16 02:34:16.034 [info] > git status -z -uall [4ms]
2024-11-16 02:34:16.035 [info] > git for-each-ref --sort -committerdate --format %(refname) %(objectname) %(*objectname) [2ms]
2024-11-16 02:34:21.058 [info] [Git][getRemotes] No remotes found in the git config file
2024-11-16 02:34:21.059 [info] > git config --get commit.template [4ms]
2024-11-16 02:34:21.059 [info] > git for-each-ref --format=%(refname)%00%(upstream:short)%00%(objectname)%00%(upstream:track)%00%(upstream:remotename)%00%(upstream:remoteref) refs/heads/main refs/remotes/main [1ms]
2024-11-16 02:34:21.059 [warning] [Git][getBranch] No such branch: main
2024-11-16 02:34:21.065 [info] > git status -z -uall [3ms]
2024-11-16 02:34:21.067 [info] > git for-each-ref --sort -committerdate --format %(refname) %(objectname) %(*objectname) [2ms]
2024-11-16 02:34:26.092 [info] [Git][getRemotes] No remotes found in the git config file
2024-11-16 02:34:26.092 [info] > git config --get commit.template [4ms]
2024-11-16 02:34:26.097 [info] > git for-each-ref --format=%(refname)%00%(upstream:short)%00%(objectname)%00%(upstream:track)%00%(upstream:remotename)%00%(upstream:remoteref) refs/heads/main refs/remotes/main [5ms]
2024-11-16 02:34:26.097 [warning] [Git][getBranch] No such branch: main
2024-11-16 02:34:26.104 [info] > git status -z -uall [4ms]
2024-11-16 02:34:26.106 [info] > git for-each-ref --sort -committerdate --format %(refname) %(objectname) %(*objectname) [3ms]
2024-11-16 02:34:39.884 [info] [Git][getRemotes] No remotes found in the git config file
2024-11-16 02:34:39.884 [info] > git config --get commit.template [5ms]
2024-11-16 02:34:39.884 [info] > git for-each-ref --format=%(refname)%00%(upstream:short)%00%(objectname)%00%(upstream:track)%00%(upstream:remotename)%00%(upstream:remoteref) refs/heads/main refs/remotes/main [1ms]
2024-11-16 02:34:39.884 [warning] [Git][getBranch] No such branch: main
2024-11-16 02:34:39.896 [info] > git status -z -uall [5ms]
2024-11-16 02:34:39.896 [info] > git for-each-ref --sort -committerdate --format %(refname) %(objectname) %(*objectname) [1ms]
2024-11-16 02:34:45.960 [info] [Git][getRemotes] No remotes found in the git config file
2024-11-16 02:34:45.964 [info] > git config --get commit.template [5ms]
2024-11-16 02:34:45.964 [info] > git for-each-ref --format=%(refname)%00%(upstream:short)%00%(objectname)%00%(upstream:track)%00%(upstream:remotename)%00%(upstream:remoteref) refs/heads/main refs/remotes/main [0ms]
2024-11-16 02:34:45.964 [warning] [Git][getBranch] No such branch: main
2024-11-16 02:34:45.974 [info] > git status -z -uall [6ms]
2024-11-16 02:34:45.977 [info] > git for-each-ref --sort -committerdate --format %(refname) %(objectname) %(*objectname) [3ms]
2024-11-16 02:34:57.050 [info] [Git][getRemotes] No remotes found in the git config file
2024-11-16 02:34:57.050 [info] > git config --get commit.template [5ms]
2024-11-16 02:34:57.051 [info] > git for-each-ref --format=%(refname)%00%(upstream:short)%00%(objectname)%00%(upstream:track)%00%(upstream:remotename)%00%(upstream:remoteref) refs/heads/main refs/remotes/main [1ms]
2024-11-16 02:34:57.051 [warning] [Git][getBranch] No such branch: main
2024-11-16 02:34:57.060 [info] > git status -z -uall [6ms]
2024-11-16 02:34:57.060 [info] > git for-each-ref --sort -committerdate --format %(refname) %(objectname) %(*objectname) [1ms]
2024-11-16 02:35:02.087 [info] [Git][getRemotes] No remotes found in the git config file
2024-11-16 02:35:02.091 [info] > git config --get commit.template [7ms]
2024-11-16 02:35:02.091 [info] > git for-each-ref --format=%(refname)%00%(upstream:short)%00%(objectname)%00%(upstream:track)%00%(upstream:remotename)%00%(upstream:remoteref) refs/heads/main refs/remotes/main [4ms]
2024-11-16 02:35:02.091 [warning] [Git][getBranch] No such branch: main
2024-11-16 02:35:02.098 [info] > git status -z -uall [4ms]
2024-11-16 02:35:02.100 [info] > git for-each-ref --sort -committerdate --format %(refname) %(objectname) %(*objectname) [3ms]
2024-11-16 02:35:07.118 [info] [Git][getRemotes] No remotes found in the git config file
2024-11-16 02:35:07.118 [info] > git config --get commit.template [3ms]
2024-11-16 02:35:07.118 [info] > git for-each-ref --format=%(refname)%00%(upstream:short)%00%(objectname)%00%(upstream:track)%00%(upstream:remotename)%00%(upstream:remoteref) refs/heads/main refs/remotes/main [0ms]
2024-11-16 02:35:07.118 [warning] [Git][getBranch] No such branch: main
2024-11-16 02:35:07.125 [info] > git status -z -uall [4ms]
2024-11-16 02:35:07.127 [info] > git for-each-ref --sort -committerdate --format %(refname) %(objectname) %(*objectname) [2ms]
2024-11-16 02:35:07.925 [info] > git show --textconv :hypr/hyprland/style.conf [17ms]
2024-11-16 02:35:07.929 [info] > git ls-files --stage -- /home/spaced/.config/hypr/hyprland/style.conf [6ms]
