2024-11-16 02:35:12.538 [info] update#setState idle
2024-11-16 02:35:13.343 [error] Allowed vscode-webview request vscode-webview://1t0i43rftvl6b8nvb6uaphhvjqgghbaaa8pdcbi5jgeoncftgffi/index.html?id=3c1f5f26-be9c-4edd-8ba3-966ff910121b&origin=e5237803-f22d-4387-a73e-9fee82dd5c4d&swVersion=4&extensionId=codeium.windsurf&platform=electron&vscode-resource-base-authority=vscode-resource.vscode-cdn.net&parentOrigin=vscode-file%3A%2F%2Fvscode-app&purpose=webviewView
2024-11-16 02:35:15.081 [error] Allowed vscode-webview request vscode-webview://1t0i43rftvl6b8nvb6uaphhvjqgghbaaa8pdcbi5jgeoncftgffi/fake.html?id=3c1f5f26-be9c-4edd-8ba3-966ff910121b
2024-11-16 02:35:15.092 [error] Allowed vscode-webview request vscode-webview://1t0i43rftvl6b8nvb6uaphhvjqgghbaaa8pdcbi5jgeoncftgffi/fake.html?id=3c1f5f26-be9c-4edd-8ba3-966ff910121b
2024-11-16 02:35:15.102 [error] Allowed vscode-webview request vscode-webview://1t0i43rftvl6b8nvb6uaphhvjqgghbaaa8pdcbi5jgeoncftgffi/fake.html?id=3c1f5f26-be9c-4edd-8ba3-966ff910121b
2024-11-16 02:35:15.113 [error] Allowed vscode-webview request vscode-webview://1t0i43rftvl6b8nvb6uaphhvjqgghbaaa8pdcbi5jgeoncftgffi/fake.html?id=3c1f5f26-be9c-4edd-8ba3-966ff910121b
2024-11-16 02:35:15.122 [error] Allowed vscode-webview request vscode-webview://1t0i43rftvl6b8nvb6uaphhvjqgghbaaa8pdcbi5jgeoncftgffi/fake.html?id=3c1f5f26-be9c-4edd-8ba3-966ff910121b
2024-11-16 02:35:15.133 [error] Allowed vscode-webview request vscode-webview://1t0i43rftvl6b8nvb6uaphhvjqgghbaaa8pdcbi5jgeoncftgffi/fake.html?id=3c1f5f26-be9c-4edd-8ba3-966ff910121b
2024-11-16 02:35:42.540 [info] update#setState checking for updates
2024-11-16 02:35:42.589 [info] update#setState idle
2024-11-16 02:35:55.903 [info] Extension host with pid 19825 exited with code: 0, signal: unknown.
2024-11-16 02:35:56.627 [error] Allowed vscode-webview request vscode-webview://1t0i43rftvl6b8nvb6uaphhvjqgghbaaa8pdcbi5jgeoncftgffi/index.html?id=9e35fdb7-bf23-4971-b84b-0b5c2e38ff22&origin=e5237803-f22d-4387-a73e-9fee82dd5c4d&swVersion=4&extensionId=codeium.windsurf&platform=electron&vscode-resource-base-authority=vscode-resource.vscode-cdn.net&parentOrigin=vscode-file%3A%2F%2Fvscode-app&purpose=webviewView
2024-11-16 02:35:58.360 [error] Allowed vscode-webview request vscode-webview://1t0i43rftvl6b8nvb6uaphhvjqgghbaaa8pdcbi5jgeoncftgffi/fake.html?id=9e35fdb7-bf23-4971-b84b-0b5c2e38ff22
2024-11-16 02:35:58.371 [error] Allowed vscode-webview request vscode-webview://1t0i43rftvl6b8nvb6uaphhvjqgghbaaa8pdcbi5jgeoncftgffi/fake.html?id=9e35fdb7-bf23-4971-b84b-0b5c2e38ff22
2024-11-16 02:35:58.382 [error] Allowed vscode-webview request vscode-webview://1t0i43rftvl6b8nvb6uaphhvjqgghbaaa8pdcbi5jgeoncftgffi/fake.html?id=9e35fdb7-bf23-4971-b84b-0b5c2e38ff22
2024-11-16 02:35:58.392 [error] Allowed vscode-webview request vscode-webview://1t0i43rftvl6b8nvb6uaphhvjqgghbaaa8pdcbi5jgeoncftgffi/fake.html?id=9e35fdb7-bf23-4971-b84b-0b5c2e38ff22
2024-11-16 02:35:58.402 [error] Allowed vscode-webview request vscode-webview://1t0i43rftvl6b8nvb6uaphhvjqgghbaaa8pdcbi5jgeoncftgffi/fake.html?id=9e35fdb7-bf23-4971-b84b-0b5c2e38ff22
2024-11-16 02:35:58.413 [error] Allowed vscode-webview request vscode-webview://1t0i43rftvl6b8nvb6uaphhvjqgghbaaa8pdcbi5jgeoncftgffi/fake.html?id=9e35fdb7-bf23-4971-b84b-0b5c2e38ff22
2024-11-16 02:43:43.061 [info] Extension host with pid 20155 exited with code: 0, signal: unknown.
2024-11-16 02:43:45.186 [error] Allowed vscode-webview request vscode-webview://1t0i43rftvl6b8nvb6uaphhvjqgghbaaa8pdcbi5jgeoncftgffi/index.html?id=3db22330-2cbb-48b1-826d-389597407b60&origin=e5237803-f22d-4387-a73e-9fee82dd5c4d&swVersion=4&extensionId=codeium.windsurf&platform=electron&vscode-resource-base-authority=vscode-resource.vscode-cdn.net&parentOrigin=vscode-file%3A%2F%2Fvscode-app&purpose=webviewView
2024-11-16 02:43:45.225 [error] Allowed vscode-webview request vscode-webview://1t0i43rftvl6b8nvb6uaphhvjqgghbaaa8pdcbi5jgeoncftgffi/fake.html?id=3db22330-2cbb-48b1-826d-389597407b60
2024-11-16 02:43:45.236 [error] Allowed vscode-webview request vscode-webview://1t0i43rftvl6b8nvb6uaphhvjqgghbaaa8pdcbi5jgeoncftgffi/fake.html?id=3db22330-2cbb-48b1-826d-389597407b60
2024-11-16 02:43:45.246 [error] Allowed vscode-webview request vscode-webview://1t0i43rftvl6b8nvb6uaphhvjqgghbaaa8pdcbi5jgeoncftgffi/fake.html?id=3db22330-2cbb-48b1-826d-389597407b60
2024-11-16 02:43:45.256 [error] Allowed vscode-webview request vscode-webview://1t0i43rftvl6b8nvb6uaphhvjqgghbaaa8pdcbi5jgeoncftgffi/fake.html?id=3db22330-2cbb-48b1-826d-389597407b60
2024-11-16 02:43:45.266 [error] Allowed vscode-webview request vscode-webview://1t0i43rftvl6b8nvb6uaphhvjqgghbaaa8pdcbi5jgeoncftgffi/fake.html?id=3db22330-2cbb-48b1-826d-389597407b60
2024-11-16 02:43:45.276 [error] Allowed vscode-webview request vscode-webview://1t0i43rftvl6b8nvb6uaphhvjqgghbaaa8pdcbi5jgeoncftgffi/fake.html?id=3db22330-2cbb-48b1-826d-389597407b60
2024-11-16 02:49:52.982 [info] Extension host with pid 20561 exited with code: 0, signal: unknown.
2024-11-16 02:49:54.936 [error] Allowed vscode-webview request vscode-webview://1t0i43rftvl6b8nvb6uaphhvjqgghbaaa8pdcbi5jgeoncftgffi/index.html?id=0364c276-7a53-4dc9-837d-3487dd39a7cc&origin=e5237803-f22d-4387-a73e-9fee82dd5c4d&swVersion=4&extensionId=codeium.windsurf&platform=electron&vscode-resource-base-authority=vscode-resource.vscode-cdn.net&parentOrigin=vscode-file%3A%2F%2Fvscode-app&purpose=webviewView
2024-11-16 02:49:54.979 [error] Allowed vscode-webview request vscode-webview://1t0i43rftvl6b8nvb6uaphhvjqgghbaaa8pdcbi5jgeoncftgffi/fake.html?id=0364c276-7a53-4dc9-837d-3487dd39a7cc
2024-11-16 02:49:54.989 [error] Allowed vscode-webview request vscode-webview://1t0i43rftvl6b8nvb6uaphhvjqgghbaaa8pdcbi5jgeoncftgffi/fake.html?id=0364c276-7a53-4dc9-837d-3487dd39a7cc
2024-11-16 02:49:54.999 [error] Allowed vscode-webview request vscode-webview://1t0i43rftvl6b8nvb6uaphhvjqgghbaaa8pdcbi5jgeoncftgffi/fake.html?id=0364c276-7a53-4dc9-837d-3487dd39a7cc
2024-11-16 02:49:55.010 [error] Allowed vscode-webview request vscode-webview://1t0i43rftvl6b8nvb6uaphhvjqgghbaaa8pdcbi5jgeoncftgffi/fake.html?id=0364c276-7a53-4dc9-837d-3487dd39a7cc
2024-11-16 02:49:55.020 [error] Allowed vscode-webview request vscode-webview://1t0i43rftvl6b8nvb6uaphhvjqgghbaaa8pdcbi5jgeoncftgffi/fake.html?id=0364c276-7a53-4dc9-837d-3487dd39a7cc
2024-11-16 02:49:55.030 [error] Allowed vscode-webview request vscode-webview://1t0i43rftvl6b8nvb6uaphhvjqgghbaaa8pdcbi5jgeoncftgffi/fake.html?id=0364c276-7a53-4dc9-837d-3487dd39a7cc
2024-11-16 02:49:56.828 [info] Extension host with pid 21217 exited with code: 0, signal: unknown.
2024-11-16 02:49:57.451 [error] Allowed vscode-webview request vscode-webview://1t0i43rftvl6b8nvb6uaphhvjqgghbaaa8pdcbi5jgeoncftgffi/index.html?id=be358a3e-048e-437f-a10d-2b79a59452ad&origin=e5237803-f22d-4387-a73e-9fee82dd5c4d&swVersion=4&extensionId=codeium.windsurf&platform=electron&vscode-resource-base-authority=vscode-resource.vscode-cdn.net&parentOrigin=vscode-file%3A%2F%2Fvscode-app&purpose=webviewView
2024-11-16 02:49:59.247 [error] Allowed vscode-webview request vscode-webview://1t0i43rftvl6b8nvb6uaphhvjqgghbaaa8pdcbi5jgeoncftgffi/fake.html?id=be358a3e-048e-437f-a10d-2b79a59452ad
2024-11-16 02:49:59.258 [error] Allowed vscode-webview request vscode-webview://1t0i43rftvl6b8nvb6uaphhvjqgghbaaa8pdcbi5jgeoncftgffi/fake.html?id=be358a3e-048e-437f-a10d-2b79a59452ad
2024-11-16 02:49:59.268 [error] Allowed vscode-webview request vscode-webview://1t0i43rftvl6b8nvb6uaphhvjqgghbaaa8pdcbi5jgeoncftgffi/fake.html?id=be358a3e-048e-437f-a10d-2b79a59452ad
2024-11-16 02:49:59.279 [error] Allowed vscode-webview request vscode-webview://1t0i43rftvl6b8nvb6uaphhvjqgghbaaa8pdcbi5jgeoncftgffi/fake.html?id=be358a3e-048e-437f-a10d-2b79a59452ad
2024-11-16 02:49:59.293 [error] Allowed vscode-webview request vscode-webview://1t0i43rftvl6b8nvb6uaphhvjqgghbaaa8pdcbi5jgeoncftgffi/fake.html?id=be358a3e-048e-437f-a10d-2b79a59452ad
2024-11-16 02:49:59.302 [error] Allowed vscode-webview request vscode-webview://1t0i43rftvl6b8nvb6uaphhvjqgghbaaa8pdcbi5jgeoncftgffi/fake.html?id=be358a3e-048e-437f-a10d-2b79a59452ad
