2024/11/16 02:14:49 maxprocs: Leaving GOMAXPROCS=8: CPU quota undefined
I1116 02:14:49.208565  6883 main.go:566] Setting GOMAXPROCS to 8
I1116 02:14:49.208635  6883 main.go:776] Starting language server process with pid 6883
I1116 02:14:49.208656  6883 server.go:199] Language server will attempt to listen on host 127.0.0.1
I1116 02:14:49.208773  6883 server.go:206] Language server listening on random port at 41519
I1116 02:14:49.208798  6883 unleash.go:94] Initializing Unleash
I1116 02:14:49.363182  6883 unleash.go:114] Successfully initialized Unleash
I1116 02:14:49.363246  6883 server.go:267] Created extension server client at port 39397
E1116 02:14:49.370275  6883 client_manager.go:275] Metadata is nil when trying to refresh user JWT
I1116 02:14:49.370575  6883 server.go:490] Successfully created API server client
I1116 02:14:49.395608  6883 server.go:505] Successfully initialized tokenizer
I1116 02:14:49.500013  6883 server.go:668] Local search is enabled, will index local files.
I1116 02:14:49.500031  6883 server.go:672] Using 2 indexer workers
I1116 02:14:49.501455  6883 sqlite_faiss_db_client.go:64] Successfully created embedding search database in 1ms
I1116 02:14:49.501659  6883 indexer.go:213] Using 8 embed workers
I1116 02:14:49.501685  6883 search_provider.go:274] Successfully created and started indexer
I1116 02:14:49.501706  6883 search_provider.go:304] Successfully created embedding search provider
I1116 02:14:49.504449  6883 server.go:759] Successfully created completion provider
I1116 02:14:49.508260  6883 server.go:323] LSP listening on random port at 46395
(VSCode) 2024-11-16 02:14:49.514 [INFO]: Language server started
(VSCode) 2024-11-16 02:14:49.539 [INFO]: LS lspClient started successfully
