2024/11/16 02:18:39 maxprocs: Leaving GOMAXPROCS=8: CPU quota undefined
I1116 02:18:39.859209  2856 main.go:566] Setting GOMAXPROCS to 8
I1116 02:18:39.859281  2856 main.go:776] Starting language server process with pid 2856
I1116 02:18:39.859304  2856 server.go:199] Language server will attempt to listen on host 127.0.0.1
I1116 02:18:39.859432  2856 server.go:206] Language server listening on random port at 42795
I1116 02:18:39.859460  2856 unleash.go:94] Initializing Unleash
I1116 02:18:39.997432  2856 unleash.go:114] Successfully initialized Unleash
I1116 02:18:39.997480  2856 server.go:267] Created extension server client at port 34489
E1116 02:18:40.004359  2856 client_manager.go:275] Metadata is nil when trying to refresh user JWT
I1116 02:18:40.004666  2856 server.go:490] Successfully created API server client
I1116 02:18:40.033939  2856 server.go:505] Successfully initialized tokenizer
I1116 02:18:40.135095  2856 server.go:668] Local search is enabled, will index local files.
I1116 02:18:40.135112  2856 server.go:672] Using 2 indexer workers
I1116 02:18:40.136524  2856 sqlite_faiss_db_client.go:64] Successfully created embedding search database in 1ms
I1116 02:18:40.136722  2856 indexer.go:213] Using 8 embed workers
I1116 02:18:40.136744  2856 search_provider.go:274] Successfully created and started indexer
I1116 02:18:40.136763  2856 search_provider.go:304] Successfully created embedding search provider
I1116 02:18:40.139470  2856 server.go:759] Successfully created completion provider
I1116 02:18:40.143289  2856 server.go:323] LSP listening on random port at 39057
(VSCode) 2024-11-16 02:18:40.151 [INFO]: Language server started
(VSCode) 2024-11-16 02:18:40.175 [INFO]: LS lspClient started successfully
