2024/11/16 02:10:52 maxprocs: Leaving GOMAXPROCS=8: CPU quota undefined
I1116 02:10:52.722050  5389 main.go:566] Setting GOMAXPROCS to 8
I1116 02:10:52.722099  5389 main.go:776] Starting language server process with pid 5389
I1116 02:10:52.722121  5389 server.go:199] Language server will attempt to listen on host 127.0.0.1
I1116 02:10:52.722199  5389 server.go:206] Language server listening on random port at 37081
I1116 02:10:52.722223  5389 unleash.go:94] Initializing Unleash
I1116 02:10:52.911414  5389 unleash.go:114] Successfully initialized Unleash
I1116 02:10:52.911557  5389 server.go:267] Created extension server client at port 38027
E1116 02:10:52.946558  5389 client_manager.go:275] Metadata is nil when trying to refresh user JWT
I1116 02:10:52.947413  5389 server.go:490] Successfully created API server client
I1116 02:10:52.982814  5389 server.go:505] Successfully initialized tokenizer
I1116 02:10:53.076260  5389 server.go:668] Local search is enabled, will index local files.
I1116 02:10:53.076278  5389 server.go:672] Using 2 indexer workers
I1116 02:10:53.086921  5389 sqlite_faiss_db_client.go:64] Successfully created embedding search database in 10ms
I1116 02:10:53.087464  5389 indexer.go:213] Using 8 embed workers
I1116 02:10:53.087529  5389 search_provider.go:274] Successfully created and started indexer
I1116 02:10:53.087579  5389 search_provider.go:304] Successfully created embedding search provider
I1116 02:10:53.094095  5389 server.go:759] Successfully created completion provider
I1116 02:10:53.102857  5389 server.go:323] LSP listening on random port at 44803
(VSCode) 2024-11-16 02:10:53.113 [INFO]: Language server started
(VSCode) 2024-11-16 02:10:53.160 [INFO]: LS lspClient started successfully
