2024-11-16 02:17:22.563 [info] Extension host with pid 1690 started
2024-11-16 02:17:22.563 [info] Skipping acquiring lock for /home/spaced/.config/Windsurf/User/workspaceStorage/691dcb165dd3b5627ae338e012ef1398.
2024-11-16 02:17:22.688 [info] ExtensionService#_doActivateExtension vscode.git-base, startup: false, activationEvent: 'onView:windsurf.chatPanelView', root cause: codeium.windsurf
2024-11-16 02:17:22.692 [info] ExtensionService#_doActivateExtension vscode.emmet, startup: false, activationEvent: 'onLanguage'
2024-11-16 02:17:22.702 [info] ExtensionService#_doActivateExtension vscode.typescript-language-features, startup: false, activationEvent: 'onLanguage:javascript'
2024-11-16 02:17:22.884 [info] Extension host terminating: renderer closed the MessagePort
2024-11-16 02:17:22.899 [error] Canceled: Canceled
	at Ac (file:///home/spaced/Windsurf/resources/app/out/vs/workbench/api/node/extensionHostProcess.js:7:1122)
	at file:///home/spaced/Windsurf/resources/app/out/vs/workbench/api/node/extensionHostProcess.js:31:111818
	at Array.forEach (<anonymous>)
	at ay.dispose (file:///home/spaced/Windsurf/resources/app/out/vs/workbench/api/node/extensionHostProcess.js:31:111758)
	at QB.terminate (file:///home/spaced/Windsurf/resources/app/out/vs/workbench/api/node/extensionHostProcess.js:118:10233)
	at Q3.terminate (file:///home/spaced/Windsurf/resources/app/out/vs/workbench/api/node/extensionHostProcess.js:119:1424)
	at ps (file:///home/spaced/Windsurf/resources/app/out/vs/workbench/api/node/extensionHostProcess.js:174:15058)
	at MessagePortMain.<anonymous> (file:///home/spaced/Windsurf/resources/app/out/vs/workbench/api/node/extensionHostProcess.js:174:11603)
	at MessagePortMain.emit (node:events:519:28)
	at MessagePortMain._internalPort.emit (node:electron/js2c/utility_init:2:2619) setContext undefined
2024-11-16 02:17:22.899 [error] Canceled: Canceled
	at Ac (file:///home/spaced/Windsurf/resources/app/out/vs/workbench/api/node/extensionHostProcess.js:7:1122)
	at file:///home/spaced/Windsurf/resources/app/out/vs/workbench/api/node/extensionHostProcess.js:31:111818
	at Array.forEach (<anonymous>)
	at ay.dispose (file:///home/spaced/Windsurf/resources/app/out/vs/workbench/api/node/extensionHostProcess.js:31:111758)
	at QB.terminate (file:///home/spaced/Windsurf/resources/app/out/vs/workbench/api/node/extensionHostProcess.js:118:10233)
	at Q3.terminate (file:///home/spaced/Windsurf/resources/app/out/vs/workbench/api/node/extensionHostProcess.js:119:1424)
	at ps (file:///home/spaced/Windsurf/resources/app/out/vs/workbench/api/node/extensionHostProcess.js:174:15058)
	at MessagePortMain.<anonymous> (file:///home/spaced/Windsurf/resources/app/out/vs/workbench/api/node/extensionHostProcess.js:174:11603)
	at MessagePortMain.emit (node:events:519:28)
	at MessagePortMain._internalPort.emit (node:electron/js2c/utility_init:2:2619) setContext undefined
2024-11-16 02:17:22.899 [error] Canceled: Canceled
	at Ac (file:///home/spaced/Windsurf/resources/app/out/vs/workbench/api/node/extensionHostProcess.js:7:1122)
	at file:///home/spaced/Windsurf/resources/app/out/vs/workbench/api/node/extensionHostProcess.js:31:111818
	at Array.forEach (<anonymous>)
	at ay.dispose (file:///home/spaced/Windsurf/resources/app/out/vs/workbench/api/node/extensionHostProcess.js:31:111758)
	at QB.terminate (file:///home/spaced/Windsurf/resources/app/out/vs/workbench/api/node/extensionHostProcess.js:118:10233)
	at Q3.terminate (file:///home/spaced/Windsurf/resources/app/out/vs/workbench/api/node/extensionHostProcess.js:119:1424)
	at ps (file:///home/spaced/Windsurf/resources/app/out/vs/workbench/api/node/extensionHostProcess.js:174:15058)
	at MessagePortMain.<anonymous> (file:///home/spaced/Windsurf/resources/app/out/vs/workbench/api/node/extensionHostProcess.js:174:11603)
	at MessagePortMain.emit (node:events:519:28)
	at MessagePortMain._internalPort.emit (node:electron/js2c/utility_init:2:2619) setContext undefined
2024-11-16 02:17:22.899 [error] Canceled: Canceled
	at Ac (file:///home/spaced/Windsurf/resources/app/out/vs/workbench/api/node/extensionHostProcess.js:7:1122)
	at file:///home/spaced/Windsurf/resources/app/out/vs/workbench/api/node/extensionHostProcess.js:31:111818
	at Array.forEach (<anonymous>)
	at ay.dispose (file:///home/spaced/Windsurf/resources/app/out/vs/workbench/api/node/extensionHostProcess.js:31:111758)
	at QB.terminate (file:///home/spaced/Windsurf/resources/app/out/vs/workbench/api/node/extensionHostProcess.js:118:10233)
	at Q3.terminate (file:///home/spaced/Windsurf/resources/app/out/vs/workbench/api/node/extensionHostProcess.js:119:1424)
	at ps (file:///home/spaced/Windsurf/resources/app/out/vs/workbench/api/node/extensionHostProcess.js:174:15058)
	at MessagePortMain.<anonymous> (file:///home/spaced/Windsurf/resources/app/out/vs/workbench/api/node/extensionHostProcess.js:174:11603)
	at MessagePortMain.emit (node:events:519:28)
	at MessagePortMain._internalPort.emit (node:electron/js2c/utility_init:2:2619) setContext undefined
2024-11-16 02:17:22.899 [error] Canceled: Canceled
	at Ac (file:///home/spaced/Windsurf/resources/app/out/vs/workbench/api/node/extensionHostProcess.js:7:1122)
	at file:///home/spaced/Windsurf/resources/app/out/vs/workbench/api/node/extensionHostProcess.js:31:111818
	at Array.forEach (<anonymous>)
	at ay.dispose (file:///home/spaced/Windsurf/resources/app/out/vs/workbench/api/node/extensionHostProcess.js:31:111758)
	at QB.terminate (file:///home/spaced/Windsurf/resources/app/out/vs/workbench/api/node/extensionHostProcess.js:118:10233)
	at Q3.terminate (file:///home/spaced/Windsurf/resources/app/out/vs/workbench/api/node/extensionHostProcess.js:119:1424)
	at ps (file:///home/spaced/Windsurf/resources/app/out/vs/workbench/api/node/extensionHostProcess.js:174:15058)
	at MessagePortMain.<anonymous> (file:///home/spaced/Windsurf/resources/app/out/vs/workbench/api/node/extensionHostProcess.js:174:11603)
	at MessagePortMain.emit (node:events:519:28)
	at MessagePortMain._internalPort.emit (node:electron/js2c/utility_init:2:2619) setContext undefined
2024-11-16 02:17:22.900 [info] Extension host with pid 1690 exiting with code 0
