2024-11-16 02:18:39.091 [info] Extension host with pid 2765 started
2024-11-16 02:18:39.091 [info] Skipping acquiring lock for /home/spaced/.config/Windsurf/User/workspaceStorage/691dcb165dd3b5627ae338e012ef1398.
2024-11-16 02:18:39.144 [info] ExtensionService#_doActivateExtension vscode.git-base, startup: false, activationEvent: 'onView:windsurf.chatPanelView', root cause: codeium.windsurf
2024-11-16 02:18:39.147 [info] ExtensionService#_doActivateExtension vscode.emmet, startup: false, activationEvent: 'onLanguage'
2024-11-16 02:18:39.157 [info] ExtensionService#_doActivateExtension vscode.typescript-language-features, startup: false, activationEvent: 'onLanguage:javascript'
2024-11-16 02:18:39.343 [info] ExtensionService#_doActivateExtension vscode.git, startup: false, activationEvent: 'onView:windsurf.chatPanelView', root cause: codeium.windsurf
2024-11-16 02:18:39.468 [info] ExtensionService#_doActivateExtension codeium.windsurf, startup: false, activationEvent: 'onView:windsurf.chatPanelView'
2024-11-16 02:18:40.111 [info] ExtensionService#_doActivateExtension vscode.github, startup: true, activationEvent: '*'
2024-11-16 02:18:40.390 [info] Eager extensions activated
2024-11-16 02:18:40.395 [info] ExtensionService#_doActivateExtension vscode.debug-auto-launch, startup: false, activationEvent: 'onStartupFinished'
2024-11-16 02:18:40.397 [info] ExtensionService#_doActivateExtension vscode.merge-conflict, startup: false, activationEvent: 'onStartupFinished'
2024-11-16 02:18:40.409 [info] ExtensionService#_doActivateExtension Codeium.windsurf-dev-containers, startup: false, activationEvent: 'onStartupFinished'
2024-11-16 02:18:41.416 [error] ConnectError: [invalid_argument] validation error:
 - metadata.api_key: value length must be at least 1 characters [string.min_len]: validation error:
 - metadata.api_key: value length must be at least 1 characters [string.min_len]
	at c (/home/spaced/Windsurf/resources/app/extensions/windsurf/dist/extension.js:2:2648634)
	at u (/home/spaced/Windsurf/resources/app/extensions/windsurf/dist/extension.js:2:2649030)
	at next (/home/spaced/Windsurf/resources/app/extensions/windsurf/dist/extension.js:2:2655252)
	at process.processTicksAndRejections (node:internal/process/task_queues:95:5)
	at async Object.unary (/home/spaced/Windsurf/resources/app/extensions/windsurf/dist/extension.js:2:2654220)
	at async Object.refreshContextForIdeAction (/home/spaced/Windsurf/resources/app/extensions/windsurf/dist/extension.js:2:2641868)
	at async /home/spaced/Windsurf/resources/app/extensions/windsurf/dist/extension.js:2:1744395
2024-11-16 02:18:54.637 [info] Extension host terminating: renderer closed the MessagePort
2024-11-16 02:18:54.650 [info] Extension host with pid 2765 exiting with code 0
2024-11-16 02:18:55.269 [info] Extension host with pid 3018 started
2024-11-16 02:18:55.269 [info] Skipping acquiring lock for /home/spaced/.config/Windsurf/User/workspaceStorage/f78bf3484be9af8e90edfbea2d4ff031.
2024-11-16 02:18:55.279 [info] ExtensionService#_doActivateExtension vscode.git-base, startup: true, activationEvent: '*', root cause: vscode.git
2024-11-16 02:18:55.301 [info] ExtensionService#_doActivateExtension vscode.git, startup: true, activationEvent: '*'
2024-11-16 02:18:55.351 [info] ExtensionService#_doActivateExtension vscode.github, startup: true, activationEvent: '*'
2024-11-16 02:18:55.430 [info] ExtensionService#_doActivateExtension codeium.windsurf, startup: true, activationEvent: '*'
2024-11-16 02:18:56.289 [info] Eager extensions activated
2024-11-16 02:18:56.317 [info] ExtensionService#_doActivateExtension vscode.debug-auto-launch, startup: false, activationEvent: 'onStartupFinished'
2024-11-16 02:18:56.320 [info] ExtensionService#_doActivateExtension vscode.merge-conflict, startup: false, activationEvent: 'onStartupFinished'
2024-11-16 02:18:56.337 [info] ExtensionService#_doActivateExtension Codeium.windsurf-dev-containers, startup: false, activationEvent: 'onStartupFinished'
2024-11-16 02:18:57.314 [error] ConnectError: [invalid_argument] validation error:
 - metadata.api_key: value length must be at least 1 characters [string.min_len]: validation error:
 - metadata.api_key: value length must be at least 1 characters [string.min_len]
	at c (/home/spaced/Windsurf/resources/app/extensions/windsurf/dist/extension.js:2:2648634)
	at u (/home/spaced/Windsurf/resources/app/extensions/windsurf/dist/extension.js:2:2649030)
	at next (/home/spaced/Windsurf/resources/app/extensions/windsurf/dist/extension.js:2:2655252)
	at process.processTicksAndRejections (node:internal/process/task_queues:95:5)
	at async Object.unary (/home/spaced/Windsurf/resources/app/extensions/windsurf/dist/extension.js:2:2654220)
	at async Object.refreshContextForIdeAction (/home/spaced/Windsurf/resources/app/extensions/windsurf/dist/extension.js:2:2641868)
	at async /home/spaced/Windsurf/resources/app/extensions/windsurf/dist/extension.js:2:1744395
2024-11-16 02:19:07.772 [info] Extension host terminating: renderer closed the MessagePort
2024-11-16 02:19:07.781 [info] Extension host with pid 3018 exiting with code 0
2024-11-16 02:19:08.418 [info] Extension host with pid 3103 started
2024-11-16 02:19:08.418 [info] Skipping acquiring lock for /home/spaced/.config/Windsurf/User/workspaceStorage/cdf517695c62a7f89a66f5f8a756cdfb.
2024-11-16 02:19:08.453 [info] ExtensionService#_doActivateExtension vscode.git-base, startup: true, activationEvent: '*'
2024-11-16 02:19:08.461 [info] ExtensionService#_doActivateExtension vscode.github, startup: true, activationEvent: '*'
2024-11-16 02:19:08.497 [info] Eager extensions activated
2024-11-16 02:19:08.506 [info] ExtensionService#_doActivateExtension vscode.debug-auto-launch, startup: false, activationEvent: 'onStartupFinished'
2024-11-16 02:19:08.507 [info] ExtensionService#_doActivateExtension vscode.merge-conflict, startup: false, activationEvent: 'onStartupFinished'
2024-11-16 02:19:08.520 [info] ExtensionService#_doActivateExtension Codeium.windsurf-dev-containers, startup: false, activationEvent: 'onStartupFinished'
2024-11-16 02:19:10.575 [info] ExtensionService#_doActivateExtension vscode.git, startup: false, activationEvent: 'api', root cause: vscode.github
2024-11-16 02:19:10.679 [info] ExtensionService#_doActivateExtension codeium.windsurf, startup: false, activationEvent: '*'
2024-11-16 02:19:10.936 [info] ExtensionService#_doActivateExtension vscode.emmet, startup: false, activationEvent: 'onLanguage'
2024-11-16 02:19:10.977 [warning] [Decorations] CAPPING events from decorations provider vscode.git 1396
2024-11-16 02:19:11.014 [warning] [Decorations] CAPPING events from decorations provider vscode.git 1396
2024-11-16 02:19:12.505 [error] ConnectError: [invalid_argument] validation error:
 - metadata.api_key: value length must be at least 1 characters [string.min_len]: validation error:
 - metadata.api_key: value length must be at least 1 characters [string.min_len]
	at c (/home/spaced/Windsurf/resources/app/extensions/windsurf/dist/extension.js:2:2648634)
	at u (/home/spaced/Windsurf/resources/app/extensions/windsurf/dist/extension.js:2:2649030)
	at next (/home/spaced/Windsurf/resources/app/extensions/windsurf/dist/extension.js:2:2655252)
	at process.processTicksAndRejections (node:internal/process/task_queues:95:5)
	at async Object.unary (/home/spaced/Windsurf/resources/app/extensions/windsurf/dist/extension.js:2:2654220)
	at async Object.refreshContextForIdeAction (/home/spaced/Windsurf/resources/app/extensions/windsurf/dist/extension.js:2:2641868)
	at async /home/spaced/Windsurf/resources/app/extensions/windsurf/dist/extension.js:2:1744395
2024-11-16 02:19:13.620 [warning] [Decorations] CAPPING events from decorations provider vscode.git 1396
2024-11-16 02:19:18.648 [warning] [Decorations] CAPPING events from decorations provider vscode.git 1396
2024-11-16 02:19:23.691 [warning] [Decorations] CAPPING events from decorations provider vscode.git 1396
2024-11-16 02:19:28.733 [warning] [Decorations] CAPPING events from decorations provider vscode.git 1396
2024-11-16 02:19:33.756 [warning] [Decorations] CAPPING events from decorations provider vscode.git 1396
2024-11-16 02:19:38.785 [warning] [Decorations] CAPPING events from decorations provider vscode.git 1220
2024-11-16 02:19:43.814 [warning] [Decorations] CAPPING events from decorations provider vscode.git 1220
2024-11-16 02:19:46.656 [info] ExtensionService#_doActivateExtension vscode.typescript-language-features, startup: false, activationEvent: 'onLanguage:javascript'
2024-11-16 02:19:49.817 [warning] [Decorations] CAPPING events from decorations provider vscode.git 1220
2024-11-16 02:19:54.844 [warning] [Decorations] CAPPING events from decorations provider vscode.git 1220
2024-11-16 02:19:59.948 [warning] [Decorations] CAPPING events from decorations provider vscode.git 1220
2024-11-16 02:20:04.987 [warning] [Decorations] CAPPING events from decorations provider vscode.git 1220
2024-11-16 02:20:44.530 [warning] [Decorations] CAPPING events from decorations provider vscode.git 1220
2024-11-16 02:20:49.556 [warning] [Decorations] CAPPING events from decorations provider vscode.git 1221
2024-11-16 02:21:00.063 [warning] [Decorations] CAPPING events from decorations provider vscode.git 1221
2024-11-16 02:21:05.098 [warning] [Decorations] CAPPING events from decorations provider vscode.git 1221
2024-11-16 02:21:10.136 [warning] [Decorations] CAPPING events from decorations provider vscode.git 1221
2024-11-16 02:21:15.177 [warning] [Decorations] CAPPING events from decorations provider vscode.git 1221
2024-11-16 02:21:20.203 [warning] [Decorations] CAPPING events from decorations provider vscode.git 1222
2024-11-16 02:21:31.111 [warning] [Decorations] CAPPING events from decorations provider vscode.git 1221
2024-11-16 02:21:36.146 [warning] [Decorations] CAPPING events from decorations provider vscode.git 1221
2024-11-16 02:21:50.580 [warning] [Decorations] CAPPING events from decorations provider vscode.git 1222
2024-11-16 02:21:56.460 [warning] [Decorations] CAPPING events from decorations provider vscode.git 1222
2024-11-16 02:22:01.488 [warning] [Decorations] CAPPING events from decorations provider vscode.git 1222
2024-11-16 02:22:13.832 [warning] [Decorations] CAPPING events from decorations provider vscode.git 1223
2024-11-16 02:22:18.859 [warning] [Decorations] CAPPING events from decorations provider vscode.git 1223
2024-11-16 02:22:23.885 [warning] [Decorations] CAPPING events from decorations provider vscode.git 1224
2024-11-16 02:22:28.912 [warning] [Decorations] CAPPING events from decorations provider vscode.git 1224
2024-11-16 02:22:35.453 [warning] [Decorations] CAPPING events from decorations provider vscode.git 1225
2024-11-16 02:22:40.482 [warning] [Decorations] CAPPING events from decorations provider vscode.git 1224
2024-11-16 02:22:45.516 [warning] [Decorations] CAPPING events from decorations provider vscode.git 1225
2024-11-16 02:22:50.545 [warning] [Decorations] CAPPING events from decorations provider vscode.git 1225
2024-11-16 02:22:55.571 [warning] [Decorations] CAPPING events from decorations provider vscode.git 1225
2024-11-16 02:24:34.634 [warning] [Decorations] CAPPING events from decorations provider vscode.git 1225
2024-11-16 02:24:39.671 [warning] [Decorations] CAPPING events from decorations provider vscode.git 1225
2024-11-16 02:25:52.323 [warning] [Decorations] CAPPING events from decorations provider vscode.git 1225
2024-11-16 02:27:12.460 [warning] [Decorations] CAPPING events from decorations provider vscode.git 1226
2024-11-16 02:27:17.525 [warning] [Decorations] CAPPING events from decorations provider vscode.git 1226
2024-11-16 02:27:31.967 [warning] [Decorations] CAPPING events from decorations provider vscode.git 1226
2024-11-16 02:27:37.005 [warning] [Decorations] CAPPING events from decorations provider vscode.git 1226
2024-11-16 02:27:42.033 [warning] [Decorations] CAPPING events from decorations provider vscode.git 1226
2024-11-16 02:27:47.267 [warning] [Decorations] CAPPING events from decorations provider vscode.git 1227
2024-11-16 02:28:28.639 [warning] [Decorations] CAPPING events from decorations provider vscode.git 1227
2024-11-16 02:28:33.667 [warning] [Decorations] CAPPING events from decorations provider vscode.git 1227
2024-11-16 02:28:40.513 [warning] [Decorations] CAPPING events from decorations provider vscode.git 1227
2024-11-16 02:29:03.263 [warning] [Decorations] CAPPING events from decorations provider vscode.git 1227
2024-11-16 02:29:09.634 [warning] [Decorations] CAPPING events from decorations provider vscode.git 1227
2024-11-16 02:29:14.664 [warning] [Decorations] CAPPING events from decorations provider vscode.git 1227
2024-11-16 02:29:19.696 [warning] [Decorations] CAPPING events from decorations provider vscode.git 1227
2024-11-16 02:29:36.918 [warning] [Decorations] CAPPING events from decorations provider vscode.git 1227
2024-11-16 02:30:01.188 [warning] [Decorations] CAPPING events from decorations provider vscode.git 1227
2024-11-16 02:30:06.222 [warning] [Decorations] CAPPING events from decorations provider vscode.git 1228
2024-11-16 02:30:11.252 [warning] [Decorations] CAPPING events from decorations provider vscode.git 1227
2024-11-16 02:30:13.556 [info] Extension host terminating: renderer closed the MessagePort
2024-11-16 02:30:13.580 [error] Canceled: Canceled
	at new PA (file:///home/spaced/Windsurf/resources/app/out/vs/workbench/api/node/extensionHostProcess.js:31:110365)
	at ay.U (file:///home/spaced/Windsurf/resources/app/out/vs/workbench/api/node/extensionHostProcess.js:31:114977)
	at s.<computed>.n.charCodeAt.s.<computed> (file:///home/spaced/Windsurf/resources/app/out/vs/workbench/api/node/extensionHostProcess.js:31:112471)
	at R0.g (file:///home/spaced/Windsurf/resources/app/out/vs/workbench/api/node/extensionHostProcess.js:114:32325)
	at R0.executeCommand (file:///home/spaced/Windsurf/resources/app/out/vs/workbench/api/node/extensionHostProcess.js:114:31826)
	at r.registerCommand.description (file:///home/spaced/Windsurf/resources/app/out/vs/workbench/api/node/extensionHostProcess.js:114:31156)
	at R0.h (file:///home/spaced/Windsurf/resources/app/out/vs/workbench/api/node/extensionHostProcess.js:114:32845)
	at R0.g (file:///home/spaced/Windsurf/resources/app/out/vs/workbench/api/node/extensionHostProcess.js:114:31919)
	at R0.executeCommand (file:///home/spaced/Windsurf/resources/app/out/vs/workbench/api/node/extensionHostProcess.js:114:31826)
	at Object.executeCommand (file:///home/spaced/Windsurf/resources/app/out/vs/workbench/api/node/extensionHostProcess.js:156:44553)
	at gh.O [as value] (/home/spaced/Windsurf/resources/app/extensions/git/dist/main.js:2:953034)
	at T.B (file:///home/spaced/Windsurf/resources/app/out/vs/workbench/api/node/extensionHostProcess.js:29:732)
	at T.C (file:///home/spaced/Windsurf/resources/app/out/vs/workbench/api/node/extensionHostProcess.js:29:802)
	at T.fire (file:///home/spaced/Windsurf/resources/app/out/vs/workbench/api/node/extensionHostProcess.js:29:1019)
	at Object.p [as dispose] (/home/spaced/Windsurf/resources/app/extensions/git/dist/main.js:2:973612)
	at /home/spaced/Windsurf/resources/app/extensions/git/dist/main.js:2:979734
	at Array.forEach (<anonymous>)
	at f.dispose (/home/spaced/Windsurf/resources/app/extensions/git/dist/main.js:2:979720)
	at A1.<anonymous> (file:///home/spaced/Windsurf/resources/app/out/vs/workbench/api/node/extensionHostProcess.js:108:19996)
	at A1.dispose (file:///home/spaced/Windsurf/resources/app/out/vs/workbench/api/node/extensionHostProcess.js:108:20092)
	at A1.<anonymous> (/home/spaced/Windsurf/resources/app/extensions/git/dist/main.js:2:955332)
	at A1.dispose (file:///home/spaced/Windsurf/resources/app/out/vs/workbench/api/node/extensionHostProcess.js:108:20092)
	at $i (file:///home/spaced/Windsurf/resources/app/out/vs/workbench/api/node/extensionHostProcess.js:24:701)
	at file:///home/spaced/Windsurf/resources/app/out/vs/workbench/api/node/extensionHostProcess.js:118:15143
	at file:///home/spaced/Windsurf/resources/app/out/vs/workbench/api/node/extensionHostProcess.js:24:1011
	at Object.dispose (file:///home/spaced/Windsurf/resources/app/out/vs/workbench/api/node/extensionHostProcess.js:7:2146)
	at QB.eb (file:///home/spaced/Windsurf/resources/app/out/vs/workbench/api/node/extensionHostProcess.js:118:12070)
	at file:///home/spaced/Windsurf/resources/app/out/vs/workbench/api/node/extensionHostProcess.js:118:10025
	at Array.map (<anonymous>)
	at QB.$ (file:///home/spaced/Windsurf/resources/app/out/vs/workbench/api/node/extensionHostProcess.js:118:10013)
	at QB.terminate (file:///home/spaced/Windsurf/resources/app/out/vs/workbench/api/node/extensionHostProcess.js:118:10256)
	at Q3.terminate (file:///home/spaced/Windsurf/resources/app/out/vs/workbench/api/node/extensionHostProcess.js:119:1424)
	at ps (file:///home/spaced/Windsurf/resources/app/out/vs/workbench/api/node/extensionHostProcess.js:174:15058)
	at MessagePortMain.<anonymous> (file:///home/spaced/Windsurf/resources/app/out/vs/workbench/api/node/extensionHostProcess.js:174:11603)
	at MessagePortMain.emit (node:events:519:28)
	at MessagePortMain._internalPort.emit (node:electron/js2c/utility_init:2:2619) setContext undefined
2024-11-16 02:30:13.580 [error] Canceled: Canceled
	at new PA (file:///home/spaced/Windsurf/resources/app/out/vs/workbench/api/node/extensionHostProcess.js:31:110365)
	at ay.U (file:///home/spaced/Windsurf/resources/app/out/vs/workbench/api/node/extensionHostProcess.js:31:114977)
	at s.<computed>.n.charCodeAt.s.<computed> (file:///home/spaced/Windsurf/resources/app/out/vs/workbench/api/node/extensionHostProcess.js:31:112471)
	at R0.g (file:///home/spaced/Windsurf/resources/app/out/vs/workbench/api/node/extensionHostProcess.js:114:32325)
	at R0.executeCommand (file:///home/spaced/Windsurf/resources/app/out/vs/workbench/api/node/extensionHostProcess.js:114:31826)
	at r.registerCommand.description (file:///home/spaced/Windsurf/resources/app/out/vs/workbench/api/node/extensionHostProcess.js:114:31156)
	at R0.h (file:///home/spaced/Windsurf/resources/app/out/vs/workbench/api/node/extensionHostProcess.js:114:32845)
	at R0.g (file:///home/spaced/Windsurf/resources/app/out/vs/workbench/api/node/extensionHostProcess.js:114:31919)
	at R0.executeCommand (file:///home/spaced/Windsurf/resources/app/out/vs/workbench/api/node/extensionHostProcess.js:114:31826)
	at Object.executeCommand (file:///home/spaced/Windsurf/resources/app/out/vs/workbench/api/node/extensionHostProcess.js:156:44553)
	at set hasGitHubRepositories (/home/spaced/Windsurf/resources/app/extensions/github/dist/extension.js:2:321578)
	at /home/spaced/Windsurf/resources/app/extensions/github/dist/extension.js:2:322537
	at gh.value (/home/spaced/Windsurf/resources/app/extensions/git/dist/main.js:2:1061875)
	at T.B (file:///home/spaced/Windsurf/resources/app/out/vs/workbench/api/node/extensionHostProcess.js:29:732)
	at T.C (file:///home/spaced/Windsurf/resources/app/out/vs/workbench/api/node/extensionHostProcess.js:29:802)
	at T.fire (file:///home/spaced/Windsurf/resources/app/out/vs/workbench/api/node/extensionHostProcess.js:29:1019)
	at Object.p [as dispose] (/home/spaced/Windsurf/resources/app/extensions/git/dist/main.js:2:973612)
	at /home/spaced/Windsurf/resources/app/extensions/git/dist/main.js:2:979734
	at Array.forEach (<anonymous>)
	at f.dispose (/home/spaced/Windsurf/resources/app/extensions/git/dist/main.js:2:979720)
	at A1.<anonymous> (file:///home/spaced/Windsurf/resources/app/out/vs/workbench/api/node/extensionHostProcess.js:108:19996)
	at A1.dispose (file:///home/spaced/Windsurf/resources/app/out/vs/workbench/api/node/extensionHostProcess.js:108:20092)
	at A1.<anonymous> (/home/spaced/Windsurf/resources/app/extensions/git/dist/main.js:2:955332)
	at A1.dispose (file:///home/spaced/Windsurf/resources/app/out/vs/workbench/api/node/extensionHostProcess.js:108:20092)
	at $i (file:///home/spaced/Windsurf/resources/app/out/vs/workbench/api/node/extensionHostProcess.js:24:701)
	at file:///home/spaced/Windsurf/resources/app/out/vs/workbench/api/node/extensionHostProcess.js:118:15143
	at file:///home/spaced/Windsurf/resources/app/out/vs/workbench/api/node/extensionHostProcess.js:24:1011
	at Object.dispose (file:///home/spaced/Windsurf/resources/app/out/vs/workbench/api/node/extensionHostProcess.js:7:2146)
	at QB.eb (file:///home/spaced/Windsurf/resources/app/out/vs/workbench/api/node/extensionHostProcess.js:118:12070)
	at file:///home/spaced/Windsurf/resources/app/out/vs/workbench/api/node/extensionHostProcess.js:118:10025
	at Array.map (<anonymous>)
	at QB.$ (file:///home/spaced/Windsurf/resources/app/out/vs/workbench/api/node/extensionHostProcess.js:118:10013)
	at QB.terminate (file:///home/spaced/Windsurf/resources/app/out/vs/workbench/api/node/extensionHostProcess.js:118:10256)
	at Q3.terminate (file:///home/spaced/Windsurf/resources/app/out/vs/workbench/api/node/extensionHostProcess.js:119:1424)
	at ps (file:///home/spaced/Windsurf/resources/app/out/vs/workbench/api/node/extensionHostProcess.js:174:15058)
	at MessagePortMain.<anonymous> (file:///home/spaced/Windsurf/resources/app/out/vs/workbench/api/node/extensionHostProcess.js:174:11603)
	at MessagePortMain.emit (node:events:519:28)
	at MessagePortMain._internalPort.emit (node:electron/js2c/utility_init:2:2619) setContext undefined
2024-11-16 02:30:13.580 [info] Extension host with pid 3103 exiting with code 0
