2024/11/16 02:18:16 maxprocs: Leaving GOMAXPROCS=8: CPU quota undefined
I1116 02:18:16.572126  2304 main.go:566] Setting GOMAXPROCS to 8
I1116 02:18:16.572742  2304 main.go:776] Starting language server process with pid 2304
I1116 02:18:16.572918  2304 server.go:199] Language server will attempt to listen on host 127.0.0.1
I1116 02:18:16.573193  2304 server.go:206] Language server listening on random port at 36887
I1116 02:18:16.573626  2304 unleash.go:94] Initializing Unleash
I1116 02:18:16.703529  2304 unleash.go:114] Successfully initialized Unleash
I1116 02:18:16.703670  2304 server.go:267] Created extension server client at port 46191
E1116 02:18:16.729818  2304 client_manager.go:275] Metadata is nil when trying to refresh user JWT
I1116 02:18:16.731695  2304 server.go:490] Successfully created API server client
I1116 02:18:16.764809  2304 server.go:505] Successfully initialized tokenizer
I1116 02:18:16.861185  2304 server.go:668] Local search is enabled, will index local files.
I1116 02:18:16.861209  2304 server.go:672] Using 2 indexer workers
I1116 02:18:16.866161  2304 sqlite_faiss_db_client.go:64] Successfully created embedding search database in 4ms
I1116 02:18:16.866563  2304 indexer.go:213] Using 8 embed workers
I1116 02:18:16.866915  2304 search_provider.go:274] Successfully created and started indexer
I1116 02:18:16.866936  2304 search_provider.go:304] Successfully created embedding search provider
I1116 02:18:16.870773  2304 server.go:759] Successfully created completion provider
I1116 02:18:16.876133  2304 server.go:323] LSP listening on random port at 36821
(VSCode) 2024-11-16 02:18:16.882 [INFO]: Language server started
(VSCode) 2024-11-16 02:18:16.905 [INFO]: LS lspClient started successfully
