2024/11/16 02:08:00 maxprocs: Leaving GOMAXPROCS=8: CPU quota undefined
I1116 02:08:00.932962  4475 main.go:566] Setting GOMAXPROCS to 8
I1116 02:08:00.933015  4475 main.go:776] Starting language server process with pid 4475
I1116 02:08:00.933035  4475 server.go:199] Language server will attempt to listen on host 127.0.0.1
I1116 02:08:00.933139  4475 server.go:206] Language server listening on random port at 37715
I1116 02:08:00.933164  4475 unleash.go:94] Initializing Unleash
I1116 02:08:01.065713  4475 unleash.go:114] Successfully initialized Unleash
I1116 02:08:01.065853  4475 server.go:267] Created extension server client at port 44093
E1116 02:08:01.076037  4475 client_manager.go:275] Metadata is nil when trying to refresh user JWT
I1116 02:08:01.076405  4475 server.go:490] Successfully created API server client
I1116 02:08:01.100030  4475 server.go:505] Successfully initialized tokenizer
I1116 02:08:01.191435  4475 server.go:668] Local search is enabled, will index local files.
I1116 02:08:01.191467  4475 server.go:672] Using 2 indexer workers
I1116 02:08:01.208757  4475 sqlite_faiss_db_client.go:64] Successfully created embedding search database in 17ms
I1116 02:08:01.209250  4475 indexer.go:213] Using 8 embed workers
I1116 02:08:01.209305  4475 search_provider.go:274] Successfully created and started indexer
I1116 02:08:01.209351  4475 search_provider.go:304] Successfully created embedding search provider
I1116 02:08:01.216749  4475 server.go:759] Successfully created completion provider
I1116 02:08:01.226661  4475 server.go:323] LSP listening on random port at 36853
(VSCode) 2024-11-16 02:08:01.247 [INFO]: Language server started
(VSCode) 2024-11-16 02:08:01.292 [INFO]: LS lspClient started successfully
