2024/11/16 02:35:13 maxprocs: Leaving GOMAXPROCS=8: CPU quota undefined
I1116 02:35:13.871478 19895 main.go:566] Setting GOMAXPROCS to 8
I1116 02:35:13.871527 19895 main.go:776] Starting language server process with pid 19895
I1116 02:35:13.871548 19895 server.go:199] Language server will attempt to listen on host 127.0.0.1
I1116 02:35:13.871626 19895 server.go:206] Language server listening on random port at 42607
I1116 02:35:13.871647 19895 unleash.go:94] Initializing Unleash
I1116 02:35:14.004283 19895 unleash.go:114] Successfully initialized Unleash
I1116 02:35:14.004340 19895 server.go:267] Created extension server client at port 45801
E1116 02:35:14.011567 19895 client_manager.go:275] Metadata is nil when trying to refresh user JWT
I1116 02:35:14.011891 19895 server.go:490] Successfully created API server client
I1116 02:35:14.039296 19895 server.go:505] Successfully initialized tokenizer
I1116 02:35:14.136569 19895 server.go:668] Local search is enabled, will index local files.
I1116 02:35:14.136585 19895 server.go:672] Using 2 indexer workers
I1116 02:35:14.137893 19895 sqlite_faiss_db_client.go:64] Successfully created embedding search database in 1ms
I1116 02:35:14.138085 19895 indexer.go:213] Using 8 embed workers
I1116 02:35:14.138107 19895 search_provider.go:274] Successfully created and started indexer
I1116 02:35:14.138125 19895 search_provider.go:304] Successfully created embedding search provider
I1116 02:35:14.140799 19895 server.go:759] Successfully created completion provider
I1116 02:35:14.144774 19895 server.go:323] LSP listening on random port at 35205
(VSCode) 2024-11-16 02:35:14.154 [INFO]: Language server started
(VSCode) 2024-11-16 02:35:14.204 [INFO]: LS lspClient started successfully
