2024-11-16 02:33:07.064 [info] Extension host with pid 18977 started
2024-11-16 02:33:07.064 [info] Skipping acquiring lock for /home/spaced/.config/Windsurf/User/workspaceStorage/cdf517695c62a7f89a66f5f8a756cdfb.
2024-11-16 02:33:07.259 [info] ExtensionService#_doActivateExtension vscode.git-base, startup: false, activationEvent: 'onView:windsurf.chatPanelView', root cause: codeium.windsurf
2024-11-16 02:33:07.262 [info] ExtensionService#_doActivateExtension vscode.emmet, startup: false, activationEvent: 'onLanguage'
2024-11-16 02:33:07.350 [info] ExtensionService#_doActivateExtension vscode.git, startup: false, activationEvent: 'onView:windsurf.chatPanelView', root cause: codeium.windsurf
2024-11-16 02:33:07.468 [info] ExtensionService#_doActivateExtension codeium.windsurf, startup: false, activationEvent: 'onView:windsurf.chatPanelView'
2024-11-16 02:33:07.767 [warning] [Decorations] CAPPING events from decorations provider vscode.git 1245
2024-11-16 02:33:08.154 [info] ExtensionService#_doActivateExtension vscode.github, startup: true, activationEvent: '*'
2024-11-16 02:33:08.219 [warning] [Decorations] CAPPING events from decorations provider vscode.git 1245
2024-11-16 02:33:08.338 [info] Eager extensions activated
2024-11-16 02:33:08.420 [info] ExtensionService#_doActivateExtension vscode.debug-auto-launch, startup: false, activationEvent: 'onStartupFinished'
2024-11-16 02:33:08.421 [info] ExtensionService#_doActivateExtension vscode.merge-conflict, startup: false, activationEvent: 'onStartupFinished'
2024-11-16 02:33:08.434 [info] ExtensionService#_doActivateExtension Codeium.windsurf-dev-containers, startup: false, activationEvent: 'onStartupFinished'
2024-11-16 02:33:09.458 [error] ConnectError: [invalid_argument] validation error:
 - metadata.api_key: value length must be at least 1 characters [string.min_len]: validation error:
 - metadata.api_key: value length must be at least 1 characters [string.min_len]
	at c (/home/spaced/Windsurf/resources/app/extensions/windsurf/dist/extension.js:2:2648634)
	at u (/home/spaced/Windsurf/resources/app/extensions/windsurf/dist/extension.js:2:2649030)
	at next (/home/spaced/Windsurf/resources/app/extensions/windsurf/dist/extension.js:2:2655252)
	at process.processTicksAndRejections (node:internal/process/task_queues:95:5)
	at async Object.unary (/home/spaced/Windsurf/resources/app/extensions/windsurf/dist/extension.js:2:2654220)
	at async Object.refreshContextForIdeAction (/home/spaced/Windsurf/resources/app/extensions/windsurf/dist/extension.js:2:2641868)
	at async /home/spaced/Windsurf/resources/app/extensions/windsurf/dist/extension.js:2:1744395
2024-11-16 02:33:11.015 [warning] [Decorations] CAPPING events from decorations provider vscode.git 1247
2024-11-16 02:33:16.051 [warning] [Decorations] CAPPING events from decorations provider vscode.git 1247
2024-11-16 02:33:21.076 [warning] [Decorations] CAPPING events from decorations provider vscode.git 1247
2024-11-16 02:33:22.164 [info] ExtensionService#_doActivateExtension vscode.typescript-language-features, startup: false, activationEvent: 'onLanguage:javascript'
2024-11-16 02:33:30.625 [warning] [Decorations] CAPPING events from decorations provider vscode.git 1248
2024-11-16 02:33:35.713 [warning] [Decorations] CAPPING events from decorations provider vscode.git 1248
2024-11-16 02:33:40.810 [warning] [Decorations] CAPPING events from decorations provider vscode.git 1248
2024-11-16 02:33:45.839 [warning] [Decorations] CAPPING events from decorations provider vscode.git 1248
2024-11-16 02:33:50.873 [warning] [Decorations] CAPPING events from decorations provider vscode.git 1248
2024-11-16 02:33:55.906 [warning] [Decorations] CAPPING events from decorations provider vscode.git 1248
2024-11-16 02:34:00.934 [warning] [Decorations] CAPPING events from decorations provider vscode.git 1248
2024-11-16 02:34:05.975 [warning] [Decorations] CAPPING events from decorations provider vscode.git 1248
2024-11-16 02:34:11.005 [warning] [Decorations] CAPPING events from decorations provider vscode.git 1248
2024-11-16 02:34:16.038 [warning] [Decorations] CAPPING events from decorations provider vscode.git 1248
2024-11-16 02:34:21.070 [warning] [Decorations] CAPPING events from decorations provider vscode.git 1248
2024-11-16 02:34:26.108 [warning] [Decorations] CAPPING events from decorations provider vscode.git 1248
2024-11-16 02:34:39.902 [warning] [Decorations] CAPPING events from decorations provider vscode.git 1248
2024-11-16 02:34:45.980 [warning] [Decorations] CAPPING events from decorations provider vscode.git 1248
2024-11-16 02:34:57.066 [warning] [Decorations] CAPPING events from decorations provider vscode.git 1248
2024-11-16 02:34:57.070 [info] ExtensionService#_doActivateExtension vscode.configuration-editing, startup: false, activationEvent: 'onLanguage:jsonc'
2024-11-16 02:34:57.079 [info] ExtensionService#_doActivateExtension vscode.json-language-features, startup: false, activationEvent: 'onLanguage:jsonc'
2024-11-16 02:34:57.143 [error] Error: User Cancelled
	at /home/spaced/Windsurf/resources/app/extensions/windsurf/dist/extension.js:2:1672853
	at async /home/spaced/Windsurf/resources/app/extensions/windsurf/dist/extension.js:2:1672650 windsurf.login {"value":"codeium.windsurf","_lower":"codeium.windsurf"}
2024-11-16 02:34:57.143 [error] Error: User Cancelled
	at /home/spaced/Windsurf/resources/app/extensions/windsurf/dist/extension.js:2:1672853
	at async /home/spaced/Windsurf/resources/app/extensions/windsurf/dist/extension.js:2:1672650 windsurf.login {"value":"codeium.windsurf","_lower":"codeium.windsurf"}
2024-11-16 02:34:57.143 [error] Error: User Cancelled
	at /home/spaced/Windsurf/resources/app/extensions/windsurf/dist/extension.js:2:1672853
	at async /home/spaced/Windsurf/resources/app/extensions/windsurf/dist/extension.js:2:1672650 windsurf.login {"value":"codeium.windsurf","_lower":"codeium.windsurf"}
2024-11-16 02:34:57.143 [error] Error: User Cancelled
	at /home/spaced/Windsurf/resources/app/extensions/windsurf/dist/extension.js:2:1672853
	at async /home/spaced/Windsurf/resources/app/extensions/windsurf/dist/extension.js:2:1672650 windsurf.login {"value":"codeium.windsurf","_lower":"codeium.windsurf"}
2024-11-16 02:34:57.143 [error] Error: User Cancelled
	at /home/spaced/Windsurf/resources/app/extensions/windsurf/dist/extension.js:2:1672853
	at async /home/spaced/Windsurf/resources/app/extensions/windsurf/dist/extension.js:2:1672650 windsurf.login {"value":"codeium.windsurf","_lower":"codeium.windsurf"}
2024-11-16 02:34:57.143 [error] Error: User Cancelled
	at /home/spaced/Windsurf/resources/app/extensions/windsurf/dist/extension.js:2:1672853
	at async /home/spaced/Windsurf/resources/app/extensions/windsurf/dist/extension.js:2:1672650 windsurf.login {"value":"codeium.windsurf","_lower":"codeium.windsurf"}
2024-11-16 02:34:58.146 [error] Error: User Cancelled
	at /home/spaced/Windsurf/resources/app/extensions/windsurf/dist/extension.js:2:1672853
	at async /home/spaced/Windsurf/resources/app/extensions/windsurf/dist/extension.js:2:1672650
2024-11-16 02:35:02.104 [warning] [Decorations] CAPPING events from decorations provider vscode.git 1250
2024-11-16 02:35:07.130 [warning] [Decorations] CAPPING events from decorations provider vscode.git 1250
2024-11-16 02:35:11.660 [info] Extension host terminating: renderer closed the MessagePort
2024-11-16 02:35:11.685 [error] Canceled: Canceled
	at new PA (file:///home/spaced/Windsurf/resources/app/out/vs/workbench/api/node/extensionHostProcess.js:31:110365)
	at ay.U (file:///home/spaced/Windsurf/resources/app/out/vs/workbench/api/node/extensionHostProcess.js:31:114977)
	at s.<computed>.n.charCodeAt.s.<computed> (file:///home/spaced/Windsurf/resources/app/out/vs/workbench/api/node/extensionHostProcess.js:31:112471)
	at R0.g (file:///home/spaced/Windsurf/resources/app/out/vs/workbench/api/node/extensionHostProcess.js:114:32325)
	at R0.executeCommand (file:///home/spaced/Windsurf/resources/app/out/vs/workbench/api/node/extensionHostProcess.js:114:31826)
	at r.registerCommand.description (file:///home/spaced/Windsurf/resources/app/out/vs/workbench/api/node/extensionHostProcess.js:114:31156)
	at R0.h (file:///home/spaced/Windsurf/resources/app/out/vs/workbench/api/node/extensionHostProcess.js:114:32845)
	at R0.g (file:///home/spaced/Windsurf/resources/app/out/vs/workbench/api/node/extensionHostProcess.js:114:31919)
	at R0.executeCommand (file:///home/spaced/Windsurf/resources/app/out/vs/workbench/api/node/extensionHostProcess.js:114:31826)
	at Object.executeCommand (file:///home/spaced/Windsurf/resources/app/out/vs/workbench/api/node/extensionHostProcess.js:156:44553)
	at gh.O [as value] (/home/spaced/Windsurf/resources/app/extensions/git/dist/main.js:2:953034)
	at T.B (file:///home/spaced/Windsurf/resources/app/out/vs/workbench/api/node/extensionHostProcess.js:29:732)
	at T.C (file:///home/spaced/Windsurf/resources/app/out/vs/workbench/api/node/extensionHostProcess.js:29:802)
	at T.fire (file:///home/spaced/Windsurf/resources/app/out/vs/workbench/api/node/extensionHostProcess.js:29:1019)
	at Object.p [as dispose] (/home/spaced/Windsurf/resources/app/extensions/git/dist/main.js:2:973612)
	at /home/spaced/Windsurf/resources/app/extensions/git/dist/main.js:2:979734
	at Array.forEach (<anonymous>)
	at f.dispose (/home/spaced/Windsurf/resources/app/extensions/git/dist/main.js:2:979720)
	at A1.<anonymous> (file:///home/spaced/Windsurf/resources/app/out/vs/workbench/api/node/extensionHostProcess.js:108:19996)
	at A1.dispose (file:///home/spaced/Windsurf/resources/app/out/vs/workbench/api/node/extensionHostProcess.js:108:20092)
	at A1.<anonymous> (/home/spaced/Windsurf/resources/app/extensions/git/dist/main.js:2:955332)
	at A1.dispose (file:///home/spaced/Windsurf/resources/app/out/vs/workbench/api/node/extensionHostProcess.js:108:20092)
	at $i (file:///home/spaced/Windsurf/resources/app/out/vs/workbench/api/node/extensionHostProcess.js:24:701)
	at file:///home/spaced/Windsurf/resources/app/out/vs/workbench/api/node/extensionHostProcess.js:118:15143
	at file:///home/spaced/Windsurf/resources/app/out/vs/workbench/api/node/extensionHostProcess.js:24:1011
	at Object.dispose (file:///home/spaced/Windsurf/resources/app/out/vs/workbench/api/node/extensionHostProcess.js:7:2146)
	at QB.eb (file:///home/spaced/Windsurf/resources/app/out/vs/workbench/api/node/extensionHostProcess.js:118:12070)
	at file:///home/spaced/Windsurf/resources/app/out/vs/workbench/api/node/extensionHostProcess.js:118:10025
	at Array.map (<anonymous>)
	at QB.$ (file:///home/spaced/Windsurf/resources/app/out/vs/workbench/api/node/extensionHostProcess.js:118:10013)
	at QB.terminate (file:///home/spaced/Windsurf/resources/app/out/vs/workbench/api/node/extensionHostProcess.js:118:10256)
	at Q3.terminate (file:///home/spaced/Windsurf/resources/app/out/vs/workbench/api/node/extensionHostProcess.js:119:1424)
	at ps (file:///home/spaced/Windsurf/resources/app/out/vs/workbench/api/node/extensionHostProcess.js:174:15058)
	at MessagePortMain.<anonymous> (file:///home/spaced/Windsurf/resources/app/out/vs/workbench/api/node/extensionHostProcess.js:174:11603)
	at MessagePortMain.emit (node:events:519:28)
	at MessagePortMain._internalPort.emit (node:electron/js2c/utility_init:2:2619) setContext undefined
2024-11-16 02:35:11.685 [error] Canceled: Canceled
	at new PA (file:///home/spaced/Windsurf/resources/app/out/vs/workbench/api/node/extensionHostProcess.js:31:110365)
	at ay.U (file:///home/spaced/Windsurf/resources/app/out/vs/workbench/api/node/extensionHostProcess.js:31:114977)
	at s.<computed>.n.charCodeAt.s.<computed> (file:///home/spaced/Windsurf/resources/app/out/vs/workbench/api/node/extensionHostProcess.js:31:112471)
	at R0.g (file:///home/spaced/Windsurf/resources/app/out/vs/workbench/api/node/extensionHostProcess.js:114:32325)
	at R0.executeCommand (file:///home/spaced/Windsurf/resources/app/out/vs/workbench/api/node/extensionHostProcess.js:114:31826)
	at r.registerCommand.description (file:///home/spaced/Windsurf/resources/app/out/vs/workbench/api/node/extensionHostProcess.js:114:31156)
	at R0.h (file:///home/spaced/Windsurf/resources/app/out/vs/workbench/api/node/extensionHostProcess.js:114:32845)
	at R0.g (file:///home/spaced/Windsurf/resources/app/out/vs/workbench/api/node/extensionHostProcess.js:114:31919)
	at R0.executeCommand (file:///home/spaced/Windsurf/resources/app/out/vs/workbench/api/node/extensionHostProcess.js:114:31826)
	at Object.executeCommand (file:///home/spaced/Windsurf/resources/app/out/vs/workbench/api/node/extensionHostProcess.js:156:44553)
	at set hasGitHubRepositories (/home/spaced/Windsurf/resources/app/extensions/github/dist/extension.js:2:321578)
	at /home/spaced/Windsurf/resources/app/extensions/github/dist/extension.js:2:322537
	at gh.value (/home/spaced/Windsurf/resources/app/extensions/git/dist/main.js:2:1061875)
	at T.B (file:///home/spaced/Windsurf/resources/app/out/vs/workbench/api/node/extensionHostProcess.js:29:732)
	at T.C (file:///home/spaced/Windsurf/resources/app/out/vs/workbench/api/node/extensionHostProcess.js:29:802)
	at T.fire (file:///home/spaced/Windsurf/resources/app/out/vs/workbench/api/node/extensionHostProcess.js:29:1019)
	at Object.p [as dispose] (/home/spaced/Windsurf/resources/app/extensions/git/dist/main.js:2:973612)
	at /home/spaced/Windsurf/resources/app/extensions/git/dist/main.js:2:979734
	at Array.forEach (<anonymous>)
	at f.dispose (/home/spaced/Windsurf/resources/app/extensions/git/dist/main.js:2:979720)
	at A1.<anonymous> (file:///home/spaced/Windsurf/resources/app/out/vs/workbench/api/node/extensionHostProcess.js:108:19996)
	at A1.dispose (file:///home/spaced/Windsurf/resources/app/out/vs/workbench/api/node/extensionHostProcess.js:108:20092)
	at A1.<anonymous> (/home/spaced/Windsurf/resources/app/extensions/git/dist/main.js:2:955332)
	at A1.dispose (file:///home/spaced/Windsurf/resources/app/out/vs/workbench/api/node/extensionHostProcess.js:108:20092)
	at $i (file:///home/spaced/Windsurf/resources/app/out/vs/workbench/api/node/extensionHostProcess.js:24:701)
	at file:///home/spaced/Windsurf/resources/app/out/vs/workbench/api/node/extensionHostProcess.js:118:15143
	at file:///home/spaced/Windsurf/resources/app/out/vs/workbench/api/node/extensionHostProcess.js:24:1011
	at Object.dispose (file:///home/spaced/Windsurf/resources/app/out/vs/workbench/api/node/extensionHostProcess.js:7:2146)
	at QB.eb (file:///home/spaced/Windsurf/resources/app/out/vs/workbench/api/node/extensionHostProcess.js:118:12070)
	at file:///home/spaced/Windsurf/resources/app/out/vs/workbench/api/node/extensionHostProcess.js:118:10025
	at Array.map (<anonymous>)
	at QB.$ (file:///home/spaced/Windsurf/resources/app/out/vs/workbench/api/node/extensionHostProcess.js:118:10013)
	at QB.terminate (file:///home/spaced/Windsurf/resources/app/out/vs/workbench/api/node/extensionHostProcess.js:118:10256)
	at Q3.terminate (file:///home/spaced/Windsurf/resources/app/out/vs/workbench/api/node/extensionHostProcess.js:119:1424)
	at ps (file:///home/spaced/Windsurf/resources/app/out/vs/workbench/api/node/extensionHostProcess.js:174:15058)
	at MessagePortMain.<anonymous> (file:///home/spaced/Windsurf/resources/app/out/vs/workbench/api/node/extensionHostProcess.js:174:11603)
	at MessagePortMain.emit (node:events:519:28)
	at MessagePortMain._internalPort.emit (node:electron/js2c/utility_init:2:2619) setContext undefined
2024-11-16 02:35:11.688 [info] Extension host with pid 18977 exiting with code 0
