2024-11-16 02:35:12.947 [info] Added views:outline in workbench.view.explorer
2024-11-16 02:35:12.947 [info] Added views:workbench.view.search in workbench.view.search
2024-11-16 02:35:12.947 [info] Added views:workbench.scm in workbench.view.scm
2024-11-16 02:35:12.947 [info] Added views:workbench.panel.markers.view in workbench.panel.markers
2024-11-16 02:35:12.947 [info] Added views:workbench.panel.output in workbench.panel.output
2024-11-16 02:35:12.947 [info] Added views:terminal in terminal
2024-11-16 02:35:12.947 [info] Added views:timeline in workbench.view.explorer
2024-11-16 02:35:12.947 [info] Added views:workbench.explorer.fileView in workbench.view.explorer
2024-11-16 02:35:13.066 [info] Added views:workbench.debug.welcome in workbench.view.debug
2024-11-16 02:35:13.252 [info] Added views:windsurf.chatPanelView in workbench.view.extension.windsurf
2024-11-16 02:35:13.252 [info] Added views:windsurfDevContainers in workbench.view.remote
2024-11-16 02:35:13.252 [info] Added views:windsurfSSHHosts in workbench.view.remote
2024-11-16 02:35:13.408 [info] Added views:workbench.panel.repl.view in workbench.panel.repl
2024-11-16 02:35:13.582 [info] Added views:~remote.forwardedPorts in ~remote.forwardedPortsContainer
2024-11-16 02:35:13.826 [info] Added views:workbench.scm.history in workbench.view.scm
2024-11-16 02:35:55.886 [info] Removed views:workbench.scm.history from workbench.view.scm
2024-11-16 02:35:56.281 [info] Added views:outline in workbench.view.explorer
2024-11-16 02:35:56.281 [info] Added views:workbench.view.search in workbench.view.search
2024-11-16 02:35:56.281 [info] Added views:workbench.scm in workbench.view.scm
2024-11-16 02:35:56.281 [info] Added views:workbench.panel.markers.view in workbench.panel.markers
2024-11-16 02:35:56.281 [info] Added views:workbench.panel.output in workbench.panel.output
2024-11-16 02:35:56.281 [info] Added views:terminal in terminal
2024-11-16 02:35:56.281 [info] Added views:timeline in workbench.view.explorer
2024-11-16 02:35:56.281 [info] Added views:workbench.explorer.fileView in workbench.view.explorer
2024-11-16 02:35:56.341 [info] Added views:workbench.debug.welcome in workbench.view.debug
2024-11-16 02:35:56.568 [info] Added views:windsurf.chatPanelView in workbench.view.extension.windsurf
2024-11-16 02:35:56.569 [info] Added views:windsurfDevContainers in workbench.view.remote
2024-11-16 02:35:56.569 [info] Added views:windsurfSSHHosts in workbench.view.remote
2024-11-16 02:35:56.744 [info] Added views:workbench.panel.repl.view in workbench.panel.repl
2024-11-16 02:35:57.081 [info] Added views:~remote.forwardedPorts in ~remote.forwardedPortsContainer
2024-11-16 02:43:43.313 [info] Removed views:workbench.panel.repl.view from workbench.panel.repl
2024-11-16 02:43:43.508 [info] Added views:workbench.panel.repl.view in workbench.panel.repl
2024-11-16 02:49:52.928 [info] Removed views:workbench.explorer.fileView from workbench.view.explorer
2024-11-16 02:49:52.945 [info] Added views:workbench.explorer.emptyView in workbench.view.explorer
2024-11-16 02:49:53.119 [info] Removed views:workbench.panel.repl.view from workbench.panel.repl
2024-11-16 02:49:53.315 [info] Added views:workbench.panel.repl.view in workbench.panel.repl
2024-11-16 02:49:57.195 [info] Added views:outline in workbench.view.explorer
2024-11-16 02:49:57.195 [info] Added views:workbench.view.search in workbench.view.search
2024-11-16 02:49:57.195 [info] Added views:workbench.scm in workbench.view.scm
2024-11-16 02:49:57.195 [info] Added views:workbench.panel.markers.view in workbench.panel.markers
2024-11-16 02:49:57.195 [info] Added views:workbench.panel.output in workbench.panel.output
2024-11-16 02:49:57.195 [info] Added views:terminal in terminal
2024-11-16 02:49:57.195 [info] Added views:timeline in workbench.view.explorer
2024-11-16 02:49:57.195 [info] Added views:workbench.explorer.fileView in workbench.view.explorer
2024-11-16 02:49:57.409 [info] Added views:windsurf.chatPanelView in workbench.view.extension.windsurf
2024-11-16 02:49:57.409 [info] Added views:windsurfDevContainers in workbench.view.remote
2024-11-16 02:49:57.409 [info] Added views:windsurfSSHHosts in workbench.view.remote
2024-11-16 02:49:57.544 [info] Added views:workbench.debug.welcome in workbench.view.debug
2024-11-16 02:49:57.583 [info] Added views:~remote.forwardedPorts in ~remote.forwardedPortsContainer
2024-11-16 02:49:57.585 [info] Added views:workbench.panel.repl.view in workbench.panel.repl
