2024/11/16 02:18:55 maxprocs: Leaving GOMAXPROCS=8: CPU quota undefined
I1116 02:18:55.716641  3055 main.go:566] Setting GOMAXPROCS to 8
I1116 02:18:55.716686  3055 main.go:776] Starting language server process with pid 3055
I1116 02:18:55.716706  3055 server.go:199] Language server will attempt to listen on host 127.0.0.1
I1116 02:18:55.716784  3055 server.go:206] Language server listening on random port at 39775
I1116 02:18:55.716803  3055 unleash.go:94] Initializing Unleash
I1116 02:18:55.904302  3055 unleash.go:114] Successfully initialized Unleash
I1116 02:18:55.904361  3055 server.go:267] Created extension server client at port 42597
E1116 02:18:55.917332  3055 client_manager.go:275] Metadata is nil when trying to refresh user JWT
I1116 02:18:55.917902  3055 server.go:490] Successfully created API server client
I1116 02:18:55.959663  3055 server.go:505] Successfully initialized tokenizer
I1116 02:18:56.055474  3055 server.go:668] Local search is enabled, will index local files.
I1116 02:18:56.055507  3055 server.go:672] Using 2 indexer workers
I1116 02:18:56.057372  3055 sqlite_faiss_db_client.go:64] Successfully created embedding search database in 1ms
I1116 02:18:56.057577  3055 indexer.go:213] Using 8 embed workers
I1116 02:18:56.057600  3055 search_provider.go:274] Successfully created and started indexer
I1116 02:18:56.057617  3055 search_provider.go:304] Successfully created embedding search provider
I1116 02:18:56.060258  3055 server.go:759] Successfully created completion provider
I1116 02:18:56.064059  3055 server.go:323] LSP listening on random port at 37569
(VSCode) 2024-11-16 02:18:56.071 [INFO]: Language server started
(VSCode) 2024-11-16 02:18:56.134 [INFO]: LS lspClient started successfully
