2024/11/16 02:19:10 maxprocs: Leaving GOMAXPROCS=8: CPU quota undefined
I1116 02:19:10.977451  3132 main.go:566] Setting GOMAXPROCS to 8
I1116 02:19:10.977513  3132 main.go:776] Starting language server process with pid 3132
I1116 02:19:10.977534  3132 server.go:199] Language server will attempt to listen on host 127.0.0.1
I1116 02:19:10.977693  3132 server.go:206] Language server listening on random port at 43761
I1116 02:19:10.977720  3132 unleash.go:94] Initializing Unleash
I1116 02:19:11.118219  3132 unleash.go:114] Successfully initialized Unleash
I1116 02:19:11.118271  3132 server.go:267] Created extension server client at port 42935
E1116 02:19:11.125297  3132 client_manager.go:275] Metadata is nil when trying to refresh user JWT
I1116 02:19:11.125574  3132 server.go:490] Successfully created API server client
I1116 02:19:11.151152  3132 server.go:505] Successfully initialized tokenizer
I1116 02:19:11.256382  3132 server.go:668] Local search is enabled, will index local files.
I1116 02:19:11.256400  3132 server.go:672] Using 2 indexer workers
I1116 02:19:11.257732  3132 sqlite_faiss_db_client.go:64] Successfully created embedding search database in 1ms
I1116 02:19:11.257945  3132 indexer.go:213] Using 8 embed workers
I1116 02:19:11.257972  3132 search_provider.go:274] Successfully created and started indexer
I1116 02:19:11.257991  3132 search_provider.go:304] Successfully created embedding search provider
I1116 02:19:11.260912  3132 server.go:759] Successfully created completion provider
I1116 02:19:11.264755  3132 server.go:323] LSP listening on random port at 42073
(VSCode) 2024-11-16 02:19:11.272 [INFO]: Language server started
(VSCode) 2024-11-16 02:19:11.342 [INFO]: LS lspClient started successfully
(VSCode) 2024-11-16 02:20:47.876 [WARN]: User not logged in, using guest access.
(VSCode) 2024-11-16 02:20:47.879 [INFO]: Completion request errored (2.75ms)
(VSCode) 2024-11-16 02:20:47.879 [ERROR]: [invalid_argument] validation error:
 - metadata.api_key: value length must be at least 1 characters [string.min_len]: validation error:
 - metadata.api_key: value length must be at least 1 characters [string.min_len]
(VSCode) 2024-11-16 02:20:48.955 [WARN]: User not logged in, using guest access.
(VSCode) 2024-11-16 02:20:48.958 [INFO]: Completion request errored (2.53ms)
(VSCode) 2024-11-16 02:20:48.958 [ERROR]: [invalid_argument] validation error:
 - metadata.api_key: value length must be at least 1 characters [string.min_len]: validation error:
 - metadata.api_key: value length must be at least 1 characters [string.min_len]
(VSCode) 2024-11-16 02:20:50.233 [WARN]: User not logged in, using guest access.
(VSCode) 2024-11-16 02:20:50.235 [INFO]: Completion request errored (2.07ms)
(VSCode) 2024-11-16 02:20:50.235 [ERROR]: [invalid_argument] validation error:
 - metadata.api_key: value length must be at least 1 characters [string.min_len]: validation error:
 - metadata.api_key: value length must be at least 1 characters [string.min_len]
(VSCode) 2024-11-16 02:20:50.322 [WARN]: User not logged in, using guest access.
(VSCode) 2024-11-16 02:20:50.331 [INFO]: Completion request errored (8.37ms)
(VSCode) 2024-11-16 02:20:50.331 [ERROR]: [invalid_argument] validation error:
 - metadata.api_key: value length must be at least 1 characters [string.min_len]: validation error:
 - metadata.api_key: value length must be at least 1 characters [string.min_len]
(VSCode) 2024-11-16 02:20:50.532 [WARN]: User not logged in, using guest access.
(VSCode) 2024-11-16 02:20:50.536 [INFO]: Completion request errored (3.26ms)
(VSCode) 2024-11-16 02:20:50.536 [ERROR]: [invalid_argument] validation error:
 - metadata.api_key: value length must be at least 1 characters [string.min_len]: validation error:
 - metadata.api_key: value length must be at least 1 characters [string.min_len]
(VSCode) 2024-11-16 02:20:50.621 [WARN]: User not logged in, using guest access.
(VSCode) 2024-11-16 02:20:50.625 [INFO]: Completion request errored (3.7ms)
(VSCode) 2024-11-16 02:20:50.625 [ERROR]: [invalid_argument] validation error:
 - metadata.api_key: value length must be at least 1 characters [string.min_len]: validation error:
 - metadata.api_key: value length must be at least 1 characters [string.min_len]
(VSCode) 2024-11-16 02:20:50.692 [WARN]: User not logged in, using guest access.
(VSCode) 2024-11-16 02:20:50.700 [INFO]: Completion request errored (7.94ms)
(VSCode) 2024-11-16 02:20:50.701 [ERROR]: [invalid_argument] validation error:
 - metadata.api_key: value length must be at least 1 characters [string.min_len]: validation error:
 - metadata.api_key: value length must be at least 1 characters [string.min_len]
(VSCode) 2024-11-16 02:20:50.797 [WARN]: User not logged in, using guest access.
(VSCode) 2024-11-16 02:20:50.800 [INFO]: Completion request errored (3.29ms)
(VSCode) 2024-11-16 02:20:50.800 [ERROR]: [invalid_argument] validation error:
 - metadata.api_key: value length must be at least 1 characters [string.min_len]: validation error:
 - metadata.api_key: value length must be at least 1 characters [string.min_len]
(VSCode) 2024-11-16 02:20:51.297 [WARN]: User not logged in, using guest access.
(VSCode) 2024-11-16 02:20:51.304 [INFO]: Completion request errored (7ms)
(VSCode) 2024-11-16 02:20:51.304 [ERROR]: [invalid_argument] validation error:
 - metadata.api_key: value length must be at least 1 characters [string.min_len]: validation error:
 - metadata.api_key: value length must be at least 1 characters [string.min_len]
(VSCode) 2024-11-16 02:20:52.681 [WARN]: User not logged in, using guest access.
(VSCode) 2024-11-16 02:20:52.687 [INFO]: Completion request errored (6.44ms)
(VSCode) 2024-11-16 02:20:52.688 [ERROR]: [invalid_argument] validation error:
 - metadata.api_key: value length must be at least 1 characters [string.min_len]: validation error:
 - metadata.api_key: value length must be at least 1 characters [string.min_len]
(VSCode) 2024-11-16 02:20:53.842 [WARN]: User not logged in, using guest access.
(VSCode) 2024-11-16 02:20:53.845 [INFO]: Completion request errored (2.94ms)
(VSCode) 2024-11-16 02:20:53.846 [ERROR]: [invalid_argument] validation error:
 - metadata.api_key: value length must be at least 1 characters [string.min_len]: validation error:
 - metadata.api_key: value length must be at least 1 characters [string.min_len]
(VSCode) 2024-11-16 02:20:54.567 [WARN]: User not logged in, using guest access.
(VSCode) 2024-11-16 02:20:54.572 [INFO]: Completion request errored (6.14ms)
(VSCode) 2024-11-16 02:20:54.573 [ERROR]: [invalid_argument] validation error:
 - metadata.api_key: value length must be at least 1 characters [string.min_len]: validation error:
 - metadata.api_key: value length must be at least 1 characters [string.min_len]
(VSCode) 2024-11-16 02:20:54.719 [WARN]: User not logged in, using guest access.
(VSCode) 2024-11-16 02:20:54.721 [INFO]: Completion request errored (1.87ms)
(VSCode) 2024-11-16 02:20:54.721 [ERROR]: [invalid_argument] validation error:
 - metadata.api_key: value length must be at least 1 characters [string.min_len]: validation error:
 - metadata.api_key: value length must be at least 1 characters [string.min_len]
(VSCode) 2024-11-16 02:20:55.162 [WARN]: User not logged in, using guest access.
(VSCode) 2024-11-16 02:20:55.170 [INFO]: Completion request errored (8.03ms)
(VSCode) 2024-11-16 02:20:55.171 [ERROR]: [invalid_argument] validation error:
 - metadata.api_key: value length must be at least 1 characters [string.min_len]: validation error:
 - metadata.api_key: value length must be at least 1 characters [string.min_len]
(VSCode) 2024-11-16 02:20:55.305 [WARN]: User not logged in, using guest access.
(VSCode) 2024-11-16 02:20:55.314 [INFO]: Completion request errored (6.98ms)
(VSCode) 2024-11-16 02:20:55.314 [ERROR]: [invalid_argument] validation error:
 - metadata.api_key: value length must be at least 1 characters [string.min_len]: validation error:
 - metadata.api_key: value length must be at least 1 characters [string.min_len]
(VSCode) 2024-11-16 02:20:55.727 [WARN]: User not logged in, using guest access.
(VSCode) 2024-11-16 02:20:55.731 [INFO]: Completion request errored (3.66ms)
(VSCode) 2024-11-16 02:20:55.731 [ERROR]: [invalid_argument] validation error:
 - metadata.api_key: value length must be at least 1 characters [string.min_len]: validation error:
 - metadata.api_key: value length must be at least 1 characters [string.min_len]
(VSCode) 2024-11-16 02:20:56.083 [WARN]: User not logged in, using guest access.
(VSCode) 2024-11-16 02:20:56.091 [INFO]: Completion request errored (8.01ms)
(VSCode) 2024-11-16 02:20:56.091 [ERROR]: [invalid_argument] validation error:
 - metadata.api_key: value length must be at least 1 characters [string.min_len]: validation error:
 - metadata.api_key: value length must be at least 1 characters [string.min_len]
(VSCode) 2024-11-16 02:20:56.652 [WARN]: User not logged in, using guest access.
(VSCode) 2024-11-16 02:20:56.660 [INFO]: Completion request errored (7.88ms)
(VSCode) 2024-11-16 02:20:56.661 [ERROR]: [invalid_argument] validation error:
 - metadata.api_key: value length must be at least 1 characters [string.min_len]: validation error:
 - metadata.api_key: value length must be at least 1 characters [string.min_len]
(VSCode) 2024-11-16 02:20:56.874 [WARN]: User not logged in, using guest access.
(VSCode) 2024-11-16 02:20:56.877 [INFO]: Completion request errored (2.85ms)
(VSCode) 2024-11-16 02:20:56.877 [ERROR]: [invalid_argument] validation error:
 - metadata.api_key: value length must be at least 1 characters [string.min_len]: validation error:
 - metadata.api_key: value length must be at least 1 characters [string.min_len]
(VSCode) 2024-11-16 02:20:57.136 [WARN]: User not logged in, using guest access.
(VSCode) 2024-11-16 02:20:57.138 [INFO]: Completion request errored (1.99ms)
(VSCode) 2024-11-16 02:20:57.138 [ERROR]: [invalid_argument] validation error:
 - metadata.api_key: value length must be at least 1 characters [string.min_len]: validation error:
 - metadata.api_key: value length must be at least 1 characters [string.min_len]
(VSCode) 2024-11-16 02:20:57.340 [WARN]: User not logged in, using guest access.
(VSCode) 2024-11-16 02:20:57.344 [INFO]: Completion request errored (3.92ms)
(VSCode) 2024-11-16 02:20:57.344 [ERROR]: [invalid_argument] validation error:
 - metadata.api_key: value length must be at least 1 characters [string.min_len]: validation error:
 - metadata.api_key: value length must be at least 1 characters [string.min_len]
(VSCode) 2024-11-16 02:20:58.004 [WARN]: User not logged in, using guest access.
(VSCode) 2024-11-16 02:20:58.006 [INFO]: Completion request errored (2.41ms)
(VSCode) 2024-11-16 02:20:58.006 [ERROR]: [invalid_argument] validation error:
 - metadata.api_key: value length must be at least 1 characters [string.min_len]: validation error:
 - metadata.api_key: value length must be at least 1 characters [string.min_len]
(VSCode) 2024-11-16 02:21:00.319 [WARN]: User not logged in, using guest access.
(VSCode) 2024-11-16 02:21:00.322 [INFO]: Completion request errored (3.21ms)
(VSCode) 2024-11-16 02:21:00.322 [ERROR]: [invalid_argument] validation error:
 - metadata.api_key: value length must be at least 1 characters [string.min_len]: validation error:
 - metadata.api_key: value length must be at least 1 characters [string.min_len]
(VSCode) 2024-11-16 02:21:00.410 [WARN]: User not logged in, using guest access.
(VSCode) 2024-11-16 02:21:00.412 [INFO]: Completion request errored (2.57ms)
(VSCode) 2024-11-16 02:21:00.413 [ERROR]: [invalid_argument] validation error:
 - metadata.api_key: value length must be at least 1 characters [string.min_len]: validation error:
 - metadata.api_key: value length must be at least 1 characters [string.min_len]
(VSCode) 2024-11-16 02:21:00.479 [WARN]: User not logged in, using guest access.
(VSCode) 2024-11-16 02:21:00.487 [INFO]: Completion request errored (7.61ms)
(VSCode) 2024-11-16 02:21:00.487 [ERROR]: [invalid_argument] validation error:
 - metadata.api_key: value length must be at least 1 characters [string.min_len]: validation error:
 - metadata.api_key: value length must be at least 1 characters [string.min_len]
(VSCode) 2024-11-16 02:21:00.717 [WARN]: User not logged in, using guest access.
(VSCode) 2024-11-16 02:21:00.720 [INFO]: Completion request errored (2.36ms)
(VSCode) 2024-11-16 02:21:00.720 [ERROR]: [invalid_argument] validation error:
 - metadata.api_key: value length must be at least 1 characters [string.min_len]: validation error:
 - metadata.api_key: value length must be at least 1 characters [string.min_len]
(VSCode) 2024-11-16 02:21:00.860 [WARN]: User not logged in, using guest access.
(VSCode) 2024-11-16 02:21:00.862 [INFO]: Completion request errored (2.35ms)
(VSCode) 2024-11-16 02:21:00.862 [ERROR]: [invalid_argument] validation error:
 - metadata.api_key: value length must be at least 1 characters [string.min_len]: validation error:
 - metadata.api_key: value length must be at least 1 characters [string.min_len]
(VSCode) 2024-11-16 02:21:01.046 [WARN]: User not logged in, using guest access.
(VSCode) 2024-11-16 02:21:01.050 [INFO]: Completion request errored (4.56ms)
(VSCode) 2024-11-16 02:21:01.050 [ERROR]: [invalid_argument] validation error:
 - metadata.api_key: value length must be at least 1 characters [string.min_len]: validation error:
 - metadata.api_key: value length must be at least 1 characters [string.min_len]
(VSCode) 2024-11-16 02:21:01.339 [WARN]: User not logged in, using guest access.
(VSCode) 2024-11-16 02:21:01.341 [INFO]: Completion request errored (2.53ms)
(VSCode) 2024-11-16 02:21:01.341 [ERROR]: [invalid_argument] validation error:
 - metadata.api_key: value length must be at least 1 characters [string.min_len]: validation error:
 - metadata.api_key: value length must be at least 1 characters [string.min_len]
(VSCode) 2024-11-16 02:21:01.456 [WARN]: User not logged in, using guest access.
(VSCode) 2024-11-16 02:21:01.471 [INFO]: Completion request errored (14.68ms)
(VSCode) 2024-11-16 02:21:01.471 [ERROR]: [invalid_argument] validation error:
 - metadata.api_key: value length must be at least 1 characters [string.min_len]: validation error:
 - metadata.api_key: value length must be at least 1 characters [string.min_len]
(VSCode) 2024-11-16 02:21:01.600 [WARN]: User not logged in, using guest access.
(VSCode) 2024-11-16 02:21:01.603 [INFO]: Completion request errored (3.27ms)
(VSCode) 2024-11-16 02:21:01.603 [ERROR]: [invalid_argument] validation error:
 - metadata.api_key: value length must be at least 1 characters [string.min_len]: validation error:
 - metadata.api_key: value length must be at least 1 characters [string.min_len]
(VSCode) 2024-11-16 02:21:01.737 [WARN]: User not logged in, using guest access.
(VSCode) 2024-11-16 02:21:01.740 [INFO]: Completion request errored (3.14ms)
(VSCode) 2024-11-16 02:21:01.740 [ERROR]: [invalid_argument] validation error:
 - metadata.api_key: value length must be at least 1 characters [string.min_len]: validation error:
 - metadata.api_key: value length must be at least 1 characters [string.min_len]
(VSCode) 2024-11-16 02:21:01.894 [WARN]: User not logged in, using guest access.
(VSCode) 2024-11-16 02:21:01.896 [INFO]: Completion request errored (2.76ms)
(VSCode) 2024-11-16 02:21:01.897 [ERROR]: [invalid_argument] validation error:
 - metadata.api_key: value length must be at least 1 characters [string.min_len]: validation error:
 - metadata.api_key: value length must be at least 1 characters [string.min_len]
(VSCode) 2024-11-16 02:21:06.604 [WARN]: User not logged in, using guest access.
(VSCode) 2024-11-16 02:21:06.611 [INFO]: Completion request errored (7.71ms)
(VSCode) 2024-11-16 02:21:06.612 [ERROR]: [invalid_argument] validation error:
 - metadata.api_key: value length must be at least 1 characters [string.min_len]: validation error:
 - metadata.api_key: value length must be at least 1 characters [string.min_len]
(VSCode) 2024-11-16 02:21:07.430 [WARN]: User not logged in, using guest access.
(VSCode) 2024-11-16 02:21:07.432 [INFO]: Completion request errored (2.61ms)
(VSCode) 2024-11-16 02:21:07.433 [ERROR]: [invalid_argument] validation error:
 - metadata.api_key: value length must be at least 1 characters [string.min_len]: validation error:
 - metadata.api_key: value length must be at least 1 characters [string.min_len]
(VSCode) 2024-11-16 02:21:16.976 [WARN]: User not logged in, using guest access.
(VSCode) 2024-11-16 02:21:16.983 [INFO]: Completion request errored (7.68ms)
(VSCode) 2024-11-16 02:21:16.984 [ERROR]: [invalid_argument] validation error:
 - metadata.api_key: value length must be at least 1 characters [string.min_len]: validation error:
 - metadata.api_key: value length must be at least 1 characters [string.min_len]
(VSCode) 2024-11-16 02:21:17.561 [WARN]: User not logged in, using guest access.
(VSCode) 2024-11-16 02:21:17.566 [INFO]: Completion request errored (4.21ms)
(VSCode) 2024-11-16 02:21:17.566 [ERROR]: [invalid_argument] validation error:
 - metadata.api_key: value length must be at least 1 characters [string.min_len]: validation error:
 - metadata.api_key: value length must be at least 1 characters [string.min_len]
(VSCode) 2024-11-16 02:21:37.144 [WARN]: User not logged in, using guest access.
(VSCode) 2024-11-16 02:21:37.146 [INFO]: Completion request errored (2.45ms)
(VSCode) 2024-11-16 02:21:37.147 [ERROR]: [invalid_argument] validation error:
 - metadata.api_key: value length must be at least 1 characters [string.min_len]: validation error:
 - metadata.api_key: value length must be at least 1 characters [string.min_len]
(VSCode) 2024-11-16 02:21:38.009 [WARN]: User not logged in, using guest access.
(VSCode) 2024-11-16 02:21:38.012 [INFO]: Completion request errored (3.67ms)
(VSCode) 2024-11-16 02:21:38.013 [ERROR]: [invalid_argument] validation error:
 - metadata.api_key: value length must be at least 1 characters [string.min_len]: validation error:
 - metadata.api_key: value length must be at least 1 characters [string.min_len]
(VSCode) 2024-11-16 02:21:38.616 [WARN]: User not logged in, using guest access.
(VSCode) 2024-11-16 02:21:38.618 [INFO]: Completion request errored (2.33ms)
(VSCode) 2024-11-16 02:21:38.618 [ERROR]: [invalid_argument] validation error:
 - metadata.api_key: value length must be at least 1 characters [string.min_len]: validation error:
 - metadata.api_key: value length must be at least 1 characters [string.min_len]
(VSCode) 2024-11-16 02:21:39.185 [WARN]: User not logged in, using guest access.
(VSCode) 2024-11-16 02:21:39.190 [INFO]: Completion request errored (5.69ms)
(VSCode) 2024-11-16 02:21:39.190 [ERROR]: [invalid_argument] validation error:
 - metadata.api_key: value length must be at least 1 characters [string.min_len]: validation error:
 - metadata.api_key: value length must be at least 1 characters [string.min_len]
(VSCode) 2024-11-16 02:21:39.762 [WARN]: User not logged in, using guest access.
(VSCode) 2024-11-16 02:21:39.764 [INFO]: Completion request errored (2.14ms)
(VSCode) 2024-11-16 02:21:39.764 [ERROR]: [invalid_argument] validation error:
 - metadata.api_key: value length must be at least 1 characters [string.min_len]: validation error:
 - metadata.api_key: value length must be at least 1 characters [string.min_len]
(VSCode) 2024-11-16 02:21:40.071 [WARN]: User not logged in, using guest access.
(VSCode) 2024-11-16 02:21:40.079 [INFO]: Completion request errored (7.49ms)
(VSCode) 2024-11-16 02:21:40.080 [ERROR]: [invalid_argument] validation error:
 - metadata.api_key: value length must be at least 1 characters [string.min_len]: validation error:
 - metadata.api_key: value length must be at least 1 characters [string.min_len]
(VSCode) 2024-11-16 02:21:40.391 [WARN]: User not logged in, using guest access.
(VSCode) 2024-11-16 02:21:40.395 [INFO]: Completion request errored (4.07ms)
(VSCode) 2024-11-16 02:21:40.395 [ERROR]: [invalid_argument] validation error:
 - metadata.api_key: value length must be at least 1 characters [string.min_len]: validation error:
 - metadata.api_key: value length must be at least 1 characters [string.min_len]
(VSCode) 2024-11-16 02:21:41.239 [WARN]: User not logged in, using guest access.
(VSCode) 2024-11-16 02:21:41.244 [INFO]: Completion request errored (5.5ms)
(VSCode) 2024-11-16 02:21:41.244 [ERROR]: [invalid_argument] validation error:
 - metadata.api_key: value length must be at least 1 characters [string.min_len]: validation error:
 - metadata.api_key: value length must be at least 1 characters [string.min_len]
(VSCode) 2024-11-16 02:21:42.056 [WARN]: User not logged in, using guest access.
(VSCode) 2024-11-16 02:21:42.059 [INFO]: Completion request errored (3.34ms)
(VSCode) 2024-11-16 02:21:42.059 [ERROR]: [invalid_argument] validation error:
 - metadata.api_key: value length must be at least 1 characters [string.min_len]: validation error:
 - metadata.api_key: value length must be at least 1 characters [string.min_len]
(VSCode) 2024-11-16 02:21:42.164 [WARN]: User not logged in, using guest access.
(VSCode) 2024-11-16 02:21:42.167 [INFO]: Completion request errored (2.34ms)
(VSCode) 2024-11-16 02:21:42.167 [ERROR]: [invalid_argument] validation error:
 - metadata.api_key: value length must be at least 1 characters [string.min_len]: validation error:
 - metadata.api_key: value length must be at least 1 characters [string.min_len]
(VSCode) 2024-11-16 02:21:42.235 [WARN]: User not logged in, using guest access.
(VSCode) 2024-11-16 02:21:42.240 [INFO]: Completion request errored (5.72ms)
(VSCode) 2024-11-16 02:21:42.240 [ERROR]: [invalid_argument] validation error:
 - metadata.api_key: value length must be at least 1 characters [string.min_len]: validation error:
 - metadata.api_key: value length must be at least 1 characters [string.min_len]
(VSCode) 2024-11-16 02:21:42.990 [WARN]: User not logged in, using guest access.
(VSCode) 2024-11-16 02:21:42.992 [INFO]: Completion request errored (1.93ms)
(VSCode) 2024-11-16 02:21:42.992 [ERROR]: [invalid_argument] validation error:
 - metadata.api_key: value length must be at least 1 characters [string.min_len]: validation error:
 - metadata.api_key: value length must be at least 1 characters [string.min_len]
(VSCode) 2024-11-16 02:21:43.147 [WARN]: User not logged in, using guest access.
(VSCode) 2024-11-16 02:21:43.149 [INFO]: Completion request errored (2.01ms)
(VSCode) 2024-11-16 02:21:43.150 [ERROR]: [invalid_argument] validation error:
 - metadata.api_key: value length must be at least 1 characters [string.min_len]: validation error:
 - metadata.api_key: value length must be at least 1 characters [string.min_len]
(VSCode) 2024-11-16 02:21:43.417 [WARN]: User not logged in, using guest access.
(VSCode) 2024-11-16 02:21:43.424 [INFO]: Completion request errored (7.41ms)
(VSCode) 2024-11-16 02:21:43.425 [ERROR]: [invalid_argument] validation error:
 - metadata.api_key: value length must be at least 1 characters [string.min_len]: validation error:
 - metadata.api_key: value length must be at least 1 characters [string.min_len]
(VSCode) 2024-11-16 02:21:44.023 [WARN]: User not logged in, using guest access.
(VSCode) 2024-11-16 02:21:44.025 [INFO]: Completion request errored (2.27ms)
(VSCode) 2024-11-16 02:21:44.026 [ERROR]: [invalid_argument] validation error:
 - metadata.api_key: value length must be at least 1 characters [string.min_len]: validation error:
 - metadata.api_key: value length must be at least 1 characters [string.min_len]
(VSCode) 2024-11-16 02:21:44.288 [WARN]: User not logged in, using guest access.
(VSCode) 2024-11-16 02:21:44.292 [INFO]: Completion request errored (4.21ms)
(VSCode) 2024-11-16 02:21:44.292 [ERROR]: [invalid_argument] validation error:
 - metadata.api_key: value length must be at least 1 characters [string.min_len]: validation error:
 - metadata.api_key: value length must be at least 1 characters [string.min_len]
(VSCode) 2024-11-16 02:21:44.488 [WARN]: User not logged in, using guest access.
(VSCode) 2024-11-16 02:21:44.496 [INFO]: Completion request errored (7.41ms)
(VSCode) 2024-11-16 02:21:44.496 [ERROR]: [invalid_argument] validation error:
 - metadata.api_key: value length must be at least 1 characters [string.min_len]: validation error:
 - metadata.api_key: value length must be at least 1 characters [string.min_len]
(VSCode) 2024-11-16 02:21:44.930 [WARN]: User not logged in, using guest access.
(VSCode) 2024-11-16 02:21:44.932 [INFO]: Completion request errored (2.01ms)
(VSCode) 2024-11-16 02:21:44.932 [ERROR]: [invalid_argument] validation error:
 - metadata.api_key: value length must be at least 1 characters [string.min_len]: validation error:
 - metadata.api_key: value length must be at least 1 characters [string.min_len]
(VSCode) 2024-11-16 02:21:45.085 [WARN]: User not logged in, using guest access.
(VSCode) 2024-11-16 02:21:45.089 [INFO]: Completion request errored (4.15ms)
(VSCode) 2024-11-16 02:21:45.090 [ERROR]: [invalid_argument] validation error:
 - metadata.api_key: value length must be at least 1 characters [string.min_len]: validation error:
 - metadata.api_key: value length must be at least 1 characters [string.min_len]
(VSCode) 2024-11-16 02:21:45.338 [WARN]: User not logged in, using guest access.
(VSCode) 2024-11-16 02:21:45.346 [INFO]: Completion request errored (8.72ms)
(VSCode) 2024-11-16 02:21:45.347 [ERROR]: [invalid_argument] validation error:
 - metadata.api_key: value length must be at least 1 characters [string.min_len]: validation error:
 - metadata.api_key: value length must be at least 1 characters [string.min_len]
(VSCode) 2024-11-16 02:21:45.618 [WARN]: User not logged in, using guest access.
(VSCode) 2024-11-16 02:21:45.620 [INFO]: Completion request errored (2.56ms)
(VSCode) 2024-11-16 02:21:45.620 [ERROR]: [invalid_argument] validation error:
 - metadata.api_key: value length must be at least 1 characters [string.min_len]: validation error:
 - metadata.api_key: value length must be at least 1 characters [string.min_len]
(VSCode) 2024-11-16 02:21:45.800 [WARN]: User not logged in, using guest access.
(VSCode) 2024-11-16 02:21:45.805 [INFO]: Completion request errored (5.93ms)
(VSCode) 2024-11-16 02:21:45.805 [ERROR]: [invalid_argument] validation error:
 - metadata.api_key: value length must be at least 1 characters [string.min_len]: validation error:
 - metadata.api_key: value length must be at least 1 characters [string.min_len]
(VSCode) 2024-11-16 02:21:45.946 [WARN]: User not logged in, using guest access.
(VSCode) 2024-11-16 02:21:45.948 [INFO]: Completion request errored (1.83ms)
(VSCode) 2024-11-16 02:21:45.948 [ERROR]: [invalid_argument] validation error:
 - metadata.api_key: value length must be at least 1 characters [string.min_len]: validation error:
 - metadata.api_key: value length must be at least 1 characters [string.min_len]
(VSCode) 2024-11-16 02:21:46.418 [WARN]: User not logged in, using guest access.
(VSCode) 2024-11-16 02:21:46.420 [INFO]: Completion request errored (2.39ms)
(VSCode) 2024-11-16 02:21:46.420 [ERROR]: [invalid_argument] validation error:
 - metadata.api_key: value length must be at least 1 characters [string.min_len]: validation error:
 - metadata.api_key: value length must be at least 1 characters [string.min_len]
(VSCode) 2024-11-16 02:21:46.551 [WARN]: User not logged in, using guest access.
(VSCode) 2024-11-16 02:21:46.559 [INFO]: Completion request errored (7.34ms)
(VSCode) 2024-11-16 02:21:46.559 [ERROR]: [invalid_argument] validation error:
 - metadata.api_key: value length must be at least 1 characters [string.min_len]: validation error:
 - metadata.api_key: value length must be at least 1 characters [string.min_len]
(VSCode) 2024-11-16 02:21:46.781 [WARN]: User not logged in, using guest access.
(VSCode) 2024-11-16 02:21:46.784 [INFO]: Completion request errored (3.36ms)
(VSCode) 2024-11-16 02:21:46.785 [ERROR]: [invalid_argument] validation error:
 - metadata.api_key: value length must be at least 1 characters [string.min_len]: validation error:
 - metadata.api_key: value length must be at least 1 characters [string.min_len]
(VSCode) 2024-11-16 02:21:47.245 [WARN]: User not logged in, using guest access.
(VSCode) 2024-11-16 02:21:47.249 [INFO]: Completion request errored (4.65ms)
(VSCode) 2024-11-16 02:21:47.250 [ERROR]: [invalid_argument] validation error:
 - metadata.api_key: value length must be at least 1 characters [string.min_len]: validation error:
 - metadata.api_key: value length must be at least 1 characters [string.min_len]
(VSCode) 2024-11-16 02:21:47.346 [WARN]: User not logged in, using guest access.
(VSCode) 2024-11-16 02:21:47.349 [INFO]: Completion request errored (3.24ms)
(VSCode) 2024-11-16 02:21:47.349 [ERROR]: [invalid_argument] validation error:
 - metadata.api_key: value length must be at least 1 characters [string.min_len]: validation error:
 - metadata.api_key: value length must be at least 1 characters [string.min_len]
(VSCode) 2024-11-16 02:21:47.419 [WARN]: User not logged in, using guest access.
(VSCode) 2024-11-16 02:21:47.426 [INFO]: Completion request errored (7.12ms)
(VSCode) 2024-11-16 02:21:47.427 [ERROR]: [invalid_argument] validation error:
 - metadata.api_key: value length must be at least 1 characters [string.min_len]: validation error:
 - metadata.api_key: value length must be at least 1 characters [string.min_len]
(VSCode) 2024-11-16 02:21:47.679 [WARN]: User not logged in, using guest access.
(VSCode) 2024-11-16 02:21:47.684 [INFO]: Completion request errored (5.3ms)
(VSCode) 2024-11-16 02:21:47.684 [ERROR]: [invalid_argument] validation error:
 - metadata.api_key: value length must be at least 1 characters [string.min_len]: validation error:
 - metadata.api_key: value length must be at least 1 characters [string.min_len]
(VSCode) 2024-11-16 02:21:47.830 [WARN]: User not logged in, using guest access.
(VSCode) 2024-11-16 02:21:47.834 [INFO]: Completion request errored (4.08ms)
(VSCode) 2024-11-16 02:21:47.835 [ERROR]: [invalid_argument] validation error:
 - metadata.api_key: value length must be at least 1 characters [string.min_len]: validation error:
 - metadata.api_key: value length must be at least 1 characters [string.min_len]
(VSCode) 2024-11-16 02:21:47.907 [WARN]: User not logged in, using guest access.
(VSCode) 2024-11-16 02:21:47.914 [INFO]: Completion request errored (7.32ms)
(VSCode) 2024-11-16 02:21:47.915 [ERROR]: [invalid_argument] validation error:
 - metadata.api_key: value length must be at least 1 characters [string.min_len]: validation error:
 - metadata.api_key: value length must be at least 1 characters [string.min_len]
(VSCode) 2024-11-16 02:21:47.978 [WARN]: User not logged in, using guest access.
(VSCode) 2024-11-16 02:21:47.985 [INFO]: Completion request errored (7.33ms)
(VSCode) 2024-11-16 02:21:47.986 [ERROR]: [invalid_argument] validation error:
 - metadata.api_key: value length must be at least 1 characters [string.min_len]: validation error:
 - metadata.api_key: value length must be at least 1 characters [string.min_len]
(VSCode) 2024-11-16 02:21:48.916 [WARN]: User not logged in, using guest access.
(VSCode) 2024-11-16 02:21:48.919 [INFO]: Completion request errored (3.52ms)
(VSCode) 2024-11-16 02:21:48.919 [ERROR]: [invalid_argument] validation error:
 - metadata.api_key: value length must be at least 1 characters [string.min_len]: validation error:
 - metadata.api_key: value length must be at least 1 characters [string.min_len]
(VSCode) 2024-11-16 02:22:00.362 [WARN]: User not logged in, using guest access.
(VSCode) 2024-11-16 02:22:00.364 [INFO]: Completion request errored (2.08ms)
(VSCode) 2024-11-16 02:22:00.364 [ERROR]: [invalid_argument] validation error:
 - metadata.api_key: value length must be at least 1 characters [string.min_len]: validation error:
 - metadata.api_key: value length must be at least 1 characters [string.min_len]
(VSCode) 2024-11-16 02:22:01.059 [WARN]: User not logged in, using guest access.
(VSCode) 2024-11-16 02:22:01.061 [INFO]: Completion request errored (2.29ms)
(VSCode) 2024-11-16 02:22:01.061 [ERROR]: [invalid_argument] validation error:
 - metadata.api_key: value length must be at least 1 characters [string.min_len]: validation error:
 - metadata.api_key: value length must be at least 1 characters [string.min_len]
(VSCode) 2024-11-16 02:22:01.134 [WARN]: User not logged in, using guest access.
(VSCode) 2024-11-16 02:22:01.141 [INFO]: Completion request errored (7.12ms)
(VSCode) 2024-11-16 02:22:01.141 [ERROR]: [invalid_argument] validation error:
 - metadata.api_key: value length must be at least 1 characters [string.min_len]: validation error:
 - metadata.api_key: value length must be at least 1 characters [string.min_len]
(VSCode) 2024-11-16 02:22:02.376 [WARN]: User not logged in, using guest access.
(VSCode) 2024-11-16 02:22:02.380 [INFO]: Completion request errored (3.28ms)
(VSCode) 2024-11-16 02:22:02.380 [ERROR]: [invalid_argument] validation error:
 - metadata.api_key: value length must be at least 1 characters [string.min_len]: validation error:
 - metadata.api_key: value length must be at least 1 characters [string.min_len]
(VSCode) 2024-11-16 02:22:03.199 [WARN]: User not logged in, using guest access.
(VSCode) 2024-11-16 02:22:03.202 [INFO]: Completion request errored (2.66ms)
(VSCode) 2024-11-16 02:22:03.202 [ERROR]: [invalid_argument] validation error:
 - metadata.api_key: value length must be at least 1 characters [string.min_len]: validation error:
 - metadata.api_key: value length must be at least 1 characters [string.min_len]
(VSCode) 2024-11-16 02:22:03.785 [WARN]: User not logged in, using guest access.
(VSCode) 2024-11-16 02:22:03.788 [INFO]: Completion request errored (3ms)
(VSCode) 2024-11-16 02:22:03.788 [ERROR]: [invalid_argument] validation error:
 - metadata.api_key: value length must be at least 1 characters [string.min_len]: validation error:
 - metadata.api_key: value length must be at least 1 characters [string.min_len]
(VSCode) 2024-11-16 02:22:04.195 [WARN]: User not logged in, using guest access.
(VSCode) 2024-11-16 02:22:04.203 [INFO]: Completion request errored (7.29ms)
(VSCode) 2024-11-16 02:22:04.203 [ERROR]: [invalid_argument] validation error:
 - metadata.api_key: value length must be at least 1 characters [string.min_len]: validation error:
 - metadata.api_key: value length must be at least 1 characters [string.min_len]
(VSCode) 2024-11-16 02:22:04.386 [WARN]: User not logged in, using guest access.
(VSCode) 2024-11-16 02:22:04.391 [INFO]: Completion request errored (6.04ms)
(VSCode) 2024-11-16 02:22:04.392 [ERROR]: [invalid_argument] validation error:
 - metadata.api_key: value length must be at least 1 characters [string.min_len]: validation error:
 - metadata.api_key: value length must be at least 1 characters [string.min_len]
(VSCode) 2024-11-16 02:22:04.518 [WARN]: User not logged in, using guest access.
(VSCode) 2024-11-16 02:22:04.526 [INFO]: Completion request errored (7.31ms)
(VSCode) 2024-11-16 02:22:04.526 [ERROR]: [invalid_argument] validation error:
 - metadata.api_key: value length must be at least 1 characters [string.min_len]: validation error:
 - metadata.api_key: value length must be at least 1 characters [string.min_len]
(VSCode) 2024-11-16 02:22:04.623 [WARN]: User not logged in, using guest access.
(VSCode) 2024-11-16 02:22:04.630 [INFO]: Completion request errored (7.41ms)
(VSCode) 2024-11-16 02:22:04.630 [ERROR]: [invalid_argument] validation error:
 - metadata.api_key: value length must be at least 1 characters [string.min_len]: validation error:
 - metadata.api_key: value length must be at least 1 characters [string.min_len]
(VSCode) 2024-11-16 02:22:04.825 [WARN]: User not logged in, using guest access.
(VSCode) 2024-11-16 02:22:04.833 [INFO]: Completion request errored (7.32ms)
(VSCode) 2024-11-16 02:22:04.833 [ERROR]: [invalid_argument] validation error:
 - metadata.api_key: value length must be at least 1 characters [string.min_len]: validation error:
 - metadata.api_key: value length must be at least 1 characters [string.min_len]
(VSCode) 2024-11-16 02:22:05.600 [WARN]: User not logged in, using guest access.
(VSCode) 2024-11-16 02:22:05.605 [INFO]: Completion request errored (5.56ms)
(VSCode) 2024-11-16 02:22:05.605 [ERROR]: [invalid_argument] validation error:
 - metadata.api_key: value length must be at least 1 characters [string.min_len]: validation error:
 - metadata.api_key: value length must be at least 1 characters [string.min_len]
(VSCode) 2024-11-16 02:22:05.709 [WARN]: User not logged in, using guest access.
(VSCode) 2024-11-16 02:22:05.716 [INFO]: Completion request errored (7.32ms)
(VSCode) 2024-11-16 02:22:05.716 [ERROR]: [invalid_argument] validation error:
 - metadata.api_key: value length must be at least 1 characters [string.min_len]: validation error:
 - metadata.api_key: value length must be at least 1 characters [string.min_len]
(VSCode) 2024-11-16 02:22:06.211 [WARN]: User not logged in, using guest access.
(VSCode) 2024-11-16 02:22:06.217 [INFO]: Completion request errored (4.96ms)
(VSCode) 2024-11-16 02:22:06.217 [ERROR]: [invalid_argument] validation error:
 - metadata.api_key: value length must be at least 1 characters [string.min_len]: validation error:
 - metadata.api_key: value length must be at least 1 characters [string.min_len]
(VSCode) 2024-11-16 02:22:06.403 [WARN]: User not logged in, using guest access.
(VSCode) 2024-11-16 02:22:06.407 [INFO]: Completion request errored (4.66ms)
(VSCode) 2024-11-16 02:22:06.407 [ERROR]: [invalid_argument] validation error:
 - metadata.api_key: value length must be at least 1 characters [string.min_len]: validation error:
 - metadata.api_key: value length must be at least 1 characters [string.min_len]
(VSCode) 2024-11-16 02:22:06.578 [WARN]: User not logged in, using guest access.
(VSCode) 2024-11-16 02:22:06.582 [INFO]: Completion request errored (3.44ms)
(VSCode) 2024-11-16 02:22:06.582 [ERROR]: [invalid_argument] validation error:
 - metadata.api_key: value length must be at least 1 characters [string.min_len]: validation error:
 - metadata.api_key: value length must be at least 1 characters [string.min_len]
(VSCode) 2024-11-16 02:22:06.817 [WARN]: User not logged in, using guest access.
(VSCode) 2024-11-16 02:22:06.824 [INFO]: Completion request errored (7.03ms)
(VSCode) 2024-11-16 02:22:06.825 [ERROR]: [invalid_argument] validation error:
 - metadata.api_key: value length must be at least 1 characters [string.min_len]: validation error:
 - metadata.api_key: value length must be at least 1 characters [string.min_len]
(VSCode) 2024-11-16 02:22:07.601 [WARN]: User not logged in, using guest access.
(VSCode) 2024-11-16 02:22:07.603 [INFO]: Completion request errored (2.68ms)
(VSCode) 2024-11-16 02:22:07.604 [ERROR]: [invalid_argument] validation error:
 - metadata.api_key: value length must be at least 1 characters [string.min_len]: validation error:
 - metadata.api_key: value length must be at least 1 characters [string.min_len]
(VSCode) 2024-11-16 02:22:07.795 [WARN]: User not logged in, using guest access.
(VSCode) 2024-11-16 02:22:07.797 [INFO]: Completion request errored (2.37ms)
(VSCode) 2024-11-16 02:22:07.797 [ERROR]: [invalid_argument] validation error:
 - metadata.api_key: value length must be at least 1 characters [string.min_len]: validation error:
 - metadata.api_key: value length must be at least 1 characters [string.min_len]
(VSCode) 2024-11-16 02:22:07.942 [WARN]: User not logged in, using guest access.
(VSCode) 2024-11-16 02:22:07.945 [INFO]: Completion request errored (2.3ms)
(VSCode) 2024-11-16 02:22:07.945 [ERROR]: [invalid_argument] validation error:
 - metadata.api_key: value length must be at least 1 characters [string.min_len]: validation error:
 - metadata.api_key: value length must be at least 1 characters [string.min_len]
(VSCode) 2024-11-16 02:22:08.180 [WARN]: User not logged in, using guest access.
(VSCode) 2024-11-16 02:22:08.187 [INFO]: Completion request errored (7.68ms)
(VSCode) 2024-11-16 02:22:08.188 [ERROR]: [invalid_argument] validation error:
 - metadata.api_key: value length must be at least 1 characters [string.min_len]: validation error:
 - metadata.api_key: value length must be at least 1 characters [string.min_len]
(VSCode) 2024-11-16 02:22:08.357 [WARN]: User not logged in, using guest access.
(VSCode) 2024-11-16 02:22:08.364 [INFO]: Completion request errored (7.11ms)
(VSCode) 2024-11-16 02:22:08.365 [ERROR]: [invalid_argument] validation error:
 - metadata.api_key: value length must be at least 1 characters [string.min_len]: validation error:
 - metadata.api_key: value length must be at least 1 characters [string.min_len]
(VSCode) 2024-11-16 02:22:08.930 [WARN]: User not logged in, using guest access.
(VSCode) 2024-11-16 02:22:08.937 [INFO]: Completion request errored (7.22ms)
(VSCode) 2024-11-16 02:22:08.937 [ERROR]: [invalid_argument] validation error:
 - metadata.api_key: value length must be at least 1 characters [string.min_len]: validation error:
 - metadata.api_key: value length must be at least 1 characters [string.min_len]
(VSCode) 2024-11-16 02:22:09.095 [WARN]: User not logged in, using guest access.
(VSCode) 2024-11-16 02:22:09.098 [INFO]: Completion request errored (2.95ms)
(VSCode) 2024-11-16 02:22:09.098 [ERROR]: [invalid_argument] validation error:
 - metadata.api_key: value length must be at least 1 characters [string.min_len]: validation error:
 - metadata.api_key: value length must be at least 1 characters [string.min_len]
(VSCode) 2024-11-16 02:22:09.168 [WARN]: User not logged in, using guest access.
(VSCode) 2024-11-16 02:22:09.169 [INFO]: Completion request errored (1.88ms)
(VSCode) 2024-11-16 02:22:09.170 [ERROR]: [invalid_argument] validation error:
 - metadata.api_key: value length must be at least 1 characters [string.min_len]: validation error:
 - metadata.api_key: value length must be at least 1 characters [string.min_len]
(VSCode) 2024-11-16 02:22:09.895 [WARN]: User not logged in, using guest access.
(VSCode) 2024-11-16 02:22:09.898 [INFO]: Completion request errored (2.65ms)
(VSCode) 2024-11-16 02:22:09.898 [ERROR]: [invalid_argument] validation error:
 - metadata.api_key: value length must be at least 1 characters [string.min_len]: validation error:
 - metadata.api_key: value length must be at least 1 characters [string.min_len]
(VSCode) 2024-11-16 02:22:10.018 [WARN]: User not logged in, using guest access.
(VSCode) 2024-11-16 02:22:10.024 [INFO]: Completion request errored (5.04ms)
(VSCode) 2024-11-16 02:22:10.024 [ERROR]: [invalid_argument] validation error:
 - metadata.api_key: value length must be at least 1 characters [string.min_len]: validation error:
 - metadata.api_key: value length must be at least 1 characters [string.min_len]
(VSCode) 2024-11-16 02:22:10.439 [WARN]: User not logged in, using guest access.
(VSCode) 2024-11-16 02:22:10.442 [INFO]: Completion request errored (2.92ms)
(VSCode) 2024-11-16 02:22:10.443 [ERROR]: [invalid_argument] validation error:
 - metadata.api_key: value length must be at least 1 characters [string.min_len]: validation error:
 - metadata.api_key: value length must be at least 1 characters [string.min_len]
(VSCode) 2024-11-16 02:22:10.616 [WARN]: User not logged in, using guest access.
(VSCode) 2024-11-16 02:22:10.619 [INFO]: Completion request errored (2.85ms)
(VSCode) 2024-11-16 02:22:10.619 [ERROR]: [invalid_argument] validation error:
 - metadata.api_key: value length must be at least 1 characters [string.min_len]: validation error:
 - metadata.api_key: value length must be at least 1 characters [string.min_len]
(VSCode) 2024-11-16 02:22:10.840 [WARN]: User not logged in, using guest access.
(VSCode) 2024-11-16 02:22:10.847 [INFO]: Completion request errored (7.06ms)
(VSCode) 2024-11-16 02:22:10.848 [ERROR]: [invalid_argument] validation error:
 - metadata.api_key: value length must be at least 1 characters [string.min_len]: validation error:
 - metadata.api_key: value length must be at least 1 characters [string.min_len]
(VSCode) 2024-11-16 02:22:11.784 [WARN]: User not logged in, using guest access.
(VSCode) 2024-11-16 02:22:11.786 [INFO]: Completion request errored (2.43ms)
(VSCode) 2024-11-16 02:22:11.786 [ERROR]: [invalid_argument] validation error:
 - metadata.api_key: value length must be at least 1 characters [string.min_len]: validation error:
 - metadata.api_key: value length must be at least 1 characters [string.min_len]
(VSCode) 2024-11-16 02:22:12.251 [WARN]: User not logged in, using guest access.
(VSCode) 2024-11-16 02:22:12.254 [INFO]: Completion request errored (3.39ms)
(VSCode) 2024-11-16 02:22:12.254 [ERROR]: [invalid_argument] validation error:
 - metadata.api_key: value length must be at least 1 characters [string.min_len]: validation error:
 - metadata.api_key: value length must be at least 1 characters [string.min_len]
(VSCode) 2024-11-16 02:22:17.841 [WARN]: User not logged in, using guest access.
(VSCode) 2024-11-16 02:22:17.843 [INFO]: Completion request errored (2.56ms)
(VSCode) 2024-11-16 02:22:17.843 [ERROR]: [invalid_argument] validation error:
 - metadata.api_key: value length must be at least 1 characters [string.min_len]: validation error:
 - metadata.api_key: value length must be at least 1 characters [string.min_len]
(VSCode) 2024-11-16 02:22:18.481 [WARN]: User not logged in, using guest access.
(VSCode) 2024-11-16 02:22:18.484 [INFO]: Completion request errored (2.65ms)
(VSCode) 2024-11-16 02:22:18.484 [ERROR]: [invalid_argument] validation error:
 - metadata.api_key: value length must be at least 1 characters [string.min_len]: validation error:
 - metadata.api_key: value length must be at least 1 characters [string.min_len]
(VSCode) 2024-11-16 02:22:22.709 [WARN]: User not logged in, using guest access.
(VSCode) 2024-11-16 02:22:22.712 [INFO]: Completion request errored (2.84ms)
(VSCode) 2024-11-16 02:22:22.712 [ERROR]: [invalid_argument] validation error:
 - metadata.api_key: value length must be at least 1 characters [string.min_len]: validation error:
 - metadata.api_key: value length must be at least 1 characters [string.min_len]
(VSCode) 2024-11-16 02:22:25.745 [WARN]: User not logged in, using guest access.
(VSCode) 2024-11-16 02:22:25.748 [INFO]: Completion request errored (2.3ms)
(VSCode) 2024-11-16 02:22:25.748 [ERROR]: [invalid_argument] validation error:
 - metadata.api_key: value length must be at least 1 characters [string.min_len]: validation error:
 - metadata.api_key: value length must be at least 1 characters [string.min_len]
(VSCode) 2024-11-16 02:22:27.442 [WARN]: User not logged in, using guest access.
(VSCode) 2024-11-16 02:22:27.447 [INFO]: Completion request errored (5.4ms)
(VSCode) 2024-11-16 02:22:27.447 [ERROR]: [invalid_argument] validation error:
 - metadata.api_key: value length must be at least 1 characters [string.min_len]: validation error:
 - metadata.api_key: value length must be at least 1 characters [string.min_len]
(VSCode) 2024-11-16 02:22:27.685 [WARN]: User not logged in, using guest access.
(VSCode) 2024-11-16 02:22:27.688 [INFO]: Completion request errored (3.35ms)
(VSCode) 2024-11-16 02:22:27.688 [ERROR]: [invalid_argument] validation error:
 - metadata.api_key: value length must be at least 1 characters [string.min_len]: validation error:
 - metadata.api_key: value length must be at least 1 characters [string.min_len]
(VSCode) 2024-11-16 02:22:28.190 [WARN]: User not logged in, using guest access.
(VSCode) 2024-11-16 02:22:28.194 [INFO]: Completion request errored (4.1ms)
(VSCode) 2024-11-16 02:22:28.194 [ERROR]: [invalid_argument] validation error:
 - metadata.api_key: value length must be at least 1 characters [string.min_len]: validation error:
 - metadata.api_key: value length must be at least 1 characters [string.min_len]
(VSCode) 2024-11-16 02:22:28.342 [WARN]: User not logged in, using guest access.
(VSCode) 2024-11-16 02:22:28.349 [INFO]: Completion request errored (7.08ms)
(VSCode) 2024-11-16 02:22:28.350 [ERROR]: [invalid_argument] validation error:
 - metadata.api_key: value length must be at least 1 characters [string.min_len]: validation error:
 - metadata.api_key: value length must be at least 1 characters [string.min_len]
(VSCode) 2024-11-16 02:22:28.505 [WARN]: User not logged in, using guest access.
(VSCode) 2024-11-16 02:22:28.508 [INFO]: Completion request errored (3.01ms)
(VSCode) 2024-11-16 02:22:28.508 [ERROR]: [invalid_argument] validation error:
 - metadata.api_key: value length must be at least 1 characters [string.min_len]: validation error:
 - metadata.api_key: value length must be at least 1 characters [string.min_len]
(VSCode) 2024-11-16 02:22:28.669 [WARN]: User not logged in, using guest access.
(VSCode) 2024-11-16 02:22:28.671 [INFO]: Completion request errored (2.19ms)
(VSCode) 2024-11-16 02:22:28.671 [ERROR]: [invalid_argument] validation error:
 - metadata.api_key: value length must be at least 1 characters [string.min_len]: validation error:
 - metadata.api_key: value length must be at least 1 characters [string.min_len]
(VSCode) 2024-11-16 02:22:28.819 [WARN]: User not logged in, using guest access.
(VSCode) 2024-11-16 02:22:28.821 [INFO]: Completion request errored (2.84ms)
(VSCode) 2024-11-16 02:22:28.822 [ERROR]: [invalid_argument] validation error:
 - metadata.api_key: value length must be at least 1 characters [string.min_len]: validation error:
 - metadata.api_key: value length must be at least 1 characters [string.min_len]
(VSCode) 2024-11-16 02:22:28.979 [WARN]: User not logged in, using guest access.
(VSCode) 2024-11-16 02:22:28.986 [INFO]: Completion request errored (7.02ms)
(VSCode) 2024-11-16 02:22:28.986 [ERROR]: [invalid_argument] validation error:
 - metadata.api_key: value length must be at least 1 characters [string.min_len]: validation error:
 - metadata.api_key: value length must be at least 1 characters [string.min_len]
(VSCode) 2024-11-16 02:22:29.349 [WARN]: User not logged in, using guest access.
(VSCode) 2024-11-16 02:22:29.356 [INFO]: Completion request errored (7.02ms)
(VSCode) 2024-11-16 02:22:29.356 [ERROR]: [invalid_argument] validation error:
 - metadata.api_key: value length must be at least 1 characters [string.min_len]: validation error:
 - metadata.api_key: value length must be at least 1 characters [string.min_len]
(VSCode) 2024-11-16 02:22:30.140 [WARN]: User not logged in, using guest access.
(VSCode) 2024-11-16 02:22:30.147 [INFO]: Completion request errored (7.09ms)
(VSCode) 2024-11-16 02:22:30.147 [ERROR]: [invalid_argument] validation error:
 - metadata.api_key: value length must be at least 1 characters [string.min_len]: validation error:
 - metadata.api_key: value length must be at least 1 characters [string.min_len]
(VSCode) 2024-11-16 02:22:30.436 [WARN]: User not logged in, using guest access.
(VSCode) 2024-11-16 02:22:30.443 [INFO]: Completion request errored (7.3ms)
(VSCode) 2024-11-16 02:22:30.444 [ERROR]: [invalid_argument] validation error:
 - metadata.api_key: value length must be at least 1 characters [string.min_len]: validation error:
 - metadata.api_key: value length must be at least 1 characters [string.min_len]
(VSCode) 2024-11-16 02:22:32.324 [WARN]: User not logged in, using guest access.
(VSCode) 2024-11-16 02:22:32.329 [INFO]: Completion request errored (5.75ms)
(VSCode) 2024-11-16 02:22:32.330 [ERROR]: [invalid_argument] validation error:
 - metadata.api_key: value length must be at least 1 characters [string.min_len]: validation error:
 - metadata.api_key: value length must be at least 1 characters [string.min_len]
(VSCode) 2024-11-16 02:22:32.384 [WARN]: User not logged in, using guest access.
(VSCode) 2024-11-16 02:22:32.391 [INFO]: Completion request errored (7.1ms)
(VSCode) 2024-11-16 02:22:32.392 [ERROR]: [invalid_argument] validation error:
 - metadata.api_key: value length must be at least 1 characters [string.min_len]: validation error:
 - metadata.api_key: value length must be at least 1 characters [string.min_len]
(VSCode) 2024-11-16 02:22:32.971 [WARN]: User not logged in, using guest access.
(VSCode) 2024-11-16 02:22:32.976 [INFO]: Completion request errored (5.43ms)
(VSCode) 2024-11-16 02:22:32.976 [ERROR]: [invalid_argument] validation error:
 - metadata.api_key: value length must be at least 1 characters [string.min_len]: validation error:
 - metadata.api_key: value length must be at least 1 characters [string.min_len]
(VSCode) 2024-11-16 02:22:33.119 [WARN]: User not logged in, using guest access.
(VSCode) 2024-11-16 02:22:33.126 [INFO]: Completion request errored (6.61ms)
(VSCode) 2024-11-16 02:22:33.126 [ERROR]: [invalid_argument] validation error:
 - metadata.api_key: value length must be at least 1 characters [string.min_len]: validation error:
 - metadata.api_key: value length must be at least 1 characters [string.min_len]
(VSCode) 2024-11-16 02:22:33.599 [WARN]: User not logged in, using guest access.
(VSCode) 2024-11-16 02:22:33.602 [INFO]: Completion request errored (3.34ms)
(VSCode) 2024-11-16 02:22:33.602 [ERROR]: [invalid_argument] validation error:
 - metadata.api_key: value length must be at least 1 characters [string.min_len]: validation error:
 - metadata.api_key: value length must be at least 1 characters [string.min_len]
(VSCode) 2024-11-16 02:22:33.663 [WARN]: User not logged in, using guest access.
(VSCode) 2024-11-16 02:22:33.670 [INFO]: Completion request errored (7.14ms)
(VSCode) 2024-11-16 02:22:33.671 [ERROR]: [invalid_argument] validation error:
 - metadata.api_key: value length must be at least 1 characters [string.min_len]: validation error:
 - metadata.api_key: value length must be at least 1 characters [string.min_len]
(VSCode) 2024-11-16 02:22:41.734 [WARN]: User not logged in, using guest access.
(VSCode) 2024-11-16 02:22:41.735 [INFO]: Completion request errored (1.91ms)
(VSCode) 2024-11-16 02:22:41.735 [ERROR]: [invalid_argument] validation error:
 - metadata.api_key: value length must be at least 1 characters [string.min_len]: validation error:
 - metadata.api_key: value length must be at least 1 characters [string.min_len]
(VSCode) 2024-11-16 02:22:43.490 [WARN]: User not logged in, using guest access.
(VSCode) 2024-11-16 02:22:43.497 [INFO]: Completion request errored (7.06ms)
(VSCode) 2024-11-16 02:22:43.497 [ERROR]: [invalid_argument] validation error:
 - metadata.api_key: value length must be at least 1 characters [string.min_len]: validation error:
 - metadata.api_key: value length must be at least 1 characters [string.min_len]
(VSCode) 2024-11-16 02:22:47.449 [WARN]: User not logged in, using guest access.
(VSCode) 2024-11-16 02:22:47.451 [INFO]: Completion request errored (2.93ms)
(VSCode) 2024-11-16 02:22:47.452 [ERROR]: [invalid_argument] validation error:
 - metadata.api_key: value length must be at least 1 characters [string.min_len]: validation error:
 - metadata.api_key: value length must be at least 1 characters [string.min_len]
(VSCode) 2024-11-16 02:22:47.774 [WARN]: User not logged in, using guest access.
(VSCode) 2024-11-16 02:22:47.777 [INFO]: Completion request errored (2.66ms)
(VSCode) 2024-11-16 02:22:47.777 [ERROR]: [invalid_argument] validation error:
 - metadata.api_key: value length must be at least 1 characters [string.min_len]: validation error:
 - metadata.api_key: value length must be at least 1 characters [string.min_len]
(VSCode) 2024-11-16 02:22:48.492 [WARN]: User not logged in, using guest access.
(VSCode) 2024-11-16 02:22:48.495 [INFO]: Completion request errored (2.56ms)
(VSCode) 2024-11-16 02:22:48.495 [ERROR]: [invalid_argument] validation error:
 - metadata.api_key: value length must be at least 1 characters [string.min_len]: validation error:
 - metadata.api_key: value length must be at least 1 characters [string.min_len]
(VSCode) 2024-11-16 02:27:39.907 [WARN]: User not logged in, using guest access.
(VSCode) 2024-11-16 02:27:39.910 [INFO]: Completion request errored (3.02ms)
(VSCode) 2024-11-16 02:27:39.910 [ERROR]: [invalid_argument] validation error:
 - metadata.api_key: value length must be at least 1 characters [string.min_len]: validation error:
 - metadata.api_key: value length must be at least 1 characters [string.min_len]
(VSCode) 2024-11-16 02:27:40.098 [WARN]: User not logged in, using guest access.
(VSCode) 2024-11-16 02:27:40.101 [INFO]: Completion request errored (3.06ms)
(VSCode) 2024-11-16 02:27:40.101 [ERROR]: [invalid_argument] validation error:
 - metadata.api_key: value length must be at least 1 characters [string.min_len]: validation error:
 - metadata.api_key: value length must be at least 1 characters [string.min_len]
(VSCode) 2024-11-16 02:27:40.259 [WARN]: User not logged in, using guest access.
(VSCode) 2024-11-16 02:27:40.262 [INFO]: Completion request errored (2.82ms)
(VSCode) 2024-11-16 02:27:40.262 [ERROR]: [invalid_argument] validation error:
 - metadata.api_key: value length must be at least 1 characters [string.min_len]: validation error:
 - metadata.api_key: value length must be at least 1 characters [string.min_len]
(VSCode) 2024-11-16 02:27:40.424 [WARN]: User not logged in, using guest access.
(VSCode) 2024-11-16 02:27:40.431 [INFO]: Completion request errored (7.14ms)
(VSCode) 2024-11-16 02:27:40.432 [ERROR]: [invalid_argument] validation error:
 - metadata.api_key: value length must be at least 1 characters [string.min_len]: validation error:
 - metadata.api_key: value length must be at least 1 characters [string.min_len]
(VSCode) 2024-11-16 02:27:40.580 [WARN]: User not logged in, using guest access.
(VSCode) 2024-11-16 02:27:40.582 [INFO]: Completion request errored (2.22ms)
(VSCode) 2024-11-16 02:27:40.582 [ERROR]: [invalid_argument] validation error:
 - metadata.api_key: value length must be at least 1 characters [string.min_len]: validation error:
 - metadata.api_key: value length must be at least 1 characters [string.min_len]
(VSCode) 2024-11-16 02:27:40.725 [WARN]: User not logged in, using guest access.
(VSCode) 2024-11-16 02:27:40.732 [INFO]: Completion request errored (7.15ms)
(VSCode) 2024-11-16 02:27:40.733 [ERROR]: [invalid_argument] validation error:
 - metadata.api_key: value length must be at least 1 characters [string.min_len]: validation error:
 - metadata.api_key: value length must be at least 1 characters [string.min_len]
(VSCode) 2024-11-16 02:27:41.051 [WARN]: User not logged in, using guest access.
(VSCode) 2024-11-16 02:27:41.058 [INFO]: Completion request errored (6.99ms)
(VSCode) 2024-11-16 02:27:41.059 [ERROR]: [invalid_argument] validation error:
 - metadata.api_key: value length must be at least 1 characters [string.min_len]: validation error:
 - metadata.api_key: value length must be at least 1 characters [string.min_len]
(VSCode) 2024-11-16 02:27:41.349 [WARN]: User not logged in, using guest access.
(VSCode) 2024-11-16 02:27:41.351 [INFO]: Completion request errored (2.28ms)
(VSCode) 2024-11-16 02:27:41.351 [ERROR]: [invalid_argument] validation error:
 - metadata.api_key: value length must be at least 1 characters [string.min_len]: validation error:
 - metadata.api_key: value length must be at least 1 characters [string.min_len]
(VSCode) 2024-11-16 02:27:41.492 [WARN]: User not logged in, using guest access.
(VSCode) 2024-11-16 02:27:41.495 [INFO]: Completion request errored (3.26ms)
(VSCode) 2024-11-16 02:27:41.495 [ERROR]: [invalid_argument] validation error:
 - metadata.api_key: value length must be at least 1 characters [string.min_len]: validation error:
 - metadata.api_key: value length must be at least 1 characters [string.min_len]
(VSCode) 2024-11-16 02:27:41.701 [WARN]: User not logged in, using guest access.
(VSCode) 2024-11-16 02:27:41.705 [INFO]: Completion request errored (3.93ms)
(VSCode) 2024-11-16 02:27:41.705 [ERROR]: [invalid_argument] validation error:
 - metadata.api_key: value length must be at least 1 characters [string.min_len]: validation error:
 - metadata.api_key: value length must be at least 1 characters [string.min_len]
(VSCode) 2024-11-16 02:27:42.121 [WARN]: User not logged in, using guest access.
(VSCode) 2024-11-16 02:27:42.128 [INFO]: Completion request errored (7.24ms)
(VSCode) 2024-11-16 02:27:42.128 [ERROR]: [invalid_argument] validation error:
 - metadata.api_key: value length must be at least 1 characters [string.min_len]: validation error:
 - metadata.api_key: value length must be at least 1 characters [string.min_len]
(VSCode) 2024-11-16 02:27:42.467 [WARN]: User not logged in, using guest access.
(VSCode) 2024-11-16 02:27:42.475 [INFO]: Completion request errored (7.43ms)
(VSCode) 2024-11-16 02:27:42.475 [ERROR]: [invalid_argument] validation error:
 - metadata.api_key: value length must be at least 1 characters [string.min_len]: validation error:
 - metadata.api_key: value length must be at least 1 characters [string.min_len]
(VSCode) 2024-11-16 02:27:42.627 [WARN]: User not logged in, using guest access.
(VSCode) 2024-11-16 02:27:42.634 [INFO]: Completion request errored (7.2ms)
(VSCode) 2024-11-16 02:27:42.635 [ERROR]: [invalid_argument] validation error:
 - metadata.api_key: value length must be at least 1 characters [string.min_len]: validation error:
 - metadata.api_key: value length must be at least 1 characters [string.min_len]
(VSCode) 2024-11-16 02:27:42.798 [WARN]: User not logged in, using guest access.
(VSCode) 2024-11-16 02:27:42.800 [INFO]: Completion request errored (2.32ms)
(VSCode) 2024-11-16 02:27:42.800 [ERROR]: [invalid_argument] validation error:
 - metadata.api_key: value length must be at least 1 characters [string.min_len]: validation error:
 - metadata.api_key: value length must be at least 1 characters [string.min_len]
(VSCode) 2024-11-16 02:27:44.173 [WARN]: User not logged in, using guest access.
(VSCode) 2024-11-16 02:27:44.180 [INFO]: Completion request errored (7.06ms)
(VSCode) 2024-11-16 02:27:44.181 [ERROR]: [invalid_argument] validation error:
 - metadata.api_key: value length must be at least 1 characters [string.min_len]: validation error:
 - metadata.api_key: value length must be at least 1 characters [string.min_len]
(VSCode) 2024-11-16 02:27:44.549 [WARN]: User not logged in, using guest access.
(VSCode) 2024-11-16 02:27:44.557 [INFO]: Completion request errored (7.19ms)
(VSCode) 2024-11-16 02:27:44.557 [ERROR]: [invalid_argument] validation error:
 - metadata.api_key: value length must be at least 1 characters [string.min_len]: validation error:
 - metadata.api_key: value length must be at least 1 characters [string.min_len]
(VSCode) 2024-11-16 02:27:45.152 [WARN]: User not logged in, using guest access.
(VSCode) 2024-11-16 02:27:45.159 [INFO]: Completion request errored (7.09ms)
(VSCode) 2024-11-16 02:27:45.160 [ERROR]: [invalid_argument] validation error:
 - metadata.api_key: value length must be at least 1 characters [string.min_len]: validation error:
 - metadata.api_key: value length must be at least 1 characters [string.min_len]
(VSCode) 2024-11-16 02:28:35.665 [WARN]: User not logged in, using guest access.
(VSCode) 2024-11-16 02:28:35.672 [INFO]: Completion request errored (7.28ms)
(VSCode) 2024-11-16 02:28:35.673 [ERROR]: [invalid_argument] validation error:
 - metadata.api_key: value length must be at least 1 characters [string.min_len]: validation error:
 - metadata.api_key: value length must be at least 1 characters [string.min_len]
