2024/11/16 02:33:07 maxprocs: Leaving GOMAXPROCS=8: CPU quota undefined
I1116 02:33:07.769364 19050 main.go:566] Setting GOMAXPROCS to 8
I1116 02:33:07.769414 19050 main.go:776] Starting language server process with pid 19050
I1116 02:33:07.769434 19050 server.go:199] Language server will attempt to listen on host 127.0.0.1
I1116 02:33:07.769510 19050 server.go:206] Language server listening on random port at 36557
I1116 02:33:07.769530 19050 unleash.go:94] Initializing Unleash
I1116 02:33:07.911785 19050 unleash.go:114] Successfully initialized Unleash
I1116 02:33:07.911831 19050 server.go:267] Created extension server client at port 40653
E1116 02:33:07.918806 19050 client_manager.go:275] Metadata is nil when trying to refresh user JWT
I1116 02:33:07.924436 19050 server.go:490] Successfully created API server client
I1116 02:33:07.950162 19050 server.go:505] Successfully initialized tokenizer
I1116 02:33:08.050196 19050 server.go:668] Local search is enabled, will index local files.
I1116 02:33:08.050215 19050 server.go:672] Using 2 indexer workers
I1116 02:33:08.051980 19050 sqlite_faiss_db_client.go:64] Successfully created embedding search database in 1ms
I1116 02:33:08.052192 19050 indexer.go:213] Using 8 embed workers
I1116 02:33:08.052217 19050 search_provider.go:274] Successfully created and started indexer
I1116 02:33:08.052237 19050 search_provider.go:304] Successfully created embedding search provider
I1116 02:33:08.054990 19050 server.go:759] Successfully created completion provider
I1116 02:33:08.058897 19050 server.go:323] LSP listening on random port at 44853
(VSCode) 2024-11-16 02:33:08.069 [INFO]: Language server started
(VSCode) 2024-11-16 02:33:08.119 [INFO]: LS lspClient started successfully
