2024-11-16 02:18:16.341 [info] [main] Log level: Info
2024-11-16 02:18:16.341 [info] [main] Validating found git in: "git"
2024-11-16 02:18:16.341 [info] [main] Using git "2.47.0" from "git"
2024-11-16 02:18:16.341 [info] [Model][doInitialScan] Initial repository scan started
2024-11-16 02:18:16.341 [info] > git rev-parse --show-toplevel [9ms]
2024-11-16 02:18:16.341 [info] > git rev-parse --path-format=relative --show-toplevel [243ms]
2024-11-16 02:18:16.344 [info] > git rev-parse --show-toplevel [5ms]
2024-11-16 02:18:16.350 [info] > git rev-parse --path-format=relative --show-toplevel [1ms]
2024-11-16 02:18:16.359 [info] > git rev-parse --show-toplevel [1ms]
2024-11-16 02:18:16.364 [info] > git rev-parse --path-format=relative --show-toplevel [1ms]
2024-11-16 02:18:16.372 [info] > git rev-parse --show-toplevel [1ms]
2024-11-16 02:18:16.377 [info] > git rev-parse --path-format=relative --show-toplevel [1ms]
2024-11-16 02:18:16.383 [info] > git rev-parse --show-toplevel [1ms]
2024-11-16 02:18:16.389 [info] > git rev-parse --path-format=relative --show-toplevel [2ms]
2024-11-16 02:18:16.397 [info] > git rev-parse --show-toplevel [3ms]
2024-11-16 02:18:16.402 [info] > git rev-parse --path-format=relative --show-toplevel [1ms]
2024-11-16 02:18:16.409 [info] > git rev-parse --show-toplevel [1ms]
2024-11-16 02:18:16.415 [info] > git rev-parse --path-format=relative --show-toplevel [2ms]
2024-11-16 02:18:16.417 [info] [Model][doInitialScan] Initial repository scan completed - repositories (0), closed repositories (0), parent repositories (1), unsafe repositories (0)
2024-11-16 02:18:17.912 [info] > git rev-parse --show-toplevel [1ms]
2024-11-16 02:18:17.917 [info] > git rev-parse --path-format=relative --show-toplevel [2ms]
