2024-11-16 02:12:18.933 [error] Error: write EIO
    at afterWriteDispatched (node:internal/stream_base_commons:161:15)
    at writeGeneric (node:internal/stream_base_commons:152:3)
    at Socket._writeGeneric (node:net:954:11)
    at Socket._write (node:net:966:8)
    at writeOrBuffer (node:internal/streams/writable:570:12)
    at _write (node:internal/streams/writable:499:10)
    at Writable.write (node:internal/streams/writable:508:10)
    at console.value (node:internal/console/constructor:311:16)
    at console.error (node:internal/console/constructor:395:26)
    at s.send (node:electron/js2c/browser_init:2:89052)
    at _.send (node:electron/js2c/browser_init:2:73633)
    at Ba.send (file:///home/spaced/Downloads/Windsurf/resources/app/out/vs/code/electron-main/main.js:72:1328)
    at Ba.sendWhenReady (file:///home/spaced/Downloads/Windsurf/resources/app/out/vs/code/electron-main/main.js:72:1050)
    at tu.sendToFocused (file:///home/spaced/Downloads/Windsurf/resources/app/out/vs/code/electron-main/main.js:72:28678)
    at Du.G (file:///home/spaced/Downloads/Windsurf/resources/app/out/vs/code/electron-main/main.js:81:5065)
    at Sw.a (file:///home/spaced/Downloads/Windsurf/resources/app/out/vs/code/electron-main/main.js:81:2963)
    at Sw.onUnexpectedError (file:///home/spaced/Downloads/Windsurf/resources/app/out/vs/code/electron-main/main.js:7:249)
    at nt (file:///home/spaced/Downloads/Windsurf/resources/app/out/vs/code/electron-main/main.js:7:507)
    at process.<anonymous> (file:///home/spaced/Downloads/Windsurf/resources/app/out/vs/code/electron-main/main.js:81:3011)
    at process.emit (node:events:531:35)
    at process._fatalException (node:internal/process/execution:188:25)
2024-11-16 02:12:18.933 [error] [uncaught exception in main]: Error: write EIO
2024-11-16 02:12:18.933 [error] Error: write EIO
    at afterWriteDispatched (node:internal/stream_base_commons:161:15)
    at writeGeneric (node:internal/stream_base_commons:152:3)
    at Socket._writeGeneric (node:net:954:11)
    at Socket._write (node:net:966:8)
    at writeOrBuffer (node:internal/streams/writable:570:12)
    at _write (node:internal/streams/writable:499:10)
    at Writable.write (node:internal/streams/writable:508:10)
    at console.value (node:internal/console/constructor:311:16)
    at console.error (node:internal/console/constructor:395:26)
    at s.send (node:electron/js2c/browser_init:2:89052)
    at _.send (node:electron/js2c/browser_init:2:73633)
    at Ba.send (file:///home/spaced/Downloads/Windsurf/resources/app/out/vs/code/electron-main/main.js:72:1328)
    at Ba.sendWhenReady (file:///home/spaced/Downloads/Windsurf/resources/app/out/vs/code/electron-main/main.js:72:1050)
    at tu.sendToFocused (file:///home/spaced/Downloads/Windsurf/resources/app/out/vs/code/electron-main/main.js:72:28678)
    at Du.G (file:///home/spaced/Downloads/Windsurf/resources/app/out/vs/code/electron-main/main.js:81:5065)
    at Sw.a (file:///home/spaced/Downloads/Windsurf/resources/app/out/vs/code/electron-main/main.js:81:2963)
    at Sw.onUnexpectedError (file:///home/spaced/Downloads/Windsurf/resources/app/out/vs/code/electron-main/main.js:7:249)
    at nt (file:///home/spaced/Downloads/Windsurf/resources/app/out/vs/code/electron-main/main.js:7:507)
    at process.<anonymous> (file:///home/spaced/Downloads/Windsurf/resources/app/out/vs/code/electron-main/main.js:81:3011)
    at process.emit (node:events:531:35)
    at process._fatalException (node:internal/process/execution:188:25)
2024-11-16 02:12:18.933 [error] [uncaught exception in main]: Error: write EIO
2024-11-16 02:12:18.933 [error] Error: write EIO
    at afterWriteDispatched (node:internal/stream_base_commons:161:15)
    at writeGeneric (node:internal/stream_base_commons:152:3)
    at Socket._writeGeneric (node:net:954:11)
    at Socket._write (node:net:966:8)
    at writeOrBuffer (node:internal/streams/writable:570:12)
    at _write (node:internal/streams/writable:499:10)
    at Writable.write (node:internal/streams/writable:508:10)
    at console.value (node:internal/console/constructor:311:16)
    at console.error (node:internal/console/constructor:395:26)
    at s.send (node:electron/js2c/browser_init:2:89052)
    at _.send (node:electron/js2c/browser_init:2:73633)
    at Ba.send (file:///home/spaced/Downloads/Windsurf/resources/app/out/vs/code/electron-main/main.js:72:1328)
    at Ba.sendWhenReady (file:///home/spaced/Downloads/Windsurf/resources/app/out/vs/code/electron-main/main.js:72:1050)
    at tu.sendToFocused (file:///home/spaced/Downloads/Windsurf/resources/app/out/vs/code/electron-main/main.js:72:28678)
    at Du.G (file:///home/spaced/Downloads/Windsurf/resources/app/out/vs/code/electron-main/main.js:81:5065)
    at Sw.a (file:///home/spaced/Downloads/Windsurf/resources/app/out/vs/code/electron-main/main.js:81:2963)
    at Sw.onUnexpectedError (file:///home/spaced/Downloads/Windsurf/resources/app/out/vs/code/electron-main/main.js:7:249)
    at nt (file:///home/spaced/Downloads/Windsurf/resources/app/out/vs/code/electron-main/main.js:7:507)
    at process.<anonymous> (file:///home/spaced/Downloads/Windsurf/resources/app/out/vs/code/electron-main/main.js:81:3011)
    at process.emit (node:events:531:35)
    at process._fatalException (node:internal/process/execution:188:25)
2024-11-16 02:12:18.933 [error] [uncaught exception in main]: Error: write EIO
2024-11-16 02:12:18.933 [error] Error: write EIO
    at afterWriteDispatched (node:internal/stream_base_commons:161:15)
    at writeGeneric (node:internal/stream_base_commons:152:3)
    at Socket._writeGeneric (node:net:954:11)
    at Socket._write (node:net:966:8)
    at writeOrBuffer (node:internal/streams/writable:570:12)
    at _write (node:internal/streams/writable:499:10)
    at Writable.write (node:internal/streams/writable:508:10)
    at console.value (node:internal/console/constructor:311:16)
    at console.error (node:internal/console/constructor:395:26)
    at s.send (node:electron/js2c/browser_init:2:89052)
    at _.send (node:electron/js2c/browser_init:2:73633)
    at Ba.send (file:///home/spaced/Downloads/Windsurf/resources/app/out/vs/code/electron-main/main.js:72:1328)
    at Ba.sendWhenReady (file:///home/spaced/Downloads/Windsurf/resources/app/out/vs/code/electron-main/main.js:72:1050)
    at tu.sendToFocused (file:///home/spaced/Downloads/Windsurf/resources/app/out/vs/code/electron-main/main.js:72:28678)
    at Du.G (file:///home/spaced/Downloads/Windsurf/resources/app/out/vs/code/electron-main/main.js:81:5065)
    at Sw.a (file:///home/spaced/Downloads/Windsurf/resources/app/out/vs/code/electron-main/main.js:81:2963)
    at Sw.onUnexpectedError (file:///home/spaced/Downloads/Windsurf/resources/app/out/vs/code/electron-main/main.js:7:249)
    at nt (file:///home/spaced/Downloads/Windsurf/resources/app/out/vs/code/electron-main/main.js:7:507)
    at process.<anonymous> (file:///home/spaced/Downloads/Windsurf/resources/app/out/vs/code/electron-main/main.js:81:3011)
    at process.emit (node:events:531:35)
    at process._fatalException (node:internal/process/execution:188:25)
2024-11-16 02:12:18.934 [error] [uncaught exception in main]: Error: write EIO
2024-11-16 02:12:18.934 [error] Error: write EIO
    at afterWriteDispatched (node:internal/stream_base_commons:161:15)
    at writeGeneric (node:internal/stream_base_commons:152:3)
    at Socket._writeGeneric (node:net:954:11)
    at Socket._write (node:net:966:8)
    at writeOrBuffer (node:internal/streams/writable:570:12)
    at _write (node:internal/streams/writable:499:10)
    at Writable.write (node:internal/streams/writable:508:10)
    at console.value (node:internal/console/constructor:311:16)
    at console.error (node:internal/console/constructor:395:26)
    at s.send (node:electron/js2c/browser_init:2:89052)
    at _.send (node:electron/js2c/browser_init:2:73633)
    at Ba.send (file:///home/spaced/Downloads/Windsurf/resources/app/out/vs/code/electron-main/main.js:72:1328)
    at Ba.sendWhenReady (file:///home/spaced/Downloads/Windsurf/resources/app/out/vs/code/electron-main/main.js:72:1050)
    at tu.sendToFocused (file:///home/spaced/Downloads/Windsurf/resources/app/out/vs/code/electron-main/main.js:72:28678)
    at Du.G (file:///home/spaced/Downloads/Windsurf/resources/app/out/vs/code/electron-main/main.js:81:5065)
    at Sw.a (file:///home/spaced/Downloads/Windsurf/resources/app/out/vs/code/electron-main/main.js:81:2963)
    at Sw.onUnexpectedError (file:///home/spaced/Downloads/Windsurf/resources/app/out/vs/code/electron-main/main.js:7:249)
    at nt (file:///home/spaced/Downloads/Windsurf/resources/app/out/vs/code/electron-main/main.js:7:507)
    at process.<anonymous> (file:///home/spaced/Downloads/Windsurf/resources/app/out/vs/code/electron-main/main.js:81:3011)
    at process.emit (node:events:531:35)
    at process._fatalException (node:internal/process/execution:188:25)
2024-11-16 02:12:18.934 [error] [uncaught exception in main]: Error: write EIO
2024-11-16 02:12:18.934 [error] Error: write EIO
    at afterWriteDispatched (node:internal/stream_base_commons:161:15)
    at writeGeneric (node:internal/stream_base_commons:152:3)
    at Socket._writeGeneric (node:net:954:11)
    at Socket._write (node:net:966:8)
    at writeOrBuffer (node:internal/streams/writable:570:12)
    at _write (node:internal/streams/writable:499:10)
    at Writable.write (node:internal/streams/writable:508:10)
    at console.value (node:internal/console/constructor:311:16)
    at console.error (node:internal/console/constructor:395:26)
    at s.send (node:electron/js2c/browser_init:2:89052)
    at _.send (node:electron/js2c/browser_init:2:73633)
    at Ba.send (file:///home/spaced/Downloads/Windsurf/resources/app/out/vs/code/electron-main/main.js:72:1328)
    at Ba.sendWhenReady (file:///home/spaced/Downloads/Windsurf/resources/app/out/vs/code/electron-main/main.js:72:1050)
    at tu.sendToFocused (file:///home/spaced/Downloads/Windsurf/resources/app/out/vs/code/electron-main/main.js:72:28678)
    at Du.G (file:///home/spaced/Downloads/Windsurf/resources/app/out/vs/code/electron-main/main.js:81:5065)
    at Sw.a (file:///home/spaced/Downloads/Windsurf/resources/app/out/vs/code/electron-main/main.js:81:2963)
    at Sw.onUnexpectedError (file:///home/spaced/Downloads/Windsurf/resources/app/out/vs/code/electron-main/main.js:7:249)
    at nt (file:///home/spaced/Downloads/Windsurf/resources/app/out/vs/code/electron-main/main.js:7:507)
    at process.<anonymous> (file:///home/spaced/Downloads/Windsurf/resources/app/out/vs/code/electron-main/main.js:81:3011)
    at process.emit (node:events:531:35)
    at process._fatalException (node:internal/process/execution:188:25)
2024-11-16 02:12:18.934 [error] [uncaught exception in main]: Error: write EIO
2024-11-16 02:12:18.934 [error] Error: write EIO
    at afterWriteDispatched (node:internal/stream_base_commons:161:15)
    at writeGeneric (node:internal/stream_base_commons:152:3)
    at Socket._writeGeneric (node:net:954:11)
    at Socket._write (node:net:966:8)
    at writeOrBuffer (node:internal/streams/writable:570:12)
    at _write (node:internal/streams/writable:499:10)
    at Writable.write (node:internal/streams/writable:508:10)
    at console.value (node:internal/console/constructor:311:16)
    at console.error (node:internal/console/constructor:395:26)
    at s.send (node:electron/js2c/browser_init:2:89052)
    at _.send (node:electron/js2c/browser_init:2:73633)
    at Ba.send (file:///home/spaced/Downloads/Windsurf/resources/app/out/vs/code/electron-main/main.js:72:1328)
    at Ba.sendWhenReady (file:///home/spaced/Downloads/Windsurf/resources/app/out/vs/code/electron-main/main.js:72:1050)
    at tu.sendToFocused (file:///home/spaced/Downloads/Windsurf/resources/app/out/vs/code/electron-main/main.js:72:28678)
    at Du.G (file:///home/spaced/Downloads/Windsurf/resources/app/out/vs/code/electron-main/main.js:81:5065)
    at Sw.a (file:///home/spaced/Downloads/Windsurf/resources/app/out/vs/code/electron-main/main.js:81:2963)
    at Sw.onUnexpectedError (file:///home/spaced/Downloads/Windsurf/resources/app/out/vs/code/electron-main/main.js:7:249)
    at nt (file:///home/spaced/Downloads/Windsurf/resources/app/out/vs/code/electron-main/main.js:7:507)
    at process.<anonymous> (file:///home/spaced/Downloads/Windsurf/resources/app/out/vs/code/electron-main/main.js:81:3011)
    at process.emit (node:events:531:35)
    at process._fatalException (node:internal/process/execution:188:25)
2024-11-16 02:12:18.934 [error] [uncaught exception in main]: Error: write EIO
2024-11-16 02:12:18.934 [error] Error: write EIO
    at afterWriteDispatched (node:internal/stream_base_commons:161:15)
    at writeGeneric (node:internal/stream_base_commons:152:3)
    at Socket._writeGeneric (node:net:954:11)
    at Socket._write (node:net:966:8)
    at writeOrBuffer (node:internal/streams/writable:570:12)
    at _write (node:internal/streams/writable:499:10)
    at Writable.write (node:internal/streams/writable:508:10)
    at console.value (node:internal/console/constructor:311:16)
    at console.error (node:internal/console/constructor:395:26)
    at s.send (node:electron/js2c/browser_init:2:89052)
    at _.send (node:electron/js2c/browser_init:2:73633)
    at Ba.send (file:///home/spaced/Downloads/Windsurf/resources/app/out/vs/code/electron-main/main.js:72:1328)
    at Ba.sendWhenReady (file:///home/spaced/Downloads/Windsurf/resources/app/out/vs/code/electron-main/main.js:72:1050)
    at tu.sendToFocused (file:///home/spaced/Downloads/Windsurf/resources/app/out/vs/code/electron-main/main.js:72:28678)
    at Du.G (file:///home/spaced/Downloads/Windsurf/resources/app/out/vs/code/electron-main/main.js:81:5065)
    at Sw.a (file:///home/spaced/Downloads/Windsurf/resources/app/out/vs/code/electron-main/main.js:81:2963)
    at Sw.onUnexpectedError (file:///home/spaced/Downloads/Windsurf/resources/app/out/vs/code/electron-main/main.js:7:249)
    at nt (file:///home/spaced/Downloads/Windsurf/resources/app/out/vs/code/electron-main/main.js:7:507)
    at process.<anonymous> (file:///home/spaced/Downloads/Windsurf/resources/app/out/vs/code/electron-main/main.js:81:3011)
    at process.emit (node:events:531:35)
    at process._fatalException (node:internal/process/execution:188:25)
2024-11-16 02:12:18.934 [error] [uncaught exception in main]: Error: write EIO
2024-11-16 02:12:18.934 [error] Error: write EIO
    at afterWriteDispatched (node:internal/stream_base_commons:161:15)
    at writeGeneric (node:internal/stream_base_commons:152:3)
    at Socket._writeGeneric (node:net:954:11)
    at Socket._write (node:net:966:8)
    at writeOrBuffer (node:internal/streams/writable:570:12)
    at _write (node:internal/streams/writable:499:10)
    at Writable.write (node:internal/streams/writable:508:10)
    at console.value (node:internal/console/constructor:311:16)
    at console.error (node:internal/console/constructor:395:26)
    at s.send (node:electron/js2c/browser_init:2:89052)
    at _.send (node:electron/js2c/browser_init:2:73633)
    at Ba.send (file:///home/spaced/Downloads/Windsurf/resources/app/out/vs/code/electron-main/main.js:72:1328)
    at Ba.sendWhenReady (file:///home/spaced/Downloads/Windsurf/resources/app/out/vs/code/electron-main/main.js:72:1050)
    at tu.sendToFocused (file:///home/spaced/Downloads/Windsurf/resources/app/out/vs/code/electron-main/main.js:72:28678)
    at Du.G (file:///home/spaced/Downloads/Windsurf/resources/app/out/vs/code/electron-main/main.js:81:5065)
    at Sw.a (file:///home/spaced/Downloads/Windsurf/resources/app/out/vs/code/electron-main/main.js:81:2963)
    at Sw.onUnexpectedError (file:///home/spaced/Downloads/Windsurf/resources/app/out/vs/code/electron-main/main.js:7:249)
    at nt (file:///home/spaced/Downloads/Windsurf/resources/app/out/vs/code/electron-main/main.js:7:507)
    at process.<anonymous> (file:///home/spaced/Downloads/Windsurf/resources/app/out/vs/code/electron-main/main.js:81:3011)
    at process.emit (node:events:531:35)
    at process._fatalException (node:internal/process/execution:188:25)
2024-11-16 02:12:18.934 [error] [uncaught exception in main]: Error: write EIO
2024-11-16 02:12:18.934 [error] Error: write EIO
    at afterWriteDispatched (node:internal/stream_base_commons:161:15)
    at writeGeneric (node:internal/stream_base_commons:152:3)
    at Socket._writeGeneric (node:net:954:11)
    at Socket._write (node:net:966:8)
    at writeOrBuffer (node:internal/streams/writable:570:12)
    at _write (node:internal/streams/writable:499:10)
    at Writable.write (node:internal/streams/writable:508:10)
    at console.value (node:internal/console/constructor:311:16)
    at console.error (node:internal/console/constructor:395:26)
    at s.send (node:electron/js2c/browser_init:2:89052)
    at _.send (node:electron/js2c/browser_init:2:73633)
    at Ba.send (file:///home/spaced/Downloads/Windsurf/resources/app/out/vs/code/electron-main/main.js:72:1328)
    at Ba.sendWhenReady (file:///home/spaced/Downloads/Windsurf/resources/app/out/vs/code/electron-main/main.js:72:1050)
    at tu.sendToFocused (file:///home/spaced/Downloads/Windsurf/resources/app/out/vs/code/electron-main/main.js:72:28678)
    at Du.G (file:///home/spaced/Downloads/Windsurf/resources/app/out/vs/code/electron-main/main.js:81:5065)
    at Sw.a (file:///home/spaced/Downloads/Windsurf/resources/app/out/vs/code/electron-main/main.js:81:2963)
    at Sw.onUnexpectedError (file:///home/spaced/Downloads/Windsurf/resources/app/out/vs/code/electron-main/main.js:7:249)
    at nt (file:///home/spaced/Downloads/Windsurf/resources/app/out/vs/code/electron-main/main.js:7:507)
    at process.<anonymous> (file:///home/spaced/Downloads/Windsurf/resources/app/out/vs/code/electron-main/main.js:81:3011)
    at process.emit (node:events:531:35)
    at process._fatalException (node:internal/process/execution:188:25)
2024-11-16 02:12:18.935 [error] [uncaught exception in main]: Error: write EIO
2024-11-16 02:12:18.935 [error] Error: write EIO
    at afterWriteDispatched (node:internal/stream_base_commons:161:15)
    at writeGeneric (node:internal/stream_base_commons:152:3)
    at Socket._writeGeneric (node:net:954:11)
    at Socket._write (node:net:966:8)
    at writeOrBuffer (node:internal/streams/writable:570:12)
    at _write (node:internal/streams/writable:499:10)
    at Writable.write (node:internal/streams/writable:508:10)
    at console.value (node:internal/console/constructor:311:16)
    at console.error (node:internal/console/constructor:395:26)
    at s.send (node:electron/js2c/browser_init:2:89052)
    at _.send (node:electron/js2c/browser_init:2:73633)
    at Ba.send (file:///home/spaced/Downloads/Windsurf/resources/app/out/vs/code/electron-main/main.js:72:1328)
    at Ba.sendWhenReady (file:///home/spaced/Downloads/Windsurf/resources/app/out/vs/code/electron-main/main.js:72:1050)
    at tu.sendToFocused (file:///home/spaced/Downloads/Windsurf/resources/app/out/vs/code/electron-main/main.js:72:28678)
    at Du.G (file:///home/spaced/Downloads/Windsurf/resources/app/out/vs/code/electron-main/main.js:81:5065)
    at Sw.a (file:///home/spaced/Downloads/Windsurf/resources/app/out/vs/code/electron-main/main.js:81:2963)
    at Sw.onUnexpectedError (file:///home/spaced/Downloads/Windsurf/resources/app/out/vs/code/electron-main/main.js:7:249)
    at nt (file:///home/spaced/Downloads/Windsurf/resources/app/out/vs/code/electron-main/main.js:7:507)
    at process.<anonymous> (file:///home/spaced/Downloads/Windsurf/resources/app/out/vs/code/electron-main/main.js:81:3011)
    at process.emit (node:events:531:35)
    at process._fatalException (node:internal/process/execution:188:25)
2024-11-16 02:12:18.935 [error] [uncaught exception in main]: Error: write EIO
2024-11-16 02:12:18.935 [error] Error: write EIO
    at afterWriteDispatched (node:internal/stream_base_commons:161:15)
    at writeGeneric (node:internal/stream_base_commons:152:3)
    at Socket._writeGeneric (node:net:954:11)
    at Socket._write (node:net:966:8)
    at writeOrBuffer (node:internal/streams/writable:570:12)
    at _write (node:internal/streams/writable:499:10)
    at Writable.write (node:internal/streams/writable:508:10)
    at console.value (node:internal/console/constructor:311:16)
    at console.error (node:internal/console/constructor:395:26)
    at s.send (node:electron/js2c/browser_init:2:89052)
    at _.send (node:electron/js2c/browser_init:2:73633)
    at Ba.send (file:///home/spaced/Downloads/Windsurf/resources/app/out/vs/code/electron-main/main.js:72:1328)
    at Ba.sendWhenReady (file:///home/spaced/Downloads/Windsurf/resources/app/out/vs/code/electron-main/main.js:72:1050)
    at tu.sendToFocused (file:///home/spaced/Downloads/Windsurf/resources/app/out/vs/code/electron-main/main.js:72:28678)
    at Du.G (file:///home/spaced/Downloads/Windsurf/resources/app/out/vs/code/electron-main/main.js:81:5065)
    at Sw.a (file:///home/spaced/Downloads/Windsurf/resources/app/out/vs/code/electron-main/main.js:81:2963)
    at Sw.onUnexpectedError (file:///home/spaced/Downloads/Windsurf/resources/app/out/vs/code/electron-main/main.js:7:249)
    at nt (file:///home/spaced/Downloads/Windsurf/resources/app/out/vs/code/electron-main/main.js:7:507)
    at process.<anonymous> (file:///home/spaced/Downloads/Windsurf/resources/app/out/vs/code/electron-main/main.js:81:3011)
    at process.emit (node:events:531:35)
    at process._fatalException (node:internal/process/execution:188:25)
